[INFO] [launch]: All log files can be found below /tmp/ros2_logs/2026-06-25-21-17-49-796553-IT26000351-179313
[INFO] [launch]: Default logging verbosity is set to INFO
[INFO] [hno_replay_node-1]: process started with pid [179332]
[hno_replay_node-1] [INFO] [1782393470.456988685] [hno_rtabmap_replay]: T_base_cam0_rect:
[hno_replay_node-1] [[ 0.01632106 -0.99980559  0.01106332 -0.02164015]
[hno_replay_node-1]  [ 0.99971009  0.0165134   0.01752279 -0.06467699]
[hno_replay_node-1]  [-0.01770207  0.01077413  0.99978525  0.00981073]
[hno_replay_node-1]  [ 0.          0.          0.          1.        ]]
[hno_replay_node-1] [INFO] [1782393470.457543802] [hno_rtabmap_replay]: T_base_cam1_rect:
[hno_replay_node-1] [[ 0.01632106 -0.99980559  0.01106332 -0.01984356]
[hno_replay_node-1]  [ 0.99971009  0.0165134   0.01752279  0.04536894]
[hno_replay_node-1]  [-0.01770207  0.01077413  0.99978525  0.00786212]
[hno_replay_node-1]  [ 0.          0.          0.          1.        ]]
[hno_replay_node-1] [INFO] [1782393470.457763084] [hno_rtabmap_replay]: baseline_tf 0.110078 baseline_from_P 0.110078
[hno_replay_node-1] [INFO] [1782393470.458555842] [hno_rtabmap_replay]: Replay ready: 2912 stereo frames, 2293 odom poses
[hno_replay_node-1] [WARN] [1782393470.509646746] [hno_rtabmap_replay]: skip frame 1403715273262142976: nearest odom diff ns=2700000000
[hno_replay_node-1] [WARN] [1782393470.559391751] [hno_rtabmap_replay]: skip frame 1403715273312143104: nearest odom diff ns=2649999872
[hno_replay_node-1] [WARN] [1782393470.608901173] [hno_rtabmap_replay]: skip frame 1403715273362142976: nearest odom diff ns=2600000000
[hno_replay_node-1] [WARN] [1782393470.658977617] [hno_rtabmap_replay]: skip frame 1403715273412143104: nearest odom diff ns=2549999872
[hno_replay_node-1] [WARN] [1782393470.708934184] [hno_rtabmap_replay]: skip frame 1403715273462142976: nearest odom diff ns=2500000000
[hno_replay_node-1] [WARN] [1782393486.308927402] [hno_rtabmap_replay]: skip frame 1403715289062142976: nearest odom diff ns=50000128
[hno_replay_node-1] [WARN] [1782393512.658935193] [hno_rtabmap_replay]: skip frame 1403715315412143104: nearest odom diff ns=49999872
[hno_replay_node-1] [WARN] [1782393533.208894829] [hno_rtabmap_replay]: skip frame 1403715335962142976: nearest odom diff ns=49999872
[hno_replay_node-1] [WARN] [1782393560.059022941] [hno_rtabmap_replay]: skip frame 1403715362812143104: nearest odom diff ns=49999872
[hno_replay_node-1] [WARN] [1782393583.259027316] [hno_rtabmap_replay]: skip frame 1403715386012143104: nearest odom diff ns=49999872
[hno_replay_node-1] [WARN] [1782393609.558961592] [hno_rtabmap_replay]: skip frame 1403715412312143104: nearest odom diff ns=49999872
[hno_replay_node-1] [INFO] [1782393616.109242576] [hno_rtabmap_replay]: Replay finished: published=2293 skipped=619
[INFO] [hno_replay_node-1]: process has finished cleanly [pid 179332]
