[INFO] [launch]: All log files can be found below /tmp/ros2_logs/2026-06-25-21-20-19-244102-IT26000351-181544
[INFO] [launch]: Default logging verbosity is set to INFO
[INFO] [stereo_sync-1]: process started with pid [181548]
[INFO] [rtabmap-2]: process started with pid [181550]
[stereo_sync-1] [0m[INFO] [1782393619.655634676] [rtabmap.stereo_sync]: stereo_sync: approx_sync = true[0m
[stereo_sync-1] [0m[INFO] [1782393619.655741439] [rtabmap.stereo_sync]: stereo_sync: approx_sync_max_interval = 0.000000[0m
[stereo_sync-1] [0m[INFO] [1782393619.655758788] [rtabmap.stereo_sync]: stereo_sync: topic_queue_size  = 100[0m
[stereo_sync-1] [0m[INFO] [1782393619.655766522] [rtabmap.stereo_sync]: stereo_sync: sync_queue_size   = 100[0m
[stereo_sync-1] [0m[INFO] [1782393619.655772418] [rtabmap.stereo_sync]: stereo_sync: qos             = 1[0m
[stereo_sync-1] [0m[INFO] [1782393619.655780933] [rtabmap.stereo_sync]: stereo_sync: qos_camera_info = 1[0m
[stereo_sync-1] [0m[INFO] [1782393619.655787028] [rtabmap.stereo_sync]: stereo_sync: compressed_rate = 0.000000[0m
[stereo_sync-1] [0m[INFO] [1782393619.655794527] [rtabmap.stereo_sync]: stereo_sync: image_transport = raw[0m
[stereo_sync-1] [0m[INFO] [1782393619.672425456] [rtabmap.stereo_sync]: 
[stereo_sync-1] stereo_sync subscribed to (approx sync):
[stereo_sync-1]    /cam0/image_rect,
[stereo_sync-1]    /cam1/image_rect,
[stereo_sync-1]    /cam0/camera_info,
[stereo_sync-1]    /cam1/camera_info[0m
[rtabmap-2] [0m[INFO] [1782393619.802988867] [rtabmap.rtabmap]: rtabmap(maps): latch                      = true[0m
[rtabmap-2] [0m[INFO] [1782393619.803530851] [rtabmap.rtabmap]: rtabmap(maps): map_filter_radius          = 0.000000[0m
[rtabmap-2] [0m[INFO] [1782393619.803575751] [rtabmap.rtabmap]: rtabmap(maps): map_filter_angle           = 30.000000[0m
[rtabmap-2] [0m[INFO] [1782393619.803606337] [rtabmap.rtabmap]: rtabmap(maps): map_cleanup                = true[0m
[rtabmap-2] [0m[INFO] [1782393619.803626533] [rtabmap.rtabmap]: rtabmap(maps): map_always_update          = false[0m
[rtabmap-2] [0m[INFO] [1782393619.803645951] [rtabmap.rtabmap]: rtabmap(maps): map_empty_ray_tracing      = true[0m
[rtabmap-2] [0m[INFO] [1782393619.803664140] [rtabmap.rtabmap]: rtabmap(maps): map_cache_loaded_on_init   = true[0m
[rtabmap-2] [0m[INFO] [1782393619.803681422] [rtabmap.rtabmap]: rtabmap(maps): cloud_output_voxelized     = true[0m
[rtabmap-2] [0m[INFO] [1782393619.803698780] [rtabmap.rtabmap]: rtabmap(maps): cloud_subtract_filtering   = false[0m
[rtabmap-2] [0m[INFO] [1782393619.803716917] [rtabmap.rtabmap]: rtabmap(maps): cloud_subtract_filtering_min_neighbors = 2[0m
[rtabmap-2] [0m[INFO] [1782393619.803769910] [rtabmap.rtabmap]: rtabmap(maps): octomap_tree_depth         = 16[0m
[rtabmap-2] [0m[INFO] [1782393619.829646792] [rtabmap.rtabmap]: rtabmap: frame_id      = "base_link"[0m
[rtabmap-2] [0m[INFO] [1782393619.829693361] [rtabmap.rtabmap]: rtabmap: odom_frame_id = "odom"[0m
[rtabmap-2] [0m[INFO] [1782393619.829708626] [rtabmap.rtabmap]: rtabmap: ground_truth_frame_id = "" -> ground_truth_base_frame_id = "base_link"[0m
[rtabmap-2] [0m[INFO] [1782393619.829727549] [rtabmap.rtabmap]: rtabmap: map_frame_id  = "map"[0m
[rtabmap-2] [0m[INFO] [1782393619.829741157] [rtabmap.rtabmap]: rtabmap: log_to_rosout_level  = 4[0m
[rtabmap-2] [0m[INFO] [1782393619.829754108] [rtabmap.rtabmap]: rtabmap: initial_pose  = ""[0m
[rtabmap-2] [0m[INFO] [1782393619.829765921] [rtabmap.rtabmap]: rtabmap: use_action_for_goal  = false[0m
[rtabmap-2] [0m[INFO] [1782393619.829777716] [rtabmap.rtabmap]: rtabmap: tf_delay      = 0.050000[0m
[rtabmap-2] [0m[INFO] [1782393619.829797205] [rtabmap.rtabmap]: rtabmap: tf_tolerance  = 0.100000[0m
[rtabmap-2] [0m[INFO] [1782393619.829811244] [rtabmap.rtabmap]: rtabmap: odom_sensor_sync   = false[0m
[rtabmap-2] [0m[INFO] [1782393619.829823646] [rtabmap.rtabmap]: rtabmap: pub_loc_pose_only_when_localizing = false[0m
[rtabmap-2] [0m[INFO] [1782393619.829836243] [rtabmap.rtabmap]: rtabmap: wait_for_transform = 1.000000[0m
[rtabmap-2] [0m[INFO] [1782393619.829850000] [rtabmap.rtabmap]: rtabmap: staleness_factor = 0.000000[0m
[rtabmap-2] [0m[INFO] [1782393619.829865567] [rtabmap.rtabmap]: rtabmap: gen_scan  = false[0m
[rtabmap-2] [0m[INFO] [1782393619.829878003] [rtabmap.rtabmap]: rtabmap: gen_depth  = false[0m
[rtabmap-2] [0m[INFO] [1782393619.858509727] [rtabmap.rtabmap]: Setting RTAB-Map parameter "Kp/MaxFeatures"="800" (rosparam)[0m
[rtabmap-2] [0m[INFO] [1782393619.859113852] [rtabmap.rtabmap]: Setting RTAB-Map parameter "Mem/IncrementalMemory"="true" (rosparam)[0m
[rtabmap-2] [0m[INFO] [1782393619.859136193] [rtabmap.rtabmap]: Setting RTAB-Map parameter "Mem/InitWMWithAllNodes"="false" (rosparam)[0m
[rtabmap-2] [0m[INFO] [1782393619.860071075] [rtabmap.rtabmap]: Setting RTAB-Map parameter "RGBD/NeighborLinkRefining"="true" (rosparam)[0m
[rtabmap-2] [0m[INFO] [1782393619.860106828] [rtabmap.rtabmap]: Setting RTAB-Map parameter "RGBD/OptimizeFromGraphEnd"="true" (rosparam)[0m
[rtabmap-2] [0m[INFO] [1782393619.860390631] [rtabmap.rtabmap]: Setting RTAB-Map parameter "Reg/Force3DoF"="false" (rosparam)[0m
[rtabmap-2] [0m[INFO] [1782393619.862277463] [rtabmap.rtabmap]: Setting RTAB-Map parameter "Vis/MinInliers"="12" (rosparam)[0m
[rtabmap-2] [0m[INFO] [1782393619.863159097] [rtabmap.rtabmap]: RTAB-Map detection rate = 1.000000 Hz[0m
[rtabmap-2] [0m[INFO] [1782393619.863223255] [rtabmap.rtabmap]: rtabmap: Using database from "/home/sharpa/hno_vio_clean/src/hno_vio/results/run_20260625T120152/offline_results/rtabmap.db" (0 MB).[0m
[rtabmap-2] [0m[INFO] [1782393619.915656105] [rtabmap.rtabmap]: rtabmap: Database version = "0.23.7".[0m
[rtabmap-2] [0m[INFO] [1782393619.915723252] [rtabmap.rtabmap]: rtabmap: SLAM mode (Mem/IncrementalMemory=true)[0m
[rtabmap-2] [0m[INFO] [1782393619.930164476] [rtabmap.rtabmap]: Setup callbacks[0m
[rtabmap-2] [0m[INFO] [1782393619.930269290] [rtabmap.rtabmap]: rtabmap: subscribe_depth = false[0m
[rtabmap-2] [0m[INFO] [1782393619.930277130] [rtabmap.rtabmap]: rtabmap: subscribe_rgb = false[0m
[rtabmap-2] [0m[INFO] [1782393619.930282437] [rtabmap.rtabmap]: rtabmap: subscribe_stereo = false[0m
[rtabmap-2] [0m[INFO] [1782393619.930287262] [rtabmap.rtabmap]: rtabmap: subscribe_rgbd = true (rgbd_cameras=1)[0m
[rtabmap-2] [0m[INFO] [1782393619.930293615] [rtabmap.rtabmap]: rtabmap: subscribe_sensor_data = false[0m
[rtabmap-2] [0m[INFO] [1782393619.930322230] [rtabmap.rtabmap]: rtabmap: subscribe_odom = false ("odom_frame_id" is set)[0m
[rtabmap-2] [0m[INFO] [1782393619.930327398] [rtabmap.rtabmap]: rtabmap: subscribe_odom_info = false[0m
[rtabmap-2] [0m[INFO] [1782393619.930331921] [rtabmap.rtabmap]: rtabmap: subscribe_user_data = false[0m
[rtabmap-2] [0m[INFO] [1782393619.930336304] [rtabmap.rtabmap]: rtabmap: subscribe_scan = false[0m
[rtabmap-2] [0m[INFO] [1782393619.930341043] [rtabmap.rtabmap]: rtabmap: subscribe_scan_cloud = false[0m
[rtabmap-2] [0m[INFO] [1782393619.930345934] [rtabmap.rtabmap]: rtabmap: subscribe_scan_descriptor = false[0m
[rtabmap-2] [0m[INFO] [1782393619.930350424] [rtabmap.rtabmap]: rtabmap: topic_queue_size = 10[0m
[rtabmap-2] [0m[INFO] [1782393619.930355108] [rtabmap.rtabmap]: rtabmap: sync_queue_size  = 10[0m
[rtabmap-2] [0m[INFO] [1782393619.930359463] [rtabmap.rtabmap]: rtabmap: qos_image       = 0[0m
[rtabmap-2] [0m[INFO] [1782393619.930364106] [rtabmap.rtabmap]: rtabmap: qos_camera_info = 0[0m
[rtabmap-2] [0m[INFO] [1782393619.930368496] [rtabmap.rtabmap]: rtabmap: qos_scan        = 0[0m
[rtabmap-2] [0m[INFO] [1782393619.930372752] [rtabmap.rtabmap]: rtabmap: qos_odom        = 0[0m
[rtabmap-2] [0m[INFO] [1782393619.930377041] [rtabmap.rtabmap]: rtabmap: qos_user_data   = 0[0m
[rtabmap-2] [0m[INFO] [1782393619.930381372] [rtabmap.rtabmap]: rtabmap: approx_sync     = true[0m
[rtabmap-2] [0m[INFO] [1782393619.930385835] [rtabmap.rtabmap]: rtabmap: image_transport = raw[0m
[rtabmap-2] [0m[INFO] [1782393619.930390187] [rtabmap.rtabmap]: rtabmap: depth_transport = raw[0m
[rtabmap-2] [0m[INFO] [1782393619.930406300] [rtabmap.rtabmap]: Setup rgbd callback[0m
[rtabmap-2] [0m[INFO] [1782393619.934948816] [rtabmap.rtabmap]: 
[rtabmap-2] rtabmap subscribed to:
[rtabmap-2]    /rtabmap/rgbd_image[0m
[stereo_sync-1] [33m[WARN] [1782393624.675437537] [rtabmap.stereo_sync]: stereo_sync: Did not receive data since 5 seconds! Make sure the input topics are published ("$ rostopic hz my_topic") and the timestamps in their header are set. Ajusting topic_queue_size (100) and sync_queue_size (100) can also help for better synchronization if framerates and/or delays are different.
[stereo_sync-1] stereo_sync subscribed to (approx sync):
[stereo_sync-1]    /cam0/image_rect,
[stereo_sync-1]    /cam1/image_rect,
[stereo_sync-1]    /cam0/camera_info,
[stereo_sync-1]    /cam1/camera_info[0m
[rtabmap-2] [33m[WARN] [1782393624.938496401] [rtabmap.rtabmap]: rtabmap: Did not receive data since 5 seconds! Make sure the input topics are published ("$ ros2 topic hz my_topic") and the timestamps in their header are set. If topics are coming from different computers, make sure the clocks of the computers are synchronized ("ntpdate"). Ajusting topic_queue_size (10) and sync_queue_size (10) can also help for better synchronization if framerates and/or delays are different. If topics are not published at the same rate, you could increase "sync_queue_size" and/or "topic_queue_size" parameters (current=10 and 10 respectively).
[rtabmap-2] rtabmap subscribed to:
[rtabmap-2]    /rtabmap/rgbd_image[0m
[stereo_sync-1] [33m[WARN] [1782393629.675502728] [rtabmap.stereo_sync]: stereo_sync: Did not receive data since 5 seconds! Make sure the input topics are published ("$ rostopic hz my_topic") and the timestamps in their header are set. Ajusting topic_queue_size (100) and sync_queue_size (100) can also help for better synchronization if framerates and/or delays are different.
[stereo_sync-1] stereo_sync subscribed to (approx sync):
[stereo_sync-1]    /cam0/image_rect,
[stereo_sync-1]    /cam1/image_rect,
[stereo_sync-1]    /cam0/camera_info,
[stereo_sync-1]    /cam1/camera_info[0m
[rtabmap-2] [33m[WARN] [1782393629.938419583] [rtabmap.rtabmap]: rtabmap: Did not receive data since 5 seconds! Make sure the input topics are published ("$ ros2 topic hz my_topic") and the timestamps in their header are set. If topics are coming from different computers, make sure the clocks of the computers are synchronized ("ntpdate"). Ajusting topic_queue_size (10) and sync_queue_size (10) can also help for better synchronization if framerates and/or delays are different. If topics are not published at the same rate, you could increase "sync_queue_size" and/or "topic_queue_size" parameters (current=10 and 10 respectively).
[rtabmap-2] rtabmap subscribed to:
[rtabmap-2]    /rtabmap/rgbd_image[0m
[rtabmap-2] [33m[WARN] [1782393633.699988228] [rclcpp]: Failed to get parameters: publish_tf_map[0m
[stereo_sync-1] [33m[WARN] [1782393634.675617745] [rtabmap.stereo_sync]: stereo_sync: Did not receive data since 5 seconds! Make sure the input topics are published ("$ rostopic hz my_topic") and the timestamps in their header are set. Ajusting topic_queue_size (100) and sync_queue_size (100) can also help for better synchronization if framerates and/or delays are different.
[stereo_sync-1] stereo_sync subscribed to (approx sync):
[stereo_sync-1]    /cam0/image_rect,
[stereo_sync-1]    /cam1/image_rect,
[stereo_sync-1]    /cam0/camera_info,
[stereo_sync-1]    /cam1/camera_info[0m
[rtabmap-2] [33m[WARN] [1782393634.938540905] [rtabmap.rtabmap]: rtabmap: Did not receive data since 5 seconds! Make sure the input topics are published ("$ ros2 topic hz my_topic") and the timestamps in their header are set. If topics are coming from different computers, make sure the clocks of the computers are synchronized ("ntpdate"). Ajusting topic_queue_size (10) and sync_queue_size (10) can also help for better synchronization if framerates and/or delays are different. If topics are not published at the same rate, you could increase "sync_queue_size" and/or "topic_queue_size" parameters (current=10 and 10 respectively).
[rtabmap-2] rtabmap subscribed to:
[rtabmap-2]    /rtabmap/rgbd_image[0m
[stereo_sync-1] [33m[WARN] [1782393639.675631296] [rtabmap.stereo_sync]: stereo_sync: Did not receive data since 5 seconds! Make sure the input topics are published ("$ rostopic hz my_topic") and the timestamps in their header are set. Ajusting topic_queue_size (100) and sync_queue_size (100) can also help for better synchronization if framerates and/or delays are different.
[stereo_sync-1] stereo_sync subscribed to (approx sync):
[stereo_sync-1]    /cam0/image_rect,
[stereo_sync-1]    /cam1/image_rect,
[stereo_sync-1]    /cam0/camera_info,
[stereo_sync-1]    /cam1/camera_info[0m
[rtabmap-2] [33m[WARN] [1782393639.938483039] [rtabmap.rtabmap]: rtabmap: Did not receive data since 5 seconds! Make sure the input topics are published ("$ ros2 topic hz my_topic") and the timestamps in their header are set. If topics are coming from different computers, make sure the clocks of the computers are synchronized ("ntpdate"). Ajusting topic_queue_size (10) and sync_queue_size (10) can also help for better synchronization if framerates and/or delays are different. If topics are not published at the same rate, you could increase "sync_queue_size" and/or "topic_queue_size" parameters (current=10 and 10 respectively).
[rtabmap-2] rtabmap subscribed to:
[rtabmap-2]    /rtabmap/rgbd_image[0m
[stereo_sync-1] [33m[WARN] [1782393644.675887918] [rtabmap.stereo_sync]: stereo_sync: Did not receive data since 5 seconds! Make sure the input topics are published ("$ rostopic hz my_topic") and the timestamps in their header are set. Ajusting topic_queue_size (100) and sync_queue_size (100) can also help for better synchronization if framerates and/or delays are different.
[stereo_sync-1] stereo_sync subscribed to (approx sync):
[stereo_sync-1]    /cam0/image_rect,
[stereo_sync-1]    /cam1/image_rect,
[stereo_sync-1]    /cam0/camera_info,
[stereo_sync-1]    /cam1/camera_info[0m
[rtabmap-2] [33m[WARN] [1782393644.938602428] [rtabmap.rtabmap]: rtabmap: Did not receive data since 5 seconds! Make sure the input topics are published ("$ ros2 topic hz my_topic") and the timestamps in their header are set. If topics are coming from different computers, make sure the clocks of the computers are synchronized ("ntpdate"). Ajusting topic_queue_size (10) and sync_queue_size (10) can also help for better synchronization if framerates and/or delays are different. If topics are not published at the same rate, you could increase "sync_queue_size" and/or "topic_queue_size" parameters (current=10 and 10 respectively).
[rtabmap-2] rtabmap subscribed to:
[rtabmap-2]    /rtabmap/rgbd_image[0m
[stereo_sync-1] [33m[WARN] [1782393649.675776473] [rtabmap.stereo_sync]: stereo_sync: Did not receive data since 5 seconds! Make sure the input topics are published ("$ rostopic hz my_topic") and the timestamps in their header are set. Ajusting topic_queue_size (100) and sync_queue_size (100) can also help for better synchronization if framerates and/or delays are different.
[stereo_sync-1] stereo_sync subscribed to (approx sync):
[stereo_sync-1]    /cam0/image_rect,
[stereo_sync-1]    /cam1/image_rect,
[stereo_sync-1]    /cam0/camera_info,
[stereo_sync-1]    /cam1/camera_info[0m
[rtabmap-2] [33m[WARN] [1782393649.938618173] [rtabmap.rtabmap]: rtabmap: Did not receive data since 5 seconds! Make sure the input topics are published ("$ ros2 topic hz my_topic") and the timestamps in their header are set. If topics are coming from different computers, make sure the clocks of the computers are synchronized ("ntpdate"). Ajusting topic_queue_size (10) and sync_queue_size (10) can also help for better synchronization if framerates and/or delays are different. If topics are not published at the same rate, you could increase "sync_queue_size" and/or "topic_queue_size" parameters (current=10 and 10 respectively).
[rtabmap-2] rtabmap subscribed to:
[rtabmap-2]    /rtabmap/rgbd_image[0m
[stereo_sync-1] [33m[WARN] [1782393654.675902657] [rtabmap.stereo_sync]: stereo_sync: Did not receive data since 5 seconds! Make sure the input topics are published ("$ rostopic hz my_topic") and the timestamps in their header are set. Ajusting topic_queue_size (100) and sync_queue_size (100) can also help for better synchronization if framerates and/or delays are different.
[stereo_sync-1] stereo_sync subscribed to (approx sync):
[stereo_sync-1]    /cam0/image_rect,
[stereo_sync-1]    /cam1/image_rect,
[stereo_sync-1]    /cam0/camera_info,
[stereo_sync-1]    /cam1/camera_info[0m
[rtabmap-2] [33m[WARN] [1782393654.938833975] [rtabmap.rtabmap]: rtabmap: Did not receive data since 5 seconds! Make sure the input topics are published ("$ ros2 topic hz my_topic") and the timestamps in their header are set. If topics are coming from different computers, make sure the clocks of the computers are synchronized ("ntpdate"). Ajusting topic_queue_size (10) and sync_queue_size (10) can also help for better synchronization if framerates and/or delays are different. If topics are not published at the same rate, you could increase "sync_queue_size" and/or "topic_queue_size" parameters (current=10 and 10 respectively).
[rtabmap-2] rtabmap subscribed to:
[rtabmap-2]    /rtabmap/rgbd_image[0m
[rtabmap-2] [33m[ WARN] (2026-06-25 21:20:55.350) Features2d.cpp:999::generateKeypoints3D() A large number (567/902) of stereo correspondences are rejected! Optical flow may have failed because images are not calibrated, the background is too far (no disparity between the images), maximum disparity may be too small (128.000000) or that exposure between left and right images is too different.[0m
[rtabmap-2] [0m[INFO] [1782393655.417787240] [rtabmap.rtabmap]: rtabmap (1): Rate=1.00s, Limit=0.000s, Conversion=0.0009s, RTAB-Map=0.0853s, Maps update=0.0001s pub=0.0023s delay=378678379.3056s (local map=1, WM=1)[0m
[rtabmap-2] [33m[ WARN] (2026-06-25 21:20:56.746) Features2d.cpp:999::generateKeypoints3D() A large number (572/906) of stereo correspondences are rejected! Optical flow may have failed because images are not calibrated, the background is too far (no disparity between the images), maximum disparity may be too small (128.000000) or that exposure between left and right images is too different.[0m
[rtabmap-2] [0m[INFO] [1782393656.791090464] [rtabmap.rtabmap]: rtabmap (2): Rate=1.00s, Limit=0.000s, Conversion=0.0012s, RTAB-Map=0.0647s, Maps update=0.0001s pub=0.0013s delay=378678379.2789s (local map=1, WM=1)[0m
[rtabmap-2] [0m[INFO] [1782393657.809453037] [rtabmap.rtabmap]: rtabmap (3): Rate=1.00s, Limit=0.000s, Conversion=0.0008s, RTAB-Map=0.0837s, Maps update=0.0001s pub=0.0012s delay=378678379.2973s (local map=1, WM=1)[0m
[rtabmap-2] [0m[INFO] [1782393658.801721191] [rtabmap.rtabmap]: rtabmap (4): Rate=1.00s, Limit=0.000s, Conversion=0.0005s, RTAB-Map=0.0795s, Maps update=0.0001s pub=0.0012s delay=378678379.2896s (local map=2, WM=2)[0m
[stereo_sync-1] [33m[WARN] [1782393659.676024772] [rtabmap.stereo_sync]: stereo_sync: Did not receive data since 5 seconds! Make sure the input topics are published ("$ rostopic hz my_topic") and the timestamps in their header are set. Ajusting topic_queue_size (100) and sync_queue_size (100) can also help for better synchronization if framerates and/or delays are different.
[stereo_sync-1] stereo_sync subscribed to (approx sync):
[stereo_sync-1]    /cam0/image_rect,
[stereo_sync-1]    /cam1/image_rect,
[stereo_sync-1]    /cam0/camera_info,
[stereo_sync-1]    /cam1/camera_info[0m
[rtabmap-2] [0m[INFO] [1782393659.849111116] [rtabmap.rtabmap]: rtabmap (5): Rate=1.00s, Limit=0.000s, Conversion=0.0008s, RTAB-Map=0.0760s, Maps update=0.0000s pub=0.0012s delay=378678379.2870s (local map=3, WM=3)[0m
[rtabmap-2] [33m[WARN] [1782393659.938874671] [rtabmap.rtabmap]: rtabmap: Did not receive data since 5 seconds! Make sure the input topics are published ("$ ros2 topic hz my_topic") and the timestamps in their header are set. If topics are coming from different computers, make sure the clocks of the computers are synchronized ("ntpdate"). Ajusting topic_queue_size (10) and sync_queue_size (10) can also help for better synchronization if framerates and/or delays are different. If topics are not published at the same rate, you could increase "sync_queue_size" and/or "topic_queue_size" parameters (current=10 and 10 respectively).
[rtabmap-2] rtabmap subscribed to:
[rtabmap-2]    /rtabmap/rgbd_image[0m
[rtabmap-2] [0m[INFO] [1782393660.902447969] [rtabmap.rtabmap]: rtabmap (6): Rate=1.00s, Limit=0.000s, Conversion=0.0005s, RTAB-Map=0.0804s, Maps update=0.0000s pub=0.0012s delay=378678379.2903s (local map=4, WM=4)[0m
[rtabmap-2] [0m[INFO] [1782393662.373750919] [rtabmap.rtabmap]: rtabmap (7): Rate=1.00s, Limit=0.000s, Conversion=0.0004s, RTAB-Map=0.0967s, Maps update=0.0000s pub=0.0012s delay=378678379.3116s (local map=5, WM=5)[0m
[rtabmap-2] [0m[INFO] [1782393663.417431325] [rtabmap.rtabmap]: rtabmap (8): Rate=1.00s, Limit=0.000s, Conversion=0.0010s, RTAB-Map=0.0934s, Maps update=0.0000s pub=0.0013s delay=378678379.3053s (local map=6, WM=6)[0m
[rtabmap-2] [0m[INFO] [1782393664.521915206] [rtabmap.rtabmap]: rtabmap (9): Rate=1.00s, Limit=0.000s, Conversion=0.0009s, RTAB-Map=0.0928s, Maps update=0.0001s pub=0.0012s delay=378678379.3098s (local map=7, WM=7)[0m
[stereo_sync-1] [33m[WARN] [1782393664.676026537] [rtabmap.stereo_sync]: stereo_sync: Did not receive data since 5 seconds! Make sure the input topics are published ("$ rostopic hz my_topic") and the timestamps in their header are set. Ajusting topic_queue_size (100) and sync_queue_size (100) can also help for better synchronization if framerates and/or delays are different.
[stereo_sync-1] stereo_sync subscribed to (approx sync):
[stereo_sync-1]    /cam0/image_rect,
[stereo_sync-1]    /cam1/image_rect,
[stereo_sync-1]    /cam0/camera_info,
[stereo_sync-1]    /cam1/camera_info[0m
[rtabmap-2] [33m[WARN] [1782393664.938969273] [rtabmap.rtabmap]: rtabmap: Did not receive data since 5 seconds! Make sure the input topics are published ("$ ros2 topic hz my_topic") and the timestamps in their header are set. If topics are coming from different computers, make sure the clocks of the computers are synchronized ("ntpdate"). Ajusting topic_queue_size (10) and sync_queue_size (10) can also help for better synchronization if framerates and/or delays are different. If topics are not published at the same rate, you could increase "sync_queue_size" and/or "topic_queue_size" parameters (current=10 and 10 respectively).
[rtabmap-2] rtabmap subscribed to:
[rtabmap-2]    /rtabmap/rgbd_image[0m
[rtabmap-2] [0m[INFO] [1782393665.855457877] [rtabmap.rtabmap]: rtabmap (10): Rate=1.00s, Limit=0.000s, Conversion=0.0006s, RTAB-Map=0.0822s, Maps update=0.0000s pub=0.0012s delay=378678379.2933s (local map=8, WM=8)[0m
[rtabmap-2] [0m[INFO] [1782393666.866799531] [rtabmap.rtabmap]: rtabmap (11): Rate=1.00s, Limit=0.000s, Conversion=0.0003s, RTAB-Map=0.0895s, Maps update=0.0000s pub=0.0012s delay=378678379.3047s (local map=9, WM=9)[0m
[rtabmap-2] [0m[INFO] [1782393668.180444630] [rtabmap.rtabmap]: rtabmap (12): Rate=1.00s, Limit=0.000s, Conversion=0.0004s, RTAB-Map=0.1068s, Maps update=0.0000s pub=0.0012s delay=378678379.3183s (local map=10, WM=10)[0m
[rtabmap-2] [0m[INFO] [1782393669.323663722] [rtabmap.rtabmap]: rtabmap (13): Rate=1.00s, Limit=0.000s, Conversion=0.0003s, RTAB-Map=0.0974s, Maps update=0.0000s pub=0.0012s delay=378678379.3115s (local map=11, WM=11)[0m
[stereo_sync-1] [33m[WARN] [1782393669.675942828] [rtabmap.stereo_sync]: stereo_sync: Did not receive data since 5 seconds! Make sure the input topics are published ("$ rostopic hz my_topic") and the timestamps in their header are set. Ajusting topic_queue_size (100) and sync_queue_size (100) can also help for better synchronization if framerates and/or delays are different.
[stereo_sync-1] stereo_sync subscribed to (approx sync):
[stereo_sync-1]    /cam0/image_rect,
[stereo_sync-1]    /cam1/image_rect,
[stereo_sync-1]    /cam0/camera_info,
[stereo_sync-1]    /cam1/camera_info[0m
[rtabmap-2] [33m[WARN] [1782393669.938991793] [rtabmap.rtabmap]: rtabmap: Did not receive data since 5 seconds! Make sure the input topics are published ("$ ros2 topic hz my_topic") and the timestamps in their header are set. If topics are coming from different computers, make sure the clocks of the computers are synchronized ("ntpdate"). Ajusting topic_queue_size (10) and sync_queue_size (10) can also help for better synchronization if framerates and/or delays are different. If topics are not published at the same rate, you could increase "sync_queue_size" and/or "topic_queue_size" parameters (current=10 and 10 respectively).
[rtabmap-2] rtabmap subscribed to:
[rtabmap-2]    /rtabmap/rgbd_image[0m
[rtabmap-2] [0m[INFO] [1782393670.466475441] [rtabmap.rtabmap]: rtabmap (14): Rate=1.00s, Limit=0.000s, Conversion=0.0005s, RTAB-Map=0.0933s, Maps update=0.0000s pub=0.0012s delay=378678379.3043s (local map=12, WM=12)[0m
[rtabmap-2] [0m[INFO] [1782393671.684927734] [rtabmap.rtabmap]: rtabmap (15): Rate=1.00s, Limit=0.000s, Conversion=0.0009s, RTAB-Map=0.1103s, Maps update=0.0000s pub=0.0012s delay=378678379.3228s (local map=13, WM=13)[0m
[rtabmap-2] [0m[INFO] [1782393672.663627045] [rtabmap.rtabmap]: rtabmap (16): Rate=1.00s, Limit=0.000s, Conversion=0.0004s, RTAB-Map=0.0924s, Maps update=0.0000s pub=0.0012s delay=378678379.3015s (local map=14, WM=14)[0m
[rtabmap-2] [0m[INFO] [1782393673.790318904] [rtabmap.rtabmap]: rtabmap (17): Rate=1.00s, Limit=0.000s, Conversion=0.0008s, RTAB-Map=0.1055s, Maps update=0.0001s pub=0.0012s delay=378678379.3282s (local map=15, WM=15)[0m
[stereo_sync-1] [33m[WARN] [1782393674.676813489] [rtabmap.stereo_sync]: stereo_sync: Did not receive data since 5 seconds! Make sure the input topics are published ("$ rostopic hz my_topic") and the timestamps in their header are set. Ajusting topic_queue_size (100) and sync_queue_size (100) can also help for better synchronization if framerates and/or delays are different.
[stereo_sync-1] stereo_sync subscribed to (approx sync):
[stereo_sync-1]    /cam0/image_rect,
[stereo_sync-1]    /cam1/image_rect,
[stereo_sync-1]    /cam0/camera_info,
[stereo_sync-1]    /cam1/camera_info[0m
[rtabmap-2] [0m[INFO] [1782393674.875829774] [rtabmap.rtabmap]: rtabmap (18): Rate=1.00s, Limit=0.000s, Conversion=0.0004s, RTAB-Map=0.1024s, Maps update=0.0001s pub=0.0012s delay=378678379.3137s (local map=16, WM=16)[0m
[rtabmap-2] [33m[WARN] [1782393674.938915962] [rtabmap.rtabmap]: rtabmap: Did not receive data since 5 seconds! Make sure the input topics are published ("$ ros2 topic hz my_topic") and the timestamps in their header are set. If topics are coming from different computers, make sure the clocks of the computers are synchronized ("ntpdate"). Ajusting topic_queue_size (10) and sync_queue_size (10) can also help for better synchronization if framerates and/or delays are different. If topics are not published at the same rate, you could increase "sync_queue_size" and/or "topic_queue_size" parameters (current=10 and 10 respectively).
[rtabmap-2] rtabmap subscribed to:
[rtabmap-2]    /rtabmap/rgbd_image[0m
[rtabmap-2] [0m[INFO] [1782393676.111252775] [rtabmap.rtabmap]: rtabmap (19): Rate=1.00s, Limit=0.000s, Conversion=0.0004s, RTAB-Map=0.0877s, Maps update=0.0000s pub=0.0012s delay=378678379.2991s (local map=17, WM=17)[0m
[rtabmap-2] [0m[INFO] [1782393677.408811238] [rtabmap.rtabmap]: rtabmap (20): Rate=1.00s, Limit=0.000s, Conversion=0.0004s, RTAB-Map=0.0855s, Maps update=0.0000s pub=0.0011s delay=378678379.2967s (local map=18, WM=18)[0m
[stereo_sync-1] [33m[WARN] [1782393679.676079669] [rtabmap.stereo_sync]: stereo_sync: Did not receive data since 5 seconds! Make sure the input topics are published ("$ rostopic hz my_topic") and the timestamps in their header are set. Ajusting topic_queue_size (100) and sync_queue_size (100) can also help for better synchronization if framerates and/or delays are different.
[stereo_sync-1] stereo_sync subscribed to (approx sync):
[stereo_sync-1]    /cam0/image_rect,
[stereo_sync-1]    /cam1/image_rect,
[stereo_sync-1]    /cam0/camera_info,
[stereo_sync-1]    /cam1/camera_info[0m
[rtabmap-2] [33m[WARN] [1782393679.938932494] [rtabmap.rtabmap]: rtabmap: Did not receive data since 5 seconds! Make sure the input topics are published ("$ ros2 topic hz my_topic") and the timestamps in their header are set. If topics are coming from different computers, make sure the clocks of the computers are synchronized ("ntpdate"). Ajusting topic_queue_size (10) and sync_queue_size (10) can also help for better synchronization if framerates and/or delays are different. If topics are not published at the same rate, you could increase "sync_queue_size" and/or "topic_queue_size" parameters (current=10 and 10 respectively).
[rtabmap-2] rtabmap subscribed to:
[rtabmap-2]    /rtabmap/rgbd_image[0m
[rtabmap-2] [33m[ WARN] (2026-06-25 21:21:20.109) Rtabmap.cpp:3989::process() Rejecting all added loop closures (1, first is 21 <-> 6) in this iteration because a wrong loop closure has been detected after graph optimization, resulting in a maximum graph error ratio of 5.243997 (edge 6->21, type=1, abs error=0.371954 m, stddev=0.070929). The maximum error ratio parameter "RGBD/OptimizeMaxError" is 3.000000 of std deviation.[0m
[rtabmap-2] [33m[ WARN] (2026-06-25 21:21:20.109) Rtabmap.cpp:4033::process() Rejecting all added loop closures (1, first is 21 <-> 6) in this iteration because a wrong loop closure has been detected after graph optimization, resulting in a maximum graph error ratio of 3.954924 (edge 10->11, type=0, abs error=13.670804 deg, stddev=0.060330). The maximum error ratio parameter "RGBD/OptimizeMaxError" is 3.000000 of std deviation.[0m
[rtabmap-2] [33m[ WARN] (2026-06-25 21:21:20.109) Rtabmap.cpp:4071::process() Loop closure 21->6 rejected![0m
[rtabmap-2] [0m[INFO] [1782393680.112434235] [rtabmap.rtabmap]: rtabmap (21): Rate=1.00s, Limit=0.000s, Conversion=0.0004s, RTAB-Map=0.1874s, Maps update=0.0001s pub=0.0018s delay=378678379.4003s (local map=19, WM=19)[0m
[rtabmap-2] [0m[INFO] [1782393681.083937857] [rtabmap.rtabmap]: rtabmap (22): Rate=1.00s, Limit=0.000s, Conversion=0.0004s, RTAB-Map=0.1000s, Maps update=0.0000s pub=0.0012s delay=378678379.3218s (local map=20, WM=20)[0m
[rtabmap-2] [0m[INFO] [1782393682.078415041] [rtabmap.rtabmap]: rtabmap (23): Rate=1.00s, Limit=0.000s, Conversion=0.0004s, RTAB-Map=0.1051s, Maps update=0.0001s pub=0.0012s delay=378678379.3163s (local map=21, WM=21)[0m
[rtabmap-2] [0m[INFO] [1782393683.064769257] [rtabmap.rtabmap]: rtabmap (24): Rate=1.00s, Limit=0.000s, Conversion=0.0008s, RTAB-Map=0.0900s, Maps update=0.0001s pub=0.0013s delay=378678379.3026s (local map=22, WM=22)[0m
[rtabmap-2] [0m[INFO] [1782393684.210775431] [rtabmap.rtabmap]: rtabmap (25): Rate=1.00s, Limit=0.000s, Conversion=0.0005s, RTAB-Map=0.0859s, Maps update=0.0001s pub=0.0013s delay=378678379.2986s (local map=23, WM=23)[0m
[stereo_sync-1] [33m[WARN] [1782393684.676101269] [rtabmap.stereo_sync]: stereo_sync: Did not receive data since 5 seconds! Make sure the input topics are published ("$ rostopic hz my_topic") and the timestamps in their header are set. Ajusting topic_queue_size (100) and sync_queue_size (100) can also help for better synchronization if framerates and/or delays are different.
[stereo_sync-1] stereo_sync subscribed to (approx sync):
[stereo_sync-1]    /cam0/image_rect,
[stereo_sync-1]    /cam1/image_rect,
[stereo_sync-1]    /cam0/camera_info,
[stereo_sync-1]    /cam1/camera_info[0m
[rtabmap-2] [33m[WARN] [1782393684.938979138] [rtabmap.rtabmap]: rtabmap: Did not receive data since 5 seconds! Make sure the input topics are published ("$ ros2 topic hz my_topic") and the timestamps in their header are set. If topics are coming from different computers, make sure the clocks of the computers are synchronized ("ntpdate"). Ajusting topic_queue_size (10) and sync_queue_size (10) can also help for better synchronization if framerates and/or delays are different. If topics are not published at the same rate, you could increase "sync_queue_size" and/or "topic_queue_size" parameters (current=10 and 10 respectively).
[rtabmap-2] rtabmap subscribed to:
[rtabmap-2]    /rtabmap/rgbd_image[0m
[rtabmap-2] [0m[INFO] [1782393685.329693899] [rtabmap.rtabmap]: rtabmap (26): Rate=1.00s, Limit=0.000s, Conversion=0.0003s, RTAB-Map=0.0960s, Maps update=0.0001s pub=0.0013s delay=378678379.3175s (local map=24, WM=24)[0m
[rtabmap-2] [0m[INFO] [1782393686.717505340] [rtabmap.rtabmap]: rtabmap (27): Rate=1.00s, Limit=0.000s, Conversion=0.0009s, RTAB-Map=0.0838s, Maps update=0.0000s pub=0.0012s delay=378678379.3054s (local map=25, WM=25)[0m
[rtabmap-2] [0m[INFO] [1782393687.714566834] [rtabmap.rtabmap]: rtabmap (28): Rate=1.00s, Limit=0.000s, Conversion=0.0004s, RTAB-Map=0.0904s, Maps update=0.0001s pub=0.0013s delay=378678379.3024s (local map=26, WM=26)[0m
[rtabmap-2] [33m[ WARN] (2026-06-25 21:21:28.856) Rtabmap.cpp:3143::process() Rejected loop closure 6 -> 29: Not enough inliers 0/12 (matches=47) between 6 and 29[0m
[rtabmap-2] [0m[INFO] [1782393688.858604851] [rtabmap.rtabmap]: rtabmap (29): Rate=1.00s, Limit=0.000s, Conversion=0.0010s, RTAB-Map=0.1237s, Maps update=0.0001s pub=0.0012s delay=378678379.3465s (local map=27, WM=27)[0m
[stereo_sync-1] [33m[WARN] [1782393689.676059257] [rtabmap.stereo_sync]: stereo_sync: Did not receive data since 5 seconds! Make sure the input topics are published ("$ rostopic hz my_topic") and the timestamps in their header are set. Ajusting topic_queue_size (100) and sync_queue_size (100) can also help for better synchronization if framerates and/or delays are different.
[stereo_sync-1] stereo_sync subscribed to (approx sync):
[stereo_sync-1]    /cam0/image_rect,
[stereo_sync-1]    /cam1/image_rect,
[stereo_sync-1]    /cam0/camera_info,
[stereo_sync-1]    /cam1/camera_info[0m
[rtabmap-2] [33m[WARN] [1782393689.938921276] [rtabmap.rtabmap]: rtabmap: Did not receive data since 5 seconds! Make sure the input topics are published ("$ ros2 topic hz my_topic") and the timestamps in their header are set. If topics are coming from different computers, make sure the clocks of the computers are synchronized ("ntpdate"). Ajusting topic_queue_size (10) and sync_queue_size (10) can also help for better synchronization if framerates and/or delays are different. If topics are not published at the same rate, you could increase "sync_queue_size" and/or "topic_queue_size" parameters (current=10 and 10 respectively).
[rtabmap-2] rtabmap subscribed to:
[rtabmap-2]    /rtabmap/rgbd_image[0m
[rtabmap-2] [0m[INFO] [1782393690.701840923] [rtabmap.rtabmap]: rtabmap (30): Rate=1.00s, Limit=0.000s, Conversion=0.0003s, RTAB-Map=0.1303s, Maps update=0.0001s pub=0.0013s delay=378678379.3397s (local map=28, WM=28)[0m
[rtabmap-2] [33m[ WARN] (2026-06-25 21:21:33.636) Rtabmap.cpp:3143::process() Rejected loop closure 6 -> 31: Not enough inliers 0/12 (matches=33) between 6 and 31[0m
[rtabmap-2] [0m[INFO] [1782393693.638774732] [rtabmap.rtabmap]: rtabmap (31): Rate=1.00s, Limit=0.000s, Conversion=0.0009s, RTAB-Map=0.1156s, Maps update=0.0001s pub=0.0015s delay=378678379.3266s (local map=29, WM=29)[0m
[stereo_sync-1] [33m[WARN] [1782393694.676090149] [rtabmap.stereo_sync]: stereo_sync: Did not receive data since 5 seconds! Make sure the input topics are published ("$ rostopic hz my_topic") and the timestamps in their header are set. Ajusting topic_queue_size (100) and sync_queue_size (100) can also help for better synchronization if framerates and/or delays are different.
[stereo_sync-1] stereo_sync subscribed to (approx sync):
[stereo_sync-1]    /cam0/image_rect,
[stereo_sync-1]    /cam1/image_rect,
[stereo_sync-1]    /cam0/camera_info,
[stereo_sync-1]    /cam1/camera_info[0m
[rtabmap-2] [33m[WARN] [1782393694.939024621] [rtabmap.rtabmap]: rtabmap: Did not receive data since 5 seconds! Make sure the input topics are published ("$ ros2 topic hz my_topic") and the timestamps in their header are set. If topics are coming from different computers, make sure the clocks of the computers are synchronized ("ntpdate"). Ajusting topic_queue_size (10) and sync_queue_size (10) can also help for better synchronization if framerates and/or delays are different. If topics are not published at the same rate, you could increase "sync_queue_size" and/or "topic_queue_size" parameters (current=10 and 10 respectively).
[rtabmap-2] rtabmap subscribed to:
[rtabmap-2]    /rtabmap/rgbd_image[0m
[rtabmap-2] [0m[INFO] [1782393695.939169422] [rtabmap.rtabmap]: rtabmap (32): Rate=1.00s, Limit=0.000s, Conversion=0.0005s, RTAB-Map=0.1064s, Maps update=0.0001s pub=0.0013s delay=378678379.3270s (local map=30, WM=30)[0m
[rtabmap-2] [0m[INFO] [1782393697.364085395] [rtabmap.rtabmap]: rtabmap (33): Rate=1.00s, Limit=0.000s, Conversion=0.0002s, RTAB-Map=0.0927s, Maps update=0.0001s pub=0.0013s delay=378678379.3019s (local map=31, WM=31)[0m
[rtabmap-2] [0m[INFO] [1782393698.416457831] [rtabmap.rtabmap]: rtabmap (34): Rate=1.00s, Limit=0.000s, Conversion=0.0004s, RTAB-Map=0.0940s, Maps update=0.0001s pub=0.0013s delay=378678379.3043s (local map=32, WM=32)[0m
[stereo_sync-1] [33m[WARN] [1782393699.676092167] [rtabmap.stereo_sync]: stereo_sync: Did not receive data since 5 seconds! Make sure the input topics are published ("$ rostopic hz my_topic") and the timestamps in their header are set. Ajusting topic_queue_size (100) and sync_queue_size (100) can also help for better synchronization if framerates and/or delays are different.
[stereo_sync-1] stereo_sync subscribed to (approx sync):
[stereo_sync-1]    /cam0/image_rect,
[stereo_sync-1]    /cam1/image_rect,
[stereo_sync-1]    /cam0/camera_info,
[stereo_sync-1]    /cam1/camera_info[0m
[rtabmap-2] [33m[WARN] [1782393699.938963815] [rtabmap.rtabmap]: rtabmap: Did not receive data since 5 seconds! Make sure the input topics are published ("$ ros2 topic hz my_topic") and the timestamps in their header are set. If topics are coming from different computers, make sure the clocks of the computers are synchronized ("ntpdate"). Ajusting topic_queue_size (10) and sync_queue_size (10) can also help for better synchronization if framerates and/or delays are different. If topics are not published at the same rate, you could increase "sync_queue_size" and/or "topic_queue_size" parameters (current=10 and 10 respectively).
[rtabmap-2] rtabmap subscribed to:
[rtabmap-2]    /rtabmap/rgbd_image[0m
[rtabmap-2] [0m[INFO] [1782393700.227964562] [rtabmap.rtabmap]: rtabmap (35): Rate=1.00s, Limit=0.000s, Conversion=0.0005s, RTAB-Map=0.1035s, Maps update=0.0001s pub=0.0012s delay=378678379.3158s (local map=33, WM=33)[0m
[rtabmap-2] [0m[INFO] [1782393701.220283313] [rtabmap.rtabmap]: rtabmap (36): Rate=1.00s, Limit=0.000s, Conversion=0.0003s, RTAB-Map=0.0946s, Maps update=0.0001s pub=0.0013s delay=378678379.3081s (local map=34, WM=34)[0m
[rtabmap-2] [0m[INFO] [1782393702.503963409] [rtabmap.rtabmap]: rtabmap (37): Rate=1.00s, Limit=0.000s, Conversion=0.0002s, RTAB-Map=0.1731s, Maps update=0.0001s pub=0.0012s delay=378678379.3918s (local map=35, WM=35)[0m
[rtabmap-2] [0m[INFO] [1782393704.581131557] [rtabmap.rtabmap]: rtabmap (38): Rate=1.00s, Limit=0.000s, Conversion=0.0005s, RTAB-Map=0.1053s, Maps update=0.0001s pub=0.0013s delay=378678379.3190s (local map=36, WM=36)[0m
[stereo_sync-1] [33m[WARN] [1782393704.676053499] [rtabmap.stereo_sync]: stereo_sync: Did not receive data since 5 seconds! Make sure the input topics are published ("$ rostopic hz my_topic") and the timestamps in their header are set. Ajusting topic_queue_size (100) and sync_queue_size (100) can also help for better synchronization if framerates and/or delays are different.
[stereo_sync-1] stereo_sync subscribed to (approx sync):
[stereo_sync-1]    /cam0/image_rect,
[stereo_sync-1]    /cam1/image_rect,
[stereo_sync-1]    /cam0/camera_info,
[stereo_sync-1]    /cam1/camera_info[0m
[rtabmap-2] [33m[WARN] [1782393704.939201660] [rtabmap.rtabmap]: rtabmap: Did not receive data since 5 seconds! Make sure the input topics are published ("$ ros2 topic hz my_topic") and the timestamps in their header are set. If topics are coming from different computers, make sure the clocks of the computers are synchronized ("ntpdate"). Ajusting topic_queue_size (10) and sync_queue_size (10) can also help for better synchronization if framerates and/or delays are different. If topics are not published at the same rate, you could increase "sync_queue_size" and/or "topic_queue_size" parameters (current=10 and 10 respectively).
[rtabmap-2] rtabmap subscribed to:
[rtabmap-2]    /rtabmap/rgbd_image[0m
[rtabmap-2] [0m[INFO] [1782393706.216760766] [rtabmap.rtabmap]: rtabmap (39): Rate=1.00s, Limit=0.000s, Conversion=0.0004s, RTAB-Map=0.0933s, Maps update=0.0001s pub=0.0013s delay=378678379.3046s (local map=37, WM=37)[0m
[rtabmap-2] [0m[INFO] [1782393708.737955429] [rtabmap.rtabmap]: rtabmap (40): Rate=1.00s, Limit=0.000s, Conversion=0.0003s, RTAB-Map=0.1006s, Maps update=0.0001s pub=0.0013s delay=378678379.3258s (local map=38, WM=38)[0m
[stereo_sync-1] [33m[WARN] [1782393709.676053156] [rtabmap.stereo_sync]: stereo_sync: Did not receive data since 5 seconds! Make sure the input topics are published ("$ rostopic hz my_topic") and the timestamps in their header are set. Ajusting topic_queue_size (100) and sync_queue_size (100) can also help for better synchronization if framerates and/or delays are different.
[stereo_sync-1] stereo_sync subscribed to (approx sync):
[stereo_sync-1]    /cam0/image_rect,
[stereo_sync-1]    /cam1/image_rect,
[stereo_sync-1]    /cam0/camera_info,
[stereo_sync-1]    /cam1/camera_info[0m
[rtabmap-2] [0m[INFO] [1782393709.925786829] [rtabmap.rtabmap]: rtabmap (41): Rate=1.00s, Limit=0.000s, Conversion=0.0005s, RTAB-Map=0.1416s, Maps update=0.0001s pub=0.0014s delay=378678379.3636s (local map=39, WM=39)[0m
[rtabmap-2] [33m[WARN] [1782393709.938883014] [rtabmap.rtabmap]: rtabmap: Did not receive data since 5 seconds! Make sure the input topics are published ("$ ros2 topic hz my_topic") and the timestamps in their header are set. If topics are coming from different computers, make sure the clocks of the computers are synchronized ("ntpdate"). Ajusting topic_queue_size (10) and sync_queue_size (10) can also help for better synchronization if framerates and/or delays are different. If topics are not published at the same rate, you could increase "sync_queue_size" and/or "topic_queue_size" parameters (current=10 and 10 respectively).
[rtabmap-2] rtabmap subscribed to:
[rtabmap-2]    /rtabmap/rgbd_image[0m
[rtabmap-2] [0m[INFO] [1782393711.053003804] [rtabmap.rtabmap]: rtabmap (42): Rate=1.00s, Limit=0.000s, Conversion=0.0008s, RTAB-Map=0.1296s, Maps update=0.0001s pub=0.0013s delay=378678379.3409s (local map=40, WM=40)[0m
[rtabmap-2] [0m[INFO] [1782393712.114473011] [rtabmap.rtabmap]: rtabmap (43): Rate=1.00s, Limit=0.000s, Conversion=0.0004s, RTAB-Map=0.1303s, Maps update=0.0001s pub=0.0014s delay=378678379.3523s (local map=41, WM=41)[0m
[rtabmap-2] [0m[INFO] [1782393713.110473660] [rtabmap.rtabmap]: rtabmap (44): Rate=1.00s, Limit=0.000s, Conversion=0.0005s, RTAB-Map=0.1368s, Maps update=0.0001s pub=0.0014s delay=378678379.3483s (local map=42, WM=42)[0m
[rtabmap-2] [33m[ WARN] (2026-06-25 21:21:54.203) Rtabmap.cpp:3989::process() Rejecting all added loop closures (1, first is 45 <-> 16) in this iteration because a wrong loop closure has been detected after graph optimization, resulting in a maximum graph error ratio of 3.287194 (edge 15->44, type=1, abs error=0.124309 m, stddev=0.037816). The maximum error ratio parameter "RGBD/OptimizeMaxError" is 3.000000 of std deviation.[0m
[rtabmap-2] [33m[ WARN] (2026-06-25 21:21:54.203) Rtabmap.cpp:4071::process() Loop closure 45->16 rejected![0m
[rtabmap-2] [0m[INFO] [1782393714.205846051] [rtabmap.rtabmap]: rtabmap (45): Rate=1.00s, Limit=0.000s, Conversion=0.0005s, RTAB-Map=0.1315s, Maps update=0.0001s pub=0.0013s delay=378678379.3437s (local map=43, WM=43)[0m
[stereo_sync-1] [33m[WARN] [1782393714.676094170] [rtabmap.stereo_sync]: stereo_sync: Did not receive data since 5 seconds! Make sure the input topics are published ("$ rostopic hz my_topic") and the timestamps in their header are set. Ajusting topic_queue_size (100) and sync_queue_size (100) can also help for better synchronization if framerates and/or delays are different.
[stereo_sync-1] stereo_sync subscribed to (approx sync):
[stereo_sync-1]    /cam0/image_rect,
[stereo_sync-1]    /cam1/image_rect,
[stereo_sync-1]    /cam0/camera_info,
[stereo_sync-1]    /cam1/camera_info[0m
[rtabmap-2] [33m[WARN] [1782393714.939102699] [rtabmap.rtabmap]: rtabmap: Did not receive data since 5 seconds! Make sure the input topics are published ("$ ros2 topic hz my_topic") and the timestamps in their header are set. If topics are coming from different computers, make sure the clocks of the computers are synchronized ("ntpdate"). Ajusting topic_queue_size (10) and sync_queue_size (10) can also help for better synchronization if framerates and/or delays are different. If topics are not published at the same rate, you could increase "sync_queue_size" and/or "topic_queue_size" parameters (current=10 and 10 respectively).
[rtabmap-2] rtabmap subscribed to:
[rtabmap-2]    /rtabmap/rgbd_image[0m
[rtabmap-2] [0m[INFO] [1782393715.210343257] [rtabmap.rtabmap]: rtabmap (46): Rate=1.00s, Limit=0.000s, Conversion=0.0004s, RTAB-Map=0.1273s, Maps update=0.0001s pub=0.0013s delay=378678379.3482s (local map=44, WM=44)[0m
[rtabmap-2] [33m[ WARN] (2026-06-25 21:21:56.208) Rtabmap.cpp:3989::process() Rejecting all added loop closures (1, first is 47 <-> 16) in this iteration because a wrong loop closure has been detected after graph optimization, resulting in a maximum graph error ratio of 3.117887 (edge 15->44, type=1, abs error=0.117906 m, stddev=0.037816). The maximum error ratio parameter "RGBD/OptimizeMaxError" is 3.000000 of std deviation.[0m
[rtabmap-2] [33m[ WARN] (2026-06-25 21:21:56.208) Rtabmap.cpp:4071::process() Loop closure 47->16 rejected![0m
[rtabmap-2] [0m[INFO] [1782393716.211199425] [rtabmap.rtabmap]: rtabmap (47): Rate=1.00s, Limit=0.000s, Conversion=0.0004s, RTAB-Map=0.1379s, Maps update=0.0001s pub=0.0014s delay=378678379.3491s (local map=45, WM=45)[0m
[rtabmap-2] [33m[ WARN] (2026-06-25 21:21:57.178) Rtabmap.cpp:3143::process() Rejected loop closure 16 -> 48: Not enough inliers 6/12 (matches=80) between 16 and 48[0m
[rtabmap-2] [0m[INFO] [1782393717.181153191] [rtabmap.rtabmap]: rtabmap (48): Rate=1.00s, Limit=0.000s, Conversion=0.0005s, RTAB-Map=0.1080s, Maps update=0.0001s pub=0.0013s delay=378678379.3190s (local map=46, WM=46)[0m
[rtabmap-2] [33m[ WARN] (2026-06-25 21:21:58.652) Rtabmap.cpp:3143::process() Rejected loop closure 14 -> 49: Not enough inliers 0/12 (matches=58) between 14 and 49[0m
[rtabmap-2] [0m[INFO] [1782393718.654872137] [rtabmap.rtabmap]: rtabmap (49): Rate=1.00s, Limit=0.000s, Conversion=0.0004s, RTAB-Map=0.1203s, Maps update=0.0001s pub=0.0013s delay=378678379.3427s (local map=47, WM=47)[0m
[stereo_sync-1] [33m[WARN] [1782393719.676080222] [rtabmap.stereo_sync]: stereo_sync: Did not receive data since 5 seconds! Make sure the input topics are published ("$ rostopic hz my_topic") and the timestamps in their header are set. Ajusting topic_queue_size (100) and sync_queue_size (100) can also help for better synchronization if framerates and/or delays are different.
[stereo_sync-1] stereo_sync subscribed to (approx sync):
[stereo_sync-1]    /cam0/image_rect,
[stereo_sync-1]    /cam1/image_rect,
[stereo_sync-1]    /cam0/camera_info,
[stereo_sync-1]    /cam1/camera_info[0m
[rtabmap-2] [33m[ WARN] (2026-06-25 21:21:59.741) Rtabmap.cpp:3143::process() Rejected loop closure 31 -> 50: Not enough inliers 0/12 (matches=22) between 31 and 50[0m
[rtabmap-2] [0m[INFO] [1782393719.744497801] [rtabmap.rtabmap]: rtabmap (50): Rate=1.00s, Limit=0.000s, Conversion=0.0003s, RTAB-Map=0.1205s, Maps update=0.0001s pub=0.0017s delay=378678379.3324s (local map=48, WM=48)[0m
[rtabmap-2] [33m[WARN] [1782393719.939099669] [rtabmap.rtabmap]: rtabmap: Did not receive data since 5 seconds! Make sure the input topics are published ("$ ros2 topic hz my_topic") and the timestamps in their header are set. If topics are coming from different computers, make sure the clocks of the computers are synchronized ("ntpdate"). Ajusting topic_queue_size (10) and sync_queue_size (10) can also help for better synchronization if framerates and/or delays are different. If topics are not published at the same rate, you could increase "sync_queue_size" and/or "topic_queue_size" parameters (current=10 and 10 respectively).
[rtabmap-2] rtabmap subscribed to:
[rtabmap-2]    /rtabmap/rgbd_image[0m
[rtabmap-2] [0m[INFO] [1782393721.473992718] [rtabmap.rtabmap]: rtabmap (51): Rate=1.00s, Limit=0.000s, Conversion=0.0005s, RTAB-Map=0.1004s, Maps update=0.0001s pub=0.0013s delay=378678379.3118s (local map=49, WM=49)[0m
[rtabmap-2] [0m[INFO] [1782393722.623292857] [rtabmap.rtabmap]: rtabmap (52): Rate=1.00s, Limit=0.000s, Conversion=0.0004s, RTAB-Map=0.1000s, Maps update=0.0001s pub=0.0013s delay=378678379.3111s (local map=50, WM=50)[0m
[rtabmap-2] [0m[INFO] [1782393723.616032418] [rtabmap.rtabmap]: rtabmap (53): Rate=1.00s, Limit=0.000s, Conversion=0.0004s, RTAB-Map=0.0935s, Maps update=0.0001s pub=0.0013s delay=378678379.3039s (local map=51, WM=51)[0m
[stereo_sync-1] [33m[WARN] [1782393724.676075133] [rtabmap.stereo_sync]: stereo_sync: Did not receive data since 5 seconds! Make sure the input topics are published ("$ rostopic hz my_topic") and the timestamps in their header are set. Ajusting topic_queue_size (100) and sync_queue_size (100) can also help for better synchronization if framerates and/or delays are different.
[stereo_sync-1] stereo_sync subscribed to (approx sync):
[stereo_sync-1]    /cam0/image_rect,
[stereo_sync-1]    /cam1/image_rect,
[stereo_sync-1]    /cam0/camera_info,
[stereo_sync-1]    /cam1/camera_info[0m
[rtabmap-2] [33m[ WARN] (2026-06-25 21:22:04.688) Rtabmap.cpp:3143::process() Rejected loop closure 30 -> 54: Not enough inliers 0/12 (matches=67) between 30 and 54[0m
[rtabmap-2] [0m[INFO] [1782393724.691018070] [rtabmap.rtabmap]: rtabmap (54): Rate=1.00s, Limit=0.000s, Conversion=0.0010s, RTAB-Map=0.1152s, Maps update=0.0001s pub=0.0013s delay=378678379.3289s (local map=52, WM=52)[0m
[rtabmap-2] [33m[WARN] [1782393724.939025215] [rtabmap.rtabmap]: rtabmap: Did not receive data since 5 seconds! Make sure the input topics are published ("$ ros2 topic hz my_topic") and the timestamps in their header are set. If topics are coming from different computers, make sure the clocks of the computers are synchronized ("ntpdate"). Ajusting topic_queue_size (10) and sync_queue_size (10) can also help for better synchronization if framerates and/or delays are different. If topics are not published at the same rate, you could increase "sync_queue_size" and/or "topic_queue_size" parameters (current=10 and 10 respectively).
[rtabmap-2] rtabmap subscribed to:
[rtabmap-2]    /rtabmap/rgbd_image[0m
[rtabmap-2] [0m[INFO] [1782393725.714921312] [rtabmap.rtabmap]: rtabmap (55): Rate=1.00s, Limit=0.000s, Conversion=0.0007s, RTAB-Map=0.1312s, Maps update=0.0001s pub=0.0014s delay=378678379.3528s (local map=53, WM=53)[0m
[rtabmap-2] [0m[INFO] [1782393726.918748073] [rtabmap.rtabmap]: rtabmap (56): Rate=1.00s, Limit=0.000s, Conversion=0.0005s, RTAB-Map=0.1361s, Maps update=0.0001s pub=0.0013s delay=378678379.3566s (local map=54, WM=54)[0m
[rtabmap-2] [0m[INFO] [1782393728.670844394] [rtabmap.rtabmap]: rtabmap (57): Rate=1.00s, Limit=0.000s, Conversion=0.0004s, RTAB-Map=0.1350s, Maps update=0.0001s pub=0.0014s delay=378678379.3587s (local map=55, WM=55)[0m
[rtabmap-2] [0m[INFO] [1782393729.651335476] [rtabmap.rtabmap]: rtabmap (58): Rate=1.00s, Limit=0.000s, Conversion=0.0005s, RTAB-Map=0.1269s, Maps update=0.0001s pub=0.0014s delay=378678379.3392s (local map=56, WM=56)[0m
[stereo_sync-1] [33m[WARN] [1782393729.676007272] [rtabmap.stereo_sync]: stereo_sync: Did not receive data since 5 seconds! Make sure the input topics are published ("$ rostopic hz my_topic") and the timestamps in their header are set. Ajusting topic_queue_size (100) and sync_queue_size (100) can also help for better synchronization if framerates and/or delays are different.
[stereo_sync-1] stereo_sync subscribed to (approx sync):
[stereo_sync-1]    /cam0/image_rect,
[stereo_sync-1]    /cam1/image_rect,
[stereo_sync-1]    /cam0/camera_info,
[stereo_sync-1]    /cam1/camera_info[0m
[rtabmap-2] [33m[WARN] [1782393729.939066615] [rtabmap.rtabmap]: rtabmap: Did not receive data since 5 seconds! Make sure the input topics are published ("$ ros2 topic hz my_topic") and the timestamps in their header are set. If topics are coming from different computers, make sure the clocks of the computers are synchronized ("ntpdate"). Ajusting topic_queue_size (10) and sync_queue_size (10) can also help for better synchronization if framerates and/or delays are different. If topics are not published at the same rate, you could increase "sync_queue_size" and/or "topic_queue_size" parameters (current=10 and 10 respectively).
[rtabmap-2] rtabmap subscribed to:
[rtabmap-2]    /rtabmap/rgbd_image[0m
[rtabmap-2] [0m[INFO] [1782393730.702480596] [rtabmap.rtabmap]: rtabmap (59): Rate=1.00s, Limit=0.000s, Conversion=0.0005s, RTAB-Map=0.1276s, Maps update=0.0001s pub=0.0014s delay=378678379.3403s (local map=57, WM=57)[0m
[rtabmap-2] [0m[INFO] [1782393733.325919482] [rtabmap.rtabmap]: rtabmap (60): Rate=1.00s, Limit=0.000s, Conversion=0.0005s, RTAB-Map=0.1424s, Maps update=0.0001s pub=0.0014s delay=378678379.3638s (local map=58, WM=58)[0m
[stereo_sync-1] [33m[WARN] [1782393734.676106971] [rtabmap.stereo_sync]: stereo_sync: Did not receive data since 5 seconds! Make sure the input topics are published ("$ rostopic hz my_topic") and the timestamps in their header are set. Ajusting topic_queue_size (100) and sync_queue_size (100) can also help for better synchronization if framerates and/or delays are different.
[stereo_sync-1] stereo_sync subscribed to (approx sync):
[stereo_sync-1]    /cam0/image_rect,
[stereo_sync-1]    /cam1/image_rect,
[stereo_sync-1]    /cam0/camera_info,
[stereo_sync-1]    /cam1/camera_info[0m
[rtabmap-2] [33m[ WARN] (2026-06-25 21:22:14.696) Rtabmap.cpp:3143::process() Rejected loop closure 21 -> 61: Not enough inliers 9/12 (matches=93) between 21 and 61[0m
[rtabmap-2] [0m[INFO] [1782393734.699098080] [rtabmap.rtabmap]: rtabmap (61): Rate=1.00s, Limit=0.000s, Conversion=0.0004s, RTAB-Map=0.1263s, Maps update=0.0001s pub=0.0014s delay=378678379.3370s (local map=59, WM=59)[0m
[rtabmap-2] [33m[WARN] [1782393734.939149770] [rtabmap.rtabmap]: rtabmap: Did not receive data since 5 seconds! Make sure the input topics are published ("$ ros2 topic hz my_topic") and the timestamps in their header are set. If topics are coming from different computers, make sure the clocks of the computers are synchronized ("ntpdate"). Ajusting topic_queue_size (10) and sync_queue_size (10) can also help for better synchronization if framerates and/or delays are different. If topics are not published at the same rate, you could increase "sync_queue_size" and/or "topic_queue_size" parameters (current=10 and 10 respectively).
[rtabmap-2] rtabmap subscribed to:
[rtabmap-2]    /rtabmap/rgbd_image[0m
[rtabmap-2] [33m[ WARN] (2026-06-25 21:22:15.796) Rtabmap.cpp:3143::process() Rejected loop closure 6 -> 62: Not enough inliers 0/12 (matches=61) between 6 and 62[0m
[rtabmap-2] [0m[INFO] [1782393735.798564645] [rtabmap.rtabmap]: rtabmap (62): Rate=1.00s, Limit=0.000s, Conversion=0.0004s, RTAB-Map=0.1149s, Maps update=0.0001s pub=0.0013s delay=378678379.3364s (local map=60, WM=60)[0m
[rtabmap-2] [33m[ WARN] (2026-06-25 21:22:19.534) Rtabmap.cpp:3143::process() Rejected loop closure 31 -> 63: Not enough inliers 0/12 (matches=37) between 31 and 63[0m
[rtabmap-2] [0m[INFO] [1782393739.536913632] [rtabmap.rtabmap]: rtabmap (63): Rate=1.00s, Limit=0.000s, Conversion=0.0003s, RTAB-Map=0.1148s, Maps update=0.0001s pub=0.0015s delay=378678379.3248s (local map=61, WM=61)[0m
[stereo_sync-1] [33m[WARN] [1782393739.676005115] [rtabmap.stereo_sync]: stereo_sync: Did not receive data since 5 seconds! Make sure the input topics are published ("$ rostopic hz my_topic") and the timestamps in their header are set. Ajusting topic_queue_size (100) and sync_queue_size (100) can also help for better synchronization if framerates and/or delays are different.
[stereo_sync-1] stereo_sync subscribed to (approx sync):
[stereo_sync-1]    /cam0/image_rect,
[stereo_sync-1]    /cam1/image_rect,
[stereo_sync-1]    /cam0/camera_info,
[stereo_sync-1]    /cam1/camera_info[0m
[rtabmap-2] [33m[WARN] [1782393739.939010362] [rtabmap.rtabmap]: rtabmap: Did not receive data since 5 seconds! Make sure the input topics are published ("$ ros2 topic hz my_topic") and the timestamps in their header are set. If topics are coming from different computers, make sure the clocks of the computers are synchronized ("ntpdate"). Ajusting topic_queue_size (10) and sync_queue_size (10) can also help for better synchronization if framerates and/or delays are different. If topics are not published at the same rate, you could increase "sync_queue_size" and/or "topic_queue_size" parameters (current=10 and 10 respectively).
[rtabmap-2] rtabmap subscribed to:
[rtabmap-2]    /rtabmap/rgbd_image[0m
[rtabmap-2] [33m[ WARN] (2026-06-25 21:22:20.612) Rtabmap.cpp:3143::process() Rejected loop closure 31 -> 64: Not enough inliers 0/12 (matches=41) between 31 and 64[0m
[rtabmap-2] [0m[INFO] [1782393740.615734002] [rtabmap.rtabmap]: rtabmap (64): Rate=1.00s, Limit=0.000s, Conversion=0.0004s, RTAB-Map=0.1264s, Maps update=0.0001s pub=0.0016s delay=378678379.3536s (local map=62, WM=62)[0m
[rtabmap-2] [33m[ WARN] (2026-06-25 21:22:22.027) Rtabmap.cpp:3143::process() Rejected loop closure 4 -> 65: Not enough inliers 0/12 (matches=69) between 4 and 65[0m
[rtabmap-2] [0m[INFO] [1782393742.030841536] [rtabmap.rtabmap]: rtabmap (65): Rate=1.00s, Limit=0.000s, Conversion=0.0005s, RTAB-Map=0.1560s, Maps update=0.0002s pub=0.0017s delay=378678379.3687s (local map=63, WM=63)[0m
[rtabmap-2] [0m[INFO] [1782393743.117604002] [rtabmap.rtabmap]: rtabmap (66): Rate=1.00s, Limit=0.000s, Conversion=0.0005s, RTAB-Map=0.1457s, Maps update=0.0001s pub=0.0015s delay=378678379.3555s (local map=64, WM=64)[0m
[rtabmap-2] [33m[ WARN] (2026-06-25 21:22:24.500) Rtabmap.cpp:3143::process() Rejected loop closure 6 -> 67: Not enough inliers 0/12 (matches=71) between 6 and 67[0m
[rtabmap-2] [0m[INFO] [1782393744.503351999] [rtabmap.rtabmap]: rtabmap (67): Rate=1.00s, Limit=0.000s, Conversion=0.0004s, RTAB-Map=0.1288s, Maps update=0.0001s pub=0.0021s delay=378678379.3412s (local map=65, WM=65)[0m
[stereo_sync-1] [33m[WARN] [1782393744.676084658] [rtabmap.stereo_sync]: stereo_sync: Did not receive data since 5 seconds! Make sure the input topics are published ("$ rostopic hz my_topic") and the timestamps in their header are set. Ajusting topic_queue_size (100) and sync_queue_size (100) can also help for better synchronization if framerates and/or delays are different.
[stereo_sync-1] stereo_sync subscribed to (approx sync):
[stereo_sync-1]    /cam0/image_rect,
[stereo_sync-1]    /cam1/image_rect,
[stereo_sync-1]    /cam0/camera_info,
[stereo_sync-1]    /cam1/camera_info[0m
[rtabmap-2] [33m[WARN] [1782393744.939119751] [rtabmap.rtabmap]: rtabmap: Did not receive data since 5 seconds! Make sure the input topics are published ("$ ros2 topic hz my_topic") and the timestamps in their header are set. If topics are coming from different computers, make sure the clocks of the computers are synchronized ("ntpdate"). Ajusting topic_queue_size (10) and sync_queue_size (10) can also help for better synchronization if framerates and/or delays are different. If topics are not published at the same rate, you could increase "sync_queue_size" and/or "topic_queue_size" parameters (current=10 and 10 respectively).
[rtabmap-2] rtabmap subscribed to:
[rtabmap-2]    /rtabmap/rgbd_image[0m
[rtabmap-2] [0m[INFO] [1782393746.433534547] [rtabmap.rtabmap]: rtabmap (68): Rate=1.00s, Limit=0.000s, Conversion=0.0004s, RTAB-Map=0.1485s, Maps update=0.0001s pub=0.0015s delay=378678379.3714s (local map=66, WM=66)[0m
[rtabmap-2] [0m[INFO] [1782393748.126238374] [rtabmap.rtabmap]: rtabmap (69): Rate=1.00s, Limit=0.000s, Conversion=0.0003s, RTAB-Map=0.1534s, Maps update=0.0001s pub=0.0015s delay=378678379.3641s (local map=67, WM=67)[0m
[rtabmap-2] [33m[ WARN] (2026-06-25 21:22:29.533) Rtabmap.cpp:3143::process() Rejected loop closure 9 -> 70: Not enough inliers 0/12 (matches=88) between 9 and 70[0m
[rtabmap-2] [0m[INFO] [1782393749.535983221] [rtabmap.rtabmap]: rtabmap (70): Rate=1.00s, Limit=0.000s, Conversion=0.0004s, RTAB-Map=0.3120s, Maps update=0.0001s pub=0.0014s delay=378678379.5238s (local map=68, WM=68)[0m
[stereo_sync-1] [33m[WARN] [1782393749.676081696] [rtabmap.stereo_sync]: stereo_sync: Did not receive data since 5 seconds! Make sure the input topics are published ("$ rostopic hz my_topic") and the timestamps in their header are set. Ajusting topic_queue_size (100) and sync_queue_size (100) can also help for better synchronization if framerates and/or delays are different.
[stereo_sync-1] stereo_sync subscribed to (approx sync):
[stereo_sync-1]    /cam0/image_rect,
[stereo_sync-1]    /cam1/image_rect,
[stereo_sync-1]    /cam0/camera_info,
[stereo_sync-1]    /cam1/camera_info[0m
[rtabmap-2] [33m[WARN] [1782393749.939047735] [rtabmap.rtabmap]: rtabmap: Did not receive data since 5 seconds! Make sure the input topics are published ("$ ros2 topic hz my_topic") and the timestamps in their header are set. If topics are coming from different computers, make sure the clocks of the computers are synchronized ("ntpdate"). Ajusting topic_queue_size (10) and sync_queue_size (10) can also help for better synchronization if framerates and/or delays are different. If topics are not published at the same rate, you could increase "sync_queue_size" and/or "topic_queue_size" parameters (current=10 and 10 respectively).
[rtabmap-2] rtabmap subscribed to:
[rtabmap-2]    /rtabmap/rgbd_image[0m
[rtabmap-2] [0m[INFO] [1782393750.376660248] [rtabmap.rtabmap]: rtabmap (71): Rate=1.00s, Limit=0.000s, Conversion=0.0005s, RTAB-Map=0.1502s, Maps update=0.0001s pub=0.0015s delay=378678379.3645s (local map=69, WM=69)[0m
[rtabmap-2] [0m[INFO] [1782393751.421229110] [rtabmap.rtabmap]: rtabmap (72): Rate=1.00s, Limit=0.000s, Conversion=0.0005s, RTAB-Map=0.1459s, Maps update=0.0001s pub=0.0015s delay=378678379.3591s (local map=70, WM=70)[0m
[rtabmap-2] [0m[INFO] [1782393752.416652248] [rtabmap.rtabmap]: rtabmap (73): Rate=1.00s, Limit=0.000s, Conversion=0.0005s, RTAB-Map=0.1318s, Maps update=0.0001s pub=0.0014s delay=378678379.3545s (local map=71, WM=71)[0m
[rtabmap-2] [0m[INFO] [1782393753.419971497] [rtabmap.rtabmap]: rtabmap (74): Rate=1.00s, Limit=0.000s, Conversion=0.0004s, RTAB-Map=0.1449s, Maps update=0.0001s pub=0.0020s delay=378678379.3578s (local map=72, WM=72)[0m
[rtabmap-2] [0m[INFO] [1782393754.455706048] [rtabmap.rtabmap]: rtabmap (75): Rate=1.00s, Limit=0.000s, Conversion=0.0005s, RTAB-Map=0.1303s, Maps update=0.0001s pub=0.0014s delay=378678379.3436s (local map=73, WM=73)[0m
[stereo_sync-1] [33m[WARN] [1782393754.676098576] [rtabmap.stereo_sync]: stereo_sync: Did not receive data since 5 seconds! Make sure the input topics are published ("$ rostopic hz my_topic") and the timestamps in their header are set. Ajusting topic_queue_size (100) and sync_queue_size (100) can also help for better synchronization if framerates and/or delays are different.
[stereo_sync-1] stereo_sync subscribed to (approx sync):
[stereo_sync-1]    /cam0/image_rect,
[stereo_sync-1]    /cam1/image_rect,
[stereo_sync-1]    /cam0/camera_info,
[stereo_sync-1]    /cam1/camera_info[0m
[rtabmap-2] [33m[WARN] [1782393754.938917732] [rtabmap.rtabmap]: rtabmap: Did not receive data since 5 seconds! Make sure the input topics are published ("$ ros2 topic hz my_topic") and the timestamps in their header are set. If topics are coming from different computers, make sure the clocks of the computers are synchronized ("ntpdate"). Ajusting topic_queue_size (10) and sync_queue_size (10) can also help for better synchronization if framerates and/or delays are different. If topics are not published at the same rate, you could increase "sync_queue_size" and/or "topic_queue_size" parameters (current=10 and 10 respectively).
[rtabmap-2] rtabmap subscribed to:
[rtabmap-2]    /rtabmap/rgbd_image[0m
[rtabmap-2] [0m[INFO] [1782393755.718583938] [rtabmap.rtabmap]: rtabmap (76): Rate=1.00s, Limit=0.000s, Conversion=0.0006s, RTAB-Map=0.1445s, Maps update=0.0001s pub=0.0025s delay=378678379.3564s (local map=74, WM=74)[0m
[rtabmap-2] [33m[ WARN] (2026-06-25 21:22:37.115) Rtabmap.cpp:3143::process() Rejected loop closure 31 -> 77: Not enough inliers 0/12 (matches=68) between 31 and 77[0m
[rtabmap-2] [0m[INFO] [1782393757.118480039] [rtabmap.rtabmap]: rtabmap (77): Rate=1.00s, Limit=0.000s, Conversion=0.0005s, RTAB-Map=0.1446s, Maps update=0.0001s pub=0.0016s delay=378678379.3563s (local map=75, WM=75)[0m
[rtabmap-2] [0m[INFO] [1782393758.155241962] [rtabmap.rtabmap]: rtabmap (78): Rate=1.00s, Limit=0.000s, Conversion=0.0003s, RTAB-Map=0.1326s, Maps update=0.0001s pub=0.0014s delay=378678379.3431s (local map=76, WM=76)[0m
[rtabmap-2] [0m[INFO] [1782393759.154504691] [rtabmap.rtabmap]: rtabmap (79): Rate=1.00s, Limit=0.000s, Conversion=0.0004s, RTAB-Map=0.1309s, Maps update=0.0001s pub=0.0014s delay=378678379.3424s (local map=77, WM=77)[0m
[stereo_sync-1] [33m[WARN] [1782393759.676026677] [rtabmap.stereo_sync]: stereo_sync: Did not receive data since 5 seconds! Make sure the input topics are published ("$ rostopic hz my_topic") and the timestamps in their header are set. Ajusting topic_queue_size (100) and sync_queue_size (100) can also help for better synchronization if framerates and/or delays are different.
[stereo_sync-1] stereo_sync subscribed to (approx sync):
[stereo_sync-1]    /cam0/image_rect,
[stereo_sync-1]    /cam1/image_rect,
[stereo_sync-1]    /cam0/camera_info,
[stereo_sync-1]    /cam1/camera_info[0m
[rtabmap-2] [33m[WARN] [1782393759.938894914] [rtabmap.rtabmap]: rtabmap: Did not receive data since 5 seconds! Make sure the input topics are published ("$ ros2 topic hz my_topic") and the timestamps in their header are set. If topics are coming from different computers, make sure the clocks of the computers are synchronized ("ntpdate"). Ajusting topic_queue_size (10) and sync_queue_size (10) can also help for better synchronization if framerates and/or delays are different. If topics are not published at the same rate, you could increase "sync_queue_size" and/or "topic_queue_size" parameters (current=10 and 10 respectively).
[rtabmap-2] rtabmap subscribed to:
[rtabmap-2]    /rtabmap/rgbd_image[0m
[rtabmap-2] [33m[ WARN] (2026-06-25 21:22:41.466) Rtabmap.cpp:2902::process() Ignoring local loop closure with 57 because resulting transform is too large!? (1.464667m > 1.000000m)[0m
[rtabmap-2] [33m[ WARN] (2026-06-25 21:22:41.522) Rtabmap.cpp:3989::process() Rejecting all added loop closures (1, first is 80 <-> 57) in this iteration because a wrong loop closure has been detected after graph optimization, resulting in a maximum graph error ratio of 11.762198 (edge 79->80, type=0, abs error=0.568710 m, stddev=0.048351). The maximum error ratio parameter "RGBD/OptimizeMaxError" is 3.000000 of std deviation.[0m
[rtabmap-2] [33m[ WARN] (2026-06-25 21:22:41.522) Rtabmap.cpp:4071::process() Loop closure 80->57 rejected![0m
[rtabmap-2] [0m[INFO] [1782393761.525163791] [rtabmap.rtabmap]: rtabmap (80): Rate=1.00s, Limit=0.000s, Conversion=0.0005s, RTAB-Map=0.2018s, Maps update=0.0001s pub=0.0016s delay=378678379.4130s (local map=78, WM=78)[0m
[rtabmap-2] [33m[ WARN] (2026-06-25 21:22:42.803) Rtabmap.cpp:3143::process() Rejected loop closure 31 -> 81: Not enough inliers 0/12 (matches=41) between 31 and 81[0m
[rtabmap-2] [0m[INFO] [1782393762.805855194] [rtabmap.rtabmap]: rtabmap (81): Rate=1.00s, Limit=0.000s, Conversion=0.0005s, RTAB-Map=0.1320s, Maps update=0.0001s pub=0.0015s delay=378678379.3437s (local map=79, WM=79)[0m
[rtabmap-2] [33m[ WARN] (2026-06-25 21:22:44.066) Rtabmap.cpp:3989::process() Rejecting all added loop closures (1, first is 82 <-> 7) in this iteration because a wrong loop closure has been detected after graph optimization, resulting in a maximum graph error ratio of 3.959979 (edge 79->80, type=0, abs error=0.191468 m, stddev=0.048351). The maximum error ratio parameter "RGBD/OptimizeMaxError" is 3.000000 of std deviation.[0m
[rtabmap-2] [33m[ WARN] (2026-06-25 21:22:44.066) Rtabmap.cpp:4033::process() Rejecting all added loop closures (1, first is 82 <-> 7) in this iteration because a wrong loop closure has been detected after graph optimization, resulting in a maximum graph error ratio of 3.082710 (edge 7->8, type=0, abs error=11.572950 deg, stddev=0.065522). The maximum error ratio parameter "RGBD/OptimizeMaxError" is 3.000000 of std deviation.[0m
[rtabmap-2] [33m[ WARN] (2026-06-25 21:22:44.066) Rtabmap.cpp:4071::process() Loop closure 82->7 rejected![0m
[rtabmap-2] [0m[INFO] [1782393764.069529563] [rtabmap.rtabmap]: rtabmap (82): Rate=1.00s, Limit=0.000s, Conversion=0.0004s, RTAB-Map=0.1447s, Maps update=0.0001s pub=0.0015s delay=378678379.3574s (local map=80, WM=80)[0m
[stereo_sync-1] [33m[WARN] [1782393764.675902349] [rtabmap.stereo_sync]: stereo_sync: Did not receive data since 5 seconds! Make sure the input topics are published ("$ rostopic hz my_topic") and the timestamps in their header are set. Ajusting topic_queue_size (100) and sync_queue_size (100) can also help for better synchronization if framerates and/or delays are different.
[stereo_sync-1] stereo_sync subscribed to (approx sync):
[stereo_sync-1]    /cam0/image_rect,
[stereo_sync-1]    /cam1/image_rect,
[stereo_sync-1]    /cam0/camera_info,
[stereo_sync-1]    /cam1/camera_info[0m
[rtabmap-2] [33m[WARN] [1782393764.938827080] [rtabmap.rtabmap]: rtabmap: Did not receive data since 5 seconds! Make sure the input topics are published ("$ ros2 topic hz my_topic") and the timestamps in their header are set. If topics are coming from different computers, make sure the clocks of the computers are synchronized ("ntpdate"). Ajusting topic_queue_size (10) and sync_queue_size (10) can also help for better synchronization if framerates and/or delays are different. If topics are not published at the same rate, you could increase "sync_queue_size" and/or "topic_queue_size" parameters (current=10 and 10 respectively).
[rtabmap-2] rtabmap subscribed to:
[rtabmap-2]    /rtabmap/rgbd_image[0m
[rtabmap-2] [33m[ WARN] (2026-06-25 21:22:45.074) Rtabmap.cpp:3989::process() Rejecting all added loop closures (1, first is 83 <-> 10) in this iteration because a wrong loop closure has been detected after graph optimization, resulting in a maximum graph error ratio of 3.402155 (edge 79->80, type=0, abs error=0.164497 m, stddev=0.048351). The maximum error ratio parameter "RGBD/OptimizeMaxError" is 3.000000 of std deviation.[0m
[rtabmap-2] [33m[ WARN] (2026-06-25 21:22:45.074) Rtabmap.cpp:4071::process() Loop closure 83->10 rejected![0m
[rtabmap-2] [0m[INFO] [1782393765.077517474] [rtabmap.rtabmap]: rtabmap (83): Rate=1.00s, Limit=0.000s, Conversion=0.0005s, RTAB-Map=0.1429s, Maps update=0.0001s pub=0.0016s delay=378678379.3654s (local map=81, WM=81)[0m
[rtabmap-2] [33m[ WARN] (2026-06-25 21:22:46.059) Rtabmap.cpp:3989::process() Rejecting all added loop closures (1, first is 84 <-> 69) in this iteration because a wrong loop closure has been detected after graph optimization, resulting in a maximum graph error ratio of 3.159798 (edge 10->69, type=1, abs error=0.225918 m, stddev=0.071497). The maximum error ratio parameter "RGBD/OptimizeMaxError" is 3.000000 of std deviation.[0m
[rtabmap-2] [33m[ WARN] (2026-06-25 21:22:46.059) Rtabmap.cpp:4071::process() Loop closure 84->69 rejected![0m
[rtabmap-2] [0m[INFO] [1782393766.061861766] [rtabmap.rtabmap]: rtabmap (84): Rate=1.00s, Limit=0.000s, Conversion=0.0004s, RTAB-Map=0.1375s, Maps update=0.0001s pub=0.0015s delay=378678379.3497s (local map=82, WM=82)[0m
[rtabmap-2] [33m[ WARN] (2026-06-25 21:22:47.827) Rtabmap.cpp:3989::process() Rejecting all added loop closures (1, first is 85 <-> 69) in this iteration because a wrong loop closure has been detected after graph optimization, resulting in a maximum graph error ratio of 3.175231 (edge 10->69, type=1, abs error=0.227021 m, stddev=0.071497). The maximum error ratio parameter "RGBD/OptimizeMaxError" is 3.000000 of std deviation.[0m
[rtabmap-2] [33m[ WARN] (2026-06-25 21:22:47.827) Rtabmap.cpp:4071::process() Loop closure 85->69 rejected![0m
[rtabmap-2] [0m[INFO] [1782393767.830499076] [rtabmap.rtabmap]: rtabmap (85): Rate=1.00s, Limit=0.000s, Conversion=0.0006s, RTAB-Map=0.1566s, Maps update=0.0001s pub=0.0015s delay=378678379.3684s (local map=83, WM=83)[0m
[rtabmap-2] [33m[ WARN] (2026-06-25 21:22:48.885) Rtabmap.cpp:3989::process() Rejecting all added loop closures (1, first is 86 <-> 69) in this iteration because a wrong loop closure has been detected after graph optimization, resulting in a maximum graph error ratio of 3.154283 (edge 10->69, type=1, abs error=0.225523 m, stddev=0.071497). The maximum error ratio parameter "RGBD/OptimizeMaxError" is 3.000000 of std deviation.[0m
[rtabmap-2] [33m[ WARN] (2026-06-25 21:22:48.885) Rtabmap.cpp:4071::process() Loop closure 86->69 rejected![0m
[rtabmap-2] [0m[INFO] [1782393768.888156547] [rtabmap.rtabmap]: rtabmap (86): Rate=1.00s, Limit=0.000s, Conversion=0.0005s, RTAB-Map=0.1579s, Maps update=0.0001s pub=0.0015s delay=378678379.3760s (local map=84, WM=84)[0m
[stereo_sync-1] [33m[WARN] [1782393769.675968746] [rtabmap.stereo_sync]: stereo_sync: Did not receive data since 5 seconds! Make sure the input topics are published ("$ rostopic hz my_topic") and the timestamps in their header are set. Ajusting topic_queue_size (100) and sync_queue_size (100) can also help for better synchronization if framerates and/or delays are different.
[stereo_sync-1] stereo_sync subscribed to (approx sync):
[stereo_sync-1]    /cam0/image_rect,
[stereo_sync-1]    /cam1/image_rect,
[stereo_sync-1]    /cam0/camera_info,
[stereo_sync-1]    /cam1/camera_info[0m
[rtabmap-2] [33m[WARN] [1782393769.938902455] [rtabmap.rtabmap]: rtabmap: Did not receive data since 5 seconds! Make sure the input topics are published ("$ ros2 topic hz my_topic") and the timestamps in their header are set. If topics are coming from different computers, make sure the clocks of the computers are synchronized ("ntpdate"). Ajusting topic_queue_size (10) and sync_queue_size (10) can also help for better synchronization if framerates and/or delays are different. If topics are not published at the same rate, you could increase "sync_queue_size" and/or "topic_queue_size" parameters (current=10 and 10 respectively).
[rtabmap-2] rtabmap subscribed to:
[rtabmap-2]    /rtabmap/rgbd_image[0m
[rtabmap-2] [0m[INFO] [1782393770.332594672] [rtabmap.rtabmap]: rtabmap (87): Rate=1.00s, Limit=0.000s, Conversion=0.0004s, RTAB-Map=0.1561s, Maps update=0.0001s pub=0.0015s delay=378678379.3705s (local map=85, WM=85)[0m
[rtabmap-2] [0m[INFO] [1782393771.466454331] [rtabmap.rtabmap]: rtabmap (88): Rate=1.00s, Limit=0.000s, Conversion=0.0006s, RTAB-Map=0.1424s, Maps update=0.0001s pub=0.0015s delay=378678379.3543s (local map=86, WM=86)[0m
[rtabmap-2] [0m[INFO] [1782393772.604956379] [rtabmap.rtabmap]: rtabmap (89): Rate=1.00s, Limit=0.000s, Conversion=0.0003s, RTAB-Map=0.1307s, Maps update=0.0001s pub=0.0015s delay=378678379.3428s (local map=87, WM=87)[0m
[rtabmap-2] [0m[INFO] [1782393773.623898726] [rtabmap.rtabmap]: rtabmap (90): Rate=1.00s, Limit=0.000s, Conversion=0.0004s, RTAB-Map=0.1454s, Maps update=0.0001s pub=0.0015s delay=378678379.3618s (local map=88, WM=88)[0m
[rtabmap-2] [0m[INFO] [1782393774.626173856] [rtabmap.rtabmap]: rtabmap (91): Rate=1.00s, Limit=0.000s, Conversion=0.0005s, RTAB-Map=0.1508s, Maps update=0.0001s pub=0.0015s delay=378678379.3640s (local map=89, WM=89)[0m
[stereo_sync-1] [33m[WARN] [1782393774.675882802] [rtabmap.stereo_sync]: stereo_sync: Did not receive data since 5 seconds! Make sure the input topics are published ("$ rostopic hz my_topic") and the timestamps in their header are set. Ajusting topic_queue_size (100) and sync_queue_size (100) can also help for better synchronization if framerates and/or delays are different.
[stereo_sync-1] stereo_sync subscribed to (approx sync):
[stereo_sync-1]    /cam0/image_rect,
[stereo_sync-1]    /cam1/image_rect,
[stereo_sync-1]    /cam0/camera_info,
[stereo_sync-1]    /cam1/camera_info[0m
[rtabmap-2] [33m[WARN] [1782393774.938965989] [rtabmap.rtabmap]: rtabmap: Did not receive data since 5 seconds! Make sure the input topics are published ("$ ros2 topic hz my_topic") and the timestamps in their header are set. If topics are coming from different computers, make sure the clocks of the computers are synchronized ("ntpdate"). Ajusting topic_queue_size (10) and sync_queue_size (10) can also help for better synchronization if framerates and/or delays are different. If topics are not published at the same rate, you could increase "sync_queue_size" and/or "topic_queue_size" parameters (current=10 and 10 respectively).
[rtabmap-2] rtabmap subscribed to:
[rtabmap-2]    /rtabmap/rgbd_image[0m
[rtabmap-2] [0m[INFO] [1782393775.999009678] [rtabmap.rtabmap]: rtabmap (92): Rate=1.00s, Limit=0.000s, Conversion=0.0005s, RTAB-Map=0.1606s, Maps update=0.0001s pub=0.0016s delay=378678379.3869s (local map=90, WM=90)[0m
[rtabmap-2] [0m[INFO] [1782393777.434084583] [rtabmap.rtabmap]: rtabmap (93): Rate=1.00s, Limit=0.000s, Conversion=0.0005s, RTAB-Map=0.1554s, Maps update=0.0001s pub=0.0015s delay=378678379.3719s (local map=91, WM=91)[0m
[rtabmap-2] [0m[INFO] [1782393778.584343397] [rtabmap.rtabmap]: rtabmap (94): Rate=1.00s, Limit=0.000s, Conversion=0.0004s, RTAB-Map=0.1570s, Maps update=0.0001s pub=0.0016s delay=378678379.3722s (local map=92, WM=92)[0m
[stereo_sync-1] [33m[WARN] [1782393779.675800224] [rtabmap.stereo_sync]: stereo_sync: Did not receive data since 5 seconds! Make sure the input topics are published ("$ rostopic hz my_topic") and the timestamps in their header are set. Ajusting topic_queue_size (100) and sync_queue_size (100) can also help for better synchronization if framerates and/or delays are different.
[stereo_sync-1] stereo_sync subscribed to (approx sync):
[stereo_sync-1]    /cam0/image_rect,
[stereo_sync-1]    /cam1/image_rect,
[stereo_sync-1]    /cam0/camera_info,
[stereo_sync-1]    /cam1/camera_info[0m
[rtabmap-2] [0m[INFO] [1782393779.920768590] [rtabmap.rtabmap]: rtabmap (95): Rate=1.00s, Limit=0.000s, Conversion=0.0005s, RTAB-Map=0.1414s, Maps update=0.0001s pub=0.0017s delay=378678379.3586s (local map=93, WM=93)[0m
[rtabmap-2] [33m[WARN] [1782393779.938685218] [rtabmap.rtabmap]: rtabmap: Did not receive data since 5 seconds! Make sure the input topics are published ("$ ros2 topic hz my_topic") and the timestamps in their header are set. If topics are coming from different computers, make sure the clocks of the computers are synchronized ("ntpdate"). Ajusting topic_queue_size (10) and sync_queue_size (10) can also help for better synchronization if framerates and/or delays are different. If topics are not published at the same rate, you could increase "sync_queue_size" and/or "topic_queue_size" parameters (current=10 and 10 respectively).
[rtabmap-2] rtabmap subscribed to:
[rtabmap-2]    /rtabmap/rgbd_image[0m
[rtabmap-2] [0m[INFO] [1782393780.944780796] [rtabmap.rtabmap]: rtabmap (96): Rate=1.00s, Limit=0.000s, Conversion=0.0004s, RTAB-Map=0.1681s, Maps update=0.0001s pub=0.0017s delay=378678379.3826s (local map=94, WM=94)[0m
[rtabmap-2] [33m[ WARN] (2026-06-25 21:23:02.414) Rtabmap.cpp:3143::process() Rejected loop closure 26 -> 97: Not enough inliers 0/12 (matches=76) between 26 and 97[0m
[rtabmap-2] [0m[INFO] [1782393782.417543204] [rtabmap.rtabmap]: rtabmap (97): Rate=1.00s, Limit=0.000s, Conversion=0.0006s, RTAB-Map=0.1323s, Maps update=0.0001s pub=0.0017s delay=378678379.3554s (local map=95, WM=95)[0m
[rtabmap-2] [33m[ WARN] (2026-06-25 21:23:03.405) Rtabmap.cpp:3143::process() Rejected loop closure 26 -> 98: Not enough inliers 0/12 (matches=49) between 26 and 98[0m
[rtabmap-2] [0m[INFO] [1782393783.407901438] [rtabmap.rtabmap]: rtabmap (98): Rate=1.00s, Limit=0.000s, Conversion=0.0003s, RTAB-Map=0.1282s, Maps update=0.0001s pub=0.0016s delay=378678379.3458s (local map=96, WM=96)[0m
[stereo_sync-1] [33m[WARN] [1782393784.675754896] [rtabmap.stereo_sync]: stereo_sync: Did not receive data since 5 seconds! Make sure the input topics are published ("$ rostopic hz my_topic") and the timestamps in their header are set. Ajusting topic_queue_size (100) and sync_queue_size (100) can also help for better synchronization if framerates and/or delays are different.
[stereo_sync-1] stereo_sync subscribed to (approx sync):
[stereo_sync-1]    /cam0/image_rect,
[stereo_sync-1]    /cam1/image_rect,
[stereo_sync-1]    /cam0/camera_info,
[stereo_sync-1]    /cam1/camera_info[0m
[rtabmap-2] [0m[INFO] [1782393784.788256814] [rtabmap.rtabmap]: rtabmap (99): Rate=1.00s, Limit=0.000s, Conversion=0.0005s, RTAB-Map=0.1096s, Maps update=0.0001s pub=0.0016s delay=378678379.3261s (local map=97, WM=97)[0m
[rtabmap-2] [33m[WARN] [1782393784.938761297] [rtabmap.rtabmap]: rtabmap: Did not receive data since 5 seconds! Make sure the input topics are published ("$ ros2 topic hz my_topic") and the timestamps in their header are set. If topics are coming from different computers, make sure the clocks of the computers are synchronized ("ntpdate"). Ajusting topic_queue_size (10) and sync_queue_size (10) can also help for better synchronization if framerates and/or delays are different. If topics are not published at the same rate, you could increase "sync_queue_size" and/or "topic_queue_size" parameters (current=10 and 10 respectively).
[rtabmap-2] rtabmap subscribed to:
[rtabmap-2]    /rtabmap/rgbd_image[0m
[rtabmap-2] [0m[INFO] [1782393785.831597218] [rtabmap.rtabmap]: rtabmap (100): Rate=1.00s, Limit=0.000s, Conversion=0.0004s, RTAB-Map=0.1024s, Maps update=0.0001s pub=0.0019s delay=378678379.3195s (local map=98, WM=98)[0m
[rtabmap-2] [0m[INFO] [1782393787.171633436] [rtabmap.rtabmap]: rtabmap (101): Rate=1.00s, Limit=0.000s, Conversion=0.0005s, RTAB-Map=0.1422s, Maps update=0.0001s pub=0.0027s delay=378678379.3595s (local map=99, WM=99)[0m
[rtabmap-2] [33m[ WARN] (2026-06-25 21:23:08.159) Rtabmap.cpp:3989::process() Rejecting all added loop closures (1, first is 102 <-> 68) in this iteration because a wrong loop closure has been detected after graph optimization, resulting in a maximum graph error ratio of 3.062067 (edge 10->69, type=1, abs error=0.218930 m, stddev=0.071497). The maximum error ratio parameter "RGBD/OptimizeMaxError" is 3.000000 of std deviation.[0m
[rtabmap-2] [33m[ WARN] (2026-06-25 21:23:08.159) Rtabmap.cpp:4071::process() Loop closure 102->68 rejected![0m
[rtabmap-2] [0m[INFO] [1782393788.162341339] [rtabmap.rtabmap]: rtabmap (102): Rate=1.00s, Limit=0.000s, Conversion=0.0005s, RTAB-Map=0.1342s, Maps update=0.0001s pub=0.0016s delay=378678379.3502s (local map=100, WM=100)[0m
[stereo_sync-1] [33m[WARN] [1782393789.675723044] [rtabmap.stereo_sync]: stereo_sync: Did not receive data since 5 seconds! Make sure the input topics are published ("$ rostopic hz my_topic") and the timestamps in their header are set. Ajusting topic_queue_size (100) and sync_queue_size (100) can also help for better synchronization if framerates and/or delays are different.
[stereo_sync-1] stereo_sync subscribed to (approx sync):
[stereo_sync-1]    /cam0/image_rect,
[stereo_sync-1]    /cam1/image_rect,
[stereo_sync-1]    /cam0/camera_info,
[stereo_sync-1]    /cam1/camera_info[0m
[rtabmap-2] [33m[WARN] [1782393789.938646632] [rtabmap.rtabmap]: rtabmap: Did not receive data since 5 seconds! Make sure the input topics are published ("$ ros2 topic hz my_topic") and the timestamps in their header are set. If topics are coming from different computers, make sure the clocks of the computers are synchronized ("ntpdate"). Ajusting topic_queue_size (10) and sync_queue_size (10) can also help for better synchronization if framerates and/or delays are different. If topics are not published at the same rate, you could increase "sync_queue_size" and/or "topic_queue_size" parameters (current=10 and 10 respectively).
[rtabmap-2] rtabmap subscribed to:
[rtabmap-2]    /rtabmap/rgbd_image[0m
[rtabmap-2] [33m[ WARN] (2026-06-25 21:23:10.141) Rtabmap.cpp:3989::process() Rejecting all added loop closures (1, first is 103 <-> 81) in this iteration because a wrong loop closure has been detected after graph optimization, resulting in a maximum graph error ratio of 3.639215 (edge 79->80, type=0, abs error=0.175959 m, stddev=0.048351). The maximum error ratio parameter "RGBD/OptimizeMaxError" is 3.000000 of std deviation.[0m
[rtabmap-2] [33m[ WARN] (2026-06-25 21:23:10.141) Rtabmap.cpp:4033::process() Rejecting all added loop closures (1, first is 103 <-> 81) in this iteration because a wrong loop closure has been detected after graph optimization, resulting in a maximum graph error ratio of 3.465326 (edge 79->80, type=0, abs error=20.465964 deg, stddev=0.103078). The maximum error ratio parameter "RGBD/OptimizeMaxError" is 3.000000 of std deviation.[0m
[rtabmap-2] [33m[ WARN] (2026-06-25 21:23:10.141) Rtabmap.cpp:4071::process() Loop closure 103->81 rejected![0m
[rtabmap-2] [0m[INFO] [1782393790.144235902] [rtabmap.rtabmap]: rtabmap (103): Rate=1.00s, Limit=0.000s, Conversion=0.0004s, RTAB-Map=0.1609s, Maps update=0.0001s pub=0.0016s delay=378678379.3821s (local map=101, WM=101)[0m
[rtabmap-2] [33m[ WARN] (2026-06-25 21:23:11.543) Rtabmap.cpp:3989::process() Rejecting all added loop closures (1, first is 104 <-> 81) in this iteration because a wrong loop closure has been detected after graph optimization, resulting in a maximum graph error ratio of 3.573072 (edge 79->80, type=0, abs error=0.172761 m, stddev=0.048351). The maximum error ratio parameter "RGBD/OptimizeMaxError" is 3.000000 of std deviation.[0m
[rtabmap-2] [33m[ WARN] (2026-06-25 21:23:11.543) Rtabmap.cpp:4033::process() Rejecting all added loop closures (1, first is 104 <-> 81) in this iteration because a wrong loop closure has been detected after graph optimization, resulting in a maximum graph error ratio of 3.329310 (edge 79->80, type=0, abs error=19.662665 deg, stddev=0.103078). The maximum error ratio parameter "RGBD/OptimizeMaxError" is 3.000000 of std deviation.[0m
[rtabmap-2] [33m[ WARN] (2026-06-25 21:23:11.543) Rtabmap.cpp:4071::process() Loop closure 104->81 rejected![0m
[rtabmap-2] [0m[INFO] [1782393791.545851750] [rtabmap.rtabmap]: rtabmap (104): Rate=1.00s, Limit=0.000s, Conversion=0.0004s, RTAB-Map=0.1628s, Maps update=0.0001s pub=0.0015s delay=378678379.3837s (local map=102, WM=102)[0m
[rtabmap-2] [33m[ WARN] (2026-06-25 21:23:12.948) Rtabmap.cpp:3989::process() Rejecting all added loop closures (1, first is 105 <-> 81) in this iteration because a wrong loop closure has been detected after graph optimization, resulting in a maximum graph error ratio of 3.527088 (edge 79->80, type=0, abs error=0.170537 m, stddev=0.048351). The maximum error ratio parameter "RGBD/OptimizeMaxError" is 3.000000 of std deviation.[0m
[rtabmap-2] [33m[ WARN] (2026-06-25 21:23:12.948) Rtabmap.cpp:4033::process() Rejecting all added loop closures (1, first is 105 <-> 81) in this iteration because a wrong loop closure has been detected after graph optimization, resulting in a maximum graph error ratio of 3.262591 (edge 79->80, type=0, abs error=19.268627 deg, stddev=0.103078). The maximum error ratio parameter "RGBD/OptimizeMaxError" is 3.000000 of std deviation.[0m
[rtabmap-2] [33m[ WARN] (2026-06-25 21:23:12.948) Rtabmap.cpp:4071::process() Loop closure 105->81 rejected![0m
[rtabmap-2] [0m[INFO] [1782393792.951018593] [rtabmap.rtabmap]: rtabmap (105): Rate=1.00s, Limit=0.000s, Conversion=0.0005s, RTAB-Map=0.1726s, Maps update=0.0001s pub=0.0015s delay=378678379.3889s (local map=103, WM=103)[0m
[rtabmap-2] [33m[ WARN] (2026-06-25 21:23:13.998) Features2d.cpp:999::generateKeypoints3D() A large number (513/911) of stereo correspondences are rejected! Optical flow may have failed because images are not calibrated, the background is too far (no disparity between the images), maximum disparity may be too small (128.000000) or that exposure between left and right images is too different.[0m
[rtabmap-2] [33m[ WARN] (2026-06-25 21:23:14.121) Rtabmap.cpp:3143::process() Rejected loop closure 80 -> 106: Not enough inliers 8/12 (matches=58) between 80 and 106[0m
[rtabmap-2] [0m[INFO] [1782393794.123885945] [rtabmap.rtabmap]: rtabmap (106): Rate=1.00s, Limit=0.000s, Conversion=0.0005s, RTAB-Map=0.1459s, Maps update=0.0001s pub=0.0015s delay=378678379.3617s (local map=104, WM=104)[0m
[stereo_sync-1] [33m[WARN] [1782393794.675707229] [rtabmap.stereo_sync]: stereo_sync: Did not receive data since 5 seconds! Make sure the input topics are published ("$ rostopic hz my_topic") and the timestamps in their header are set. Ajusting topic_queue_size (100) and sync_queue_size (100) can also help for better synchronization if framerates and/or delays are different.
[stereo_sync-1] stereo_sync subscribed to (approx sync):
[stereo_sync-1]    /cam0/image_rect,
[stereo_sync-1]    /cam1/image_rect,
[stereo_sync-1]    /cam0/camera_info,
[stereo_sync-1]    /cam1/camera_info[0m
[rtabmap-2] [33m[WARN] [1782393794.938704308] [rtabmap.rtabmap]: rtabmap: Did not receive data since 5 seconds! Make sure the input topics are published ("$ ros2 topic hz my_topic") and the timestamps in their header are set. If topics are coming from different computers, make sure the clocks of the computers are synchronized ("ntpdate"). Ajusting topic_queue_size (10) and sync_queue_size (10) can also help for better synchronization if framerates and/or delays are different. If topics are not published at the same rate, you could increase "sync_queue_size" and/or "topic_queue_size" parameters (current=10 and 10 respectively).
[rtabmap-2] rtabmap subscribed to:
[rtabmap-2]    /rtabmap/rgbd_image[0m
[rtabmap-2] [33m[ WARN] (2026-06-25 21:23:15.158) Features2d.cpp:999::generateKeypoints3D() A large number (780/973) of stereo correspondences are rejected! Optical flow may have failed because images are not calibrated, the background is too far (no disparity between the images), maximum disparity may be too small (128.000000) or that exposure between left and right images is too different.[0m
[rtabmap-2] [0m[INFO] [1782393795.240642247] [rtabmap.rtabmap]: rtabmap (107): Rate=1.00s, Limit=0.000s, Conversion=0.0004s, RTAB-Map=0.1030s, Maps update=0.0001s pub=0.0016s delay=378678379.3285s (local map=105, WM=105)[0m
[rtabmap-2] [33m[ WARN] (2026-06-25 21:23:17.144) Features2d.cpp:999::generateKeypoints3D() A large number (736/975) of stereo correspondences are rejected! Optical flow may have failed because images are not calibrated, the background is too far (no disparity between the images), maximum disparity may be too small (128.000000) or that exposure between left and right images is too different.[0m
[rtabmap-2] [0m[INFO] [1782393797.229667669] [rtabmap.rtabmap]: rtabmap (108): Rate=1.00s, Limit=0.000s, Conversion=0.0004s, RTAB-Map=0.1067s, Maps update=0.0001s pub=0.0016s delay=378678379.3175s (local map=105, WM=105)[0m
[stereo_sync-1] [33m[WARN] [1782393799.675621462] [rtabmap.stereo_sync]: stereo_sync: Did not receive data since 5 seconds! Make sure the input topics are published ("$ rostopic hz my_topic") and the timestamps in their header are set. Ajusting topic_queue_size (100) and sync_queue_size (100) can also help for better synchronization if framerates and/or delays are different.
[stereo_sync-1] stereo_sync subscribed to (approx sync):
[stereo_sync-1]    /cam0/image_rect,
[stereo_sync-1]    /cam1/image_rect,
[stereo_sync-1]    /cam0/camera_info,
[stereo_sync-1]    /cam1/camera_info[0m
[rtabmap-2] [33m[WARN] [1782393799.938533145] [rtabmap.rtabmap]: rtabmap: Did not receive data since 5 seconds! Make sure the input topics are published ("$ ros2 topic hz my_topic") and the timestamps in their header are set. If topics are coming from different computers, make sure the clocks of the computers are synchronized ("ntpdate"). Ajusting topic_queue_size (10) and sync_queue_size (10) can also help for better synchronization if framerates and/or delays are different. If topics are not published at the same rate, you could increase "sync_queue_size" and/or "topic_queue_size" parameters (current=10 and 10 respectively).
[rtabmap-2] rtabmap subscribed to:
[rtabmap-2]    /rtabmap/rgbd_image[0m
[stereo_sync-1] [33m[WARN] [1782393804.675655109] [rtabmap.stereo_sync]: stereo_sync: Did not receive data since 5 seconds! Make sure the input topics are published ("$ rostopic hz my_topic") and the timestamps in their header are set. Ajusting topic_queue_size (100) and sync_queue_size (100) can also help for better synchronization if framerates and/or delays are different.
[stereo_sync-1] stereo_sync subscribed to (approx sync):
[stereo_sync-1]    /cam0/image_rect,
[stereo_sync-1]    /cam1/image_rect,
[stereo_sync-1]    /cam0/camera_info,
[stereo_sync-1]    /cam1/camera_info[0m
[rtabmap-2] [33m[WARN] [1782393804.938648396] [rtabmap.rtabmap]: rtabmap: Did not receive data since 5 seconds! Make sure the input topics are published ("$ ros2 topic hz my_topic") and the timestamps in their header are set. If topics are coming from different computers, make sure the clocks of the computers are synchronized ("ntpdate"). Ajusting topic_queue_size (10) and sync_queue_size (10) can also help for better synchronization if framerates and/or delays are different. If topics are not published at the same rate, you could increase "sync_queue_size" and/or "topic_queue_size" parameters (current=10 and 10 respectively).
[rtabmap-2] rtabmap subscribed to:
[rtabmap-2]    /rtabmap/rgbd_image[0m
[stereo_sync-1] [33m[WARN] [1782393809.675696566] [rtabmap.stereo_sync]: stereo_sync: Did not receive data since 5 seconds! Make sure the input topics are published ("$ rostopic hz my_topic") and the timestamps in their header are set. Ajusting topic_queue_size (100) and sync_queue_size (100) can also help for better synchronization if framerates and/or delays are different.
[stereo_sync-1] stereo_sync subscribed to (approx sync):
[stereo_sync-1]    /cam0/image_rect,
[stereo_sync-1]    /cam1/image_rect,
[stereo_sync-1]    /cam0/camera_info,
[stereo_sync-1]    /cam1/camera_info[0m
[rtabmap-2] [33m[WARN] [1782393809.938773047] [rtabmap.rtabmap]: rtabmap: Did not receive data since 5 seconds! Make sure the input topics are published ("$ ros2 topic hz my_topic") and the timestamps in their header are set. If topics are coming from different computers, make sure the clocks of the computers are synchronized ("ntpdate"). Ajusting topic_queue_size (10) and sync_queue_size (10) can also help for better synchronization if framerates and/or delays are different. If topics are not published at the same rate, you could increase "sync_queue_size" and/or "topic_queue_size" parameters (current=10 and 10 respectively).
[rtabmap-2] rtabmap subscribed to:
[rtabmap-2]    /rtabmap/rgbd_image[0m
