run_rtabmap start: 2026-06-25T21:17:43+08:00
HNO_PKG=/home/sharpa/hno_vio_clean/src/hno_vio
RUN_RTABMAP_DIR=/home/sharpa/hno_vio_clean/src/hno_vio/tools/run_rtabmap
ROS2_WS=/home/sharpa/hno_vio_clean/src/hno_vio/tools/run_rtabmap/ros2_ws
RTABMAP_WS=/home/sharpa/ros2_ws/install
RUN_DIR=/home/sharpa/hno_vio_clean/src/hno_vio/results/run_20260625T120152
VIO_RESULTS_DIR=/home/sharpa/hno_vio_clean/src/hno_vio/results/run_20260625T120152/vio_results
RUN_CONTEXT_JSON=/home/sharpa/hno_vio_clean/src/hno_vio/results/run_20260625T120152/run_context.json
EUROC_MAV0=/home/sharpa/datasets/euroc/ASL/V1_01_easy/mav0
GROUND_TRUTH_TUM=/home/sharpa/hno_vio_clean/src/hno_vio/ground_truth/euroc_mav/V1_01_easy.txt
ODOM_FRAME=odom
BASE_FRAME=base_link
OUT_DIR=/home/sharpa/hno_vio_clean/src/hno_vio/results/run_20260625T120152/offline_results
LOG_DIR=/home/sharpa/hno_vio_clean/src/hno_vio/results/run_20260625T120152/offline_results/logs
INPUT_ODOM_CSV=/home/sharpa/hno_vio_clean/src/hno_vio/results/run_20260625T120152/vio_results/odom_raw.csv
INPUT_ODOM_TXT=/home/sharpa/hno_vio_clean/src/hno_vio/results/run_20260625T120152/vio_results/odom_raw.txt
INPUT_BAG=/home/sharpa/hno_vio_clean/src/hno_vio/results/run_20260625T120152/offline_results/rtabmap_input.bag
OUTPUT_BAG=/home/sharpa/hno_vio_clean/src/hno_vio/results/run_20260625T120152/offline_results/rtabmap_output.bag
RTABMAP_DB=/home/sharpa/hno_vio_clean/src/hno_vio/results/run_20260625T120152/offline_results/rtabmap.db

HNO_PKG=/home/sharpa/hno_vio_clean/src/hno_vio
RUN_RTABMAP_DIR=/home/sharpa/hno_vio_clean/src/hno_vio/tools/run_rtabmap
ROS2_WS=/home/sharpa/hno_vio_clean/src/hno_vio/tools/run_rtabmap/ros2_ws
RTABMAP_WS=/home/sharpa/ros2_ws/install
RUN_DIR=/home/sharpa/hno_vio_clean/src/hno_vio/results/run_20260625T120152
VIO_RESULTS_DIR=/home/sharpa/hno_vio_clean/src/hno_vio/results/run_20260625T120152/vio_results
RUN_CONTEXT_JSON=/home/sharpa/hno_vio_clean/src/hno_vio/results/run_20260625T120152/run_context.json
EUROC_MAV0=/home/sharpa/datasets/euroc/ASL/V1_01_easy/mav0
GROUND_TRUTH_TUM=/home/sharpa/hno_vio_clean/src/hno_vio/ground_truth/euroc_mav/V1_01_easy.txt
ODOM_FRAME=odom
BASE_FRAME=base_link
OUT_DIR=/home/sharpa/hno_vio_clean/src/hno_vio/results/run_20260625T120152/offline_results
LOG_DIR=/home/sharpa/hno_vio_clean/src/hno_vio/results/run_20260625T120152/offline_results/logs
INPUT_ODOM_CSV=/home/sharpa/hno_vio_clean/src/hno_vio/results/run_20260625T120152/vio_results/odom_raw.csv
INPUT_ODOM_TXT=/home/sharpa/hno_vio_clean/src/hno_vio/results/run_20260625T120152/vio_results/odom_raw.txt
INPUT_BAG=/home/sharpa/hno_vio_clean/src/hno_vio/results/run_20260625T120152/offline_results/rtabmap_input.bag
OUTPUT_BAG=/home/sharpa/hno_vio_clean/src/hno_vio/results/run_20260625T120152/offline_results/rtabmap_output.bag
RTABMAP_DB=/home/sharpa/hno_vio_clean/src/hno_vio/results/run_20260625T120152/offline_results/rtabmap.db

checks:
run_context.json: ok
odom_raw.csv/txt: ok
EuRoC ASL images/calibration: ok
ground truth TUM: ok
ROS2/RTAB-Map paths: ok
/home/sharpa/.local/bin/evo_ape
/home/sharpa/.local/bin/evo_rpe
/home/sharpa/.local/bin/evo_traj
/usr/bin/colcon
host commands: ok
not found: "/home/sharpa/hno_slam_ws/devel/local_setup.bash"
/home/sharpa/ros2_ws/install/rtabmap_slam
/home/sharpa/ros2_ws/install/rtabmap_sync
python imports: ok
/home/sharpa/hno_vio_clean/src/hno_vio/results/run_20260625T120152/offline_results/logs/odom_check.txt
not found: "/home/sharpa/hno_slam_ws/devel/local_setup.bash"
Starting >>> hno_rtabmap_replay
Finished <<< hno_rtabmap_replay [0.79s]

Summary: 1 package finished [1.14s]
/home/sharpa/hno_vio_clean/src/hno_vio/tools/run_rtabmap/ros2_ws/install/hno_rtabmap_replay
not found: "/home/sharpa/hno_slam_ws/devel/local_setup.bash"
[INFO] [launch]: All log files can be found below /tmp/ros2_logs/2026-06-25-21-17-49-796553-IT26000351-179313
[INFO] [launch]: Default logging verbosity is set to INFO
[INFO] [hno_replay_node-1]: process started with pid [179332]
[hno_replay_node-1] [INFO] [1782393470.456988685] [hno_rtabmap_replay]: T_base_cam0_rect:
[hno_replay_node-1] [[ 0.01632106 -0.99980559  0.01106332 -0.02164015]
[hno_replay_node-1]  [ 0.99971009  0.0165134   0.01752279 -0.06467699]
[hno_replay_node-1]  [-0.01770207  0.01077413  0.99978525  0.00981073]
[hno_replay_node-1]  [ 0.          0.          0.          1.        ]]
[hno_replay_node-1] [INFO] [1782393470.457543802] [hno_rtabmap_replay]: T_base_cam1_rect:
[hno_replay_node-1] [[ 0.01632106 -0.99980559  0.01106332 -0.01984356]
[hno_replay_node-1]  [ 0.99971009  0.0165134   0.01752279  0.04536894]
[hno_replay_node-1]  [-0.01770207  0.01077413  0.99978525  0.00786212]
[hno_replay_node-1]  [ 0.          0.          0.          1.        ]]
[hno_replay_node-1] [INFO] [1782393470.457763084] [hno_rtabmap_replay]: baseline_tf 0.110078 baseline_from_P 0.110078
[hno_replay_node-1] [INFO] [1782393470.458555842] [hno_rtabmap_replay]: Replay ready: 2912 stereo frames, 2293 odom poses
[hno_replay_node-1] [WARN] [1782393470.509646746] [hno_rtabmap_replay]: skip frame 1403715273262142976: nearest odom diff ns=2700000000
[hno_replay_node-1] [WARN] [1782393470.559391751] [hno_rtabmap_replay]: skip frame 1403715273312143104: nearest odom diff ns=2649999872
[hno_replay_node-1] [WARN] [1782393470.608901173] [hno_rtabmap_replay]: skip frame 1403715273362142976: nearest odom diff ns=2600000000
[hno_replay_node-1] [WARN] [1782393470.658977617] [hno_rtabmap_replay]: skip frame 1403715273412143104: nearest odom diff ns=2549999872
[hno_replay_node-1] [WARN] [1782393470.708934184] [hno_rtabmap_replay]: skip frame 1403715273462142976: nearest odom diff ns=2500000000
[hno_replay_node-1] [WARN] [1782393486.308927402] [hno_rtabmap_replay]: skip frame 1403715289062142976: nearest odom diff ns=50000128
[hno_replay_node-1] [WARN] [1782393512.658935193] [hno_rtabmap_replay]: skip frame 1403715315412143104: nearest odom diff ns=49999872
[hno_replay_node-1] [WARN] [1782393533.208894829] [hno_rtabmap_replay]: skip frame 1403715335962142976: nearest odom diff ns=49999872
[hno_replay_node-1] [WARN] [1782393560.059022941] [hno_rtabmap_replay]: skip frame 1403715362812143104: nearest odom diff ns=49999872
[hno_replay_node-1] [WARN] [1782393583.259027316] [hno_rtabmap_replay]: skip frame 1403715386012143104: nearest odom diff ns=49999872
[hno_replay_node-1] [WARN] [1782393609.558961592] [hno_rtabmap_replay]: skip frame 1403715412312143104: nearest odom diff ns=49999872
[hno_replay_node-1] [INFO] [1782393616.109242576] [hno_rtabmap_replay]: Replay finished: published=2293 skipped=619
[INFO] [hno_replay_node-1]: process has finished cleanly [pid 179332]

Files:             rtabmap_input.bag_0.db3
Bag size:          1.5 GiB
Storage id:        sqlite3
Duration:          145.580873603s
Start:             Jun 25 2026 21:17:50.484904133 (1782393470.484904133)
End:               Jun 25 2026 21:20:16.065777736 (1782393616.065777736)
Messages:          16052
Topic information: Topic: /tf_static | Type: tf2_msgs/msg/TFMessage | Count: 1 | Serialization Format: cdr
                   Topic: /tf | Type: tf2_msgs/msg/TFMessage | Count: 2293 | Serialization Format: cdr
                   Topic: /hno_vio/odom | Type: nav_msgs/msg/Odometry | Count: 2293 | Serialization Format: cdr
                   Topic: /clock | Type: rosgraph_msgs/msg/Clock | Count: 2293 | Serialization Format: cdr
                   Topic: /cam1/image_rect | Type: sensor_msgs/msg/Image | Count: 2293 | Serialization Format: cdr
                   Topic: /cam1/camera_info | Type: sensor_msgs/msg/CameraInfo | Count: 2293 | Serialization Format: cdr
                   Topic: /cam0/image_rect | Type: sensor_msgs/msg/Image | Count: 2293 | Serialization Format: cdr
                   Topic: /cam0/camera_info | Type: sensor_msgs/msg/CameraInfo | Count: 2293 | Serialization Format: cdr

not found: "/home/sharpa/hno_slam_ws/devel/local_setup.bash"
stdin is not a terminal device. Keyboard handling disabled.[INFO] [1782393652.418209227] [rosbag2_storage]: Opened database '/home/sharpa/hno_vio_clean/src/hno_vio/results/run_20260625T120152/offline_results/rtabmap_input.bag/rtabmap_input.bag_0.db3' for READ_ONLY.
[INFO] [1782393652.418286491] [rosbag2_player]: Set rate to 1
[INFO] [1782393652.436289257] [rosbag2_player]: Adding keyboard callbacks.
[INFO] [1782393652.436341796] [rosbag2_player]: Press SPACE for Pause/Resume
[INFO] [1782393652.436353314] [rosbag2_player]: Press CURSOR_RIGHT for Play Next Message
[INFO] [1782393652.436362968] [rosbag2_player]: Press CURSOR_UP for Increase Rate 10%
[INFO] [1782393652.436371109] [rosbag2_player]: Press CURSOR_DOWN for Decrease Rate 10%
[INFO] [1782393652.437033486] [rosbag2_storage]: Opened database '/home/sharpa/hno_vio_clean/src/hno_vio/results/run_20260625T120152/offline_results/rtabmap_input.bag/rtabmap_input.bag_0.db3' for READ_ONLY.
cleanup: rtabmap launch did not exit after SIGINT; sending SIGTERM

Files:             rtabmap_output.bag_0.db3
Bag size:          1.6 GiB
Storage id:        sqlite3
Duration:          155.749899719s
Start:             Jun 25 2026 21:20:50.380668698 (1782393650.380668698)
End:               Jun 25 2026 21:23:26.130568417 (1782393806.130568417)
Messages:          10211
Topic information: Topic: /tf_static | Type: tf2_msgs/msg/TFMessage | Count: 1 | Serialization Format: cdr
                   Topic: /hno_vio/odom | Type: nav_msgs/msg/Odometry | Count: 2293 | Serialization Format: cdr
                   Topic: /tf | Type: tf2_msgs/msg/TFMessage | Count: 5409 | Serialization Format: cdr
                   Topic: /rtabmap/mapData | Type: rtabmap_msgs/msg/MapData | Count: 108 | Serialization Format: cdr
                   Topic: /rtabmap/local_path | Type: nav_msgs/msg/Path | Count: 0 | Serialization Format: cdr
                   Topic: /rtabmap/info | Type: rtabmap_msgs/msg/Info | Count: 108 | Serialization Format: cdr
                   Topic: /rtabmap/global_path | Type: nav_msgs/msg/Path | Count: 0 | Serialization Format: cdr
                   Topic: /rtabmap/rgbd_image | Type: rtabmap_msgs/msg/RGBDImage | Count: 2292 | Serialization Format: cdr

not found: "/home/sharpa/hno_slam_ws/devel/local_setup.bash"
[INFO] [1782393812.539913373] [rosbag2_storage]: Opened database '/home/sharpa/hno_vio_clean/src/hno_vio/results/run_20260625T120152/offline_results/rtabmap_output.bag/rtabmap_output.bag_0.db3' for READ_ONLY.
optimized_tum: /home/sharpa/hno_vio_clean/src/hno_vio/results/run_20260625T120152/offline_results/odom_optimized.txt
report: /home/sharpa/hno_vio_clean/src/hno_vio/results/run_20260625T120152/offline_results/logs/export_report.txt
[INFO] [1782393818.350079330] [rosbag2_storage]: Opened database '/home/sharpa/hno_vio_clean/src/hno_vio/results/run_20260625T120152/offline_results/rtabmap_output.bag/rtabmap_output.bag_0.db3' for READ_ONLY.
[INFO] [1782393822.052578117] [rosbag2_storage]: Opened database '/home/sharpa/hno_vio_clean/src/hno_vio/results/run_20260625T120152/offline_results/rtabmap_output.bag/rtabmap_output.bag_0.db3' for READ_ONLY.
[INFO] [1782393824.117658411] [rosbag2_storage]: Opened database '/home/sharpa/hno_vio_clean/src/hno_vio/results/run_20260625T120152/offline_results/rtabmap_input.bag/rtabmap_input.bag_0.db3' for READ_ONLY.
[INFO] [1782393826.981498060] [rosbag2_storage]: Opened database '/home/sharpa/hno_vio_clean/src/hno_vio/results/run_20260625T120152/offline_results/rtabmap_output.bag/rtabmap_output.bag_0.db3' for READ_ONLY.
/home/sharpa/hno_vio_clean/src/hno_vio/results/run_20260625T120152/offline_results/logs/map_odom_stats.txt
/home/sharpa/hno_vio_clean/src/hno_vio/results/run_20260625T120152/offline_results/logs/rtabmap_graph_stats.txt
/home/sharpa/hno_vio_clean/src/hno_vio/results/run_20260625T120152/offline_results/logs/topic_hz_stats.txt
/home/sharpa/hno_vio_clean/src/hno_vio/results/run_20260625T120152/offline_results/summary.md

completed:
offline results: /home/sharpa/hno_vio_clean/src/hno_vio/results/run_20260625T120152/offline_results
input bag: /home/sharpa/hno_vio_clean/src/hno_vio/results/run_20260625T120152/offline_results/rtabmap_input.bag
output bag: /home/sharpa/hno_vio_clean/src/hno_vio/results/run_20260625T120152/offline_results/rtabmap_output.bag
rtabmap db: /home/sharpa/hno_vio_clean/src/hno_vio/results/run_20260625T120152/offline_results/rtabmap.db
optimized odom: /home/sharpa/hno_vio_clean/src/hno_vio/results/run_20260625T120152/offline_results/odom_optimized.txt
summary: /home/sharpa/hno_vio_clean/src/hno_vio/results/run_20260625T120152/offline_results/summary.md
# RTAB-Map Offline Evaluation

Raw odometry: `/home/sharpa/hno_vio_clean/src/hno_vio/results/run_20260625T120152/vio_results/odom_raw.txt`.
Optimized odometry: `/home/sharpa/hno_vio_clean/src/hno_vio/results/run_20260625T120152/offline_results/odom_optimized.txt`.
Ground truth: `/home/sharpa/hno_vio_clean/src/hno_vio/ground_truth/euroc_mav/V1_01_easy.txt`.

| metric | raw | optimized |
| --- | ---: | ---: |
| ATE RMSE [m] | 0.392425 | 0.236789 |
| ATE mean [m] | 0.340964 | 0.131592 |
| ATE median [m] | 0.268993 | 0.076402 |
| RPE trans RMSE @20 frames (~1s) [m] | 0.040445 | 0.619762 |
| RPE rot RMSE @20 frames (~1s) [deg] | 0.706970 | 9.634599 |
| path length [m] | 60.894471 | 52.021598 |
| optimized/raw path length ratio | 1.000000 | 0.854291 |
| pose count | 2293 | 106 |
| duration [s] | 142.850000 | 142.850000 |
| final raw-vs-optimized position delta [m] | 0.001661 | 0.001661 |
| raw-vs-optimized mean position delta [m] | 2.359265415 | 2.359265415 |
| raw-vs-optimized max position delta [m] | 4.506796658 | 4.506796658 |
| optimized graph pose count | 106 | 106 |

Notes:
- Evaluation uses `evo_ape/evo_rpe --align --correct_scale` for shape comparison.
- `odom_optimized.txt` is exported from `/rtabmap/mapData.graph.poses`.
- The primary RTAB-Map odometry input is TF `odom -> base_link`; `/hno_vio/odom` is recorded for export/debugging.
- RPY plot and CSV unwrap each curve and place optimized/GT on the nearest 360-degree branch of raw before visualization.
