[INFO] [launch]: All log files can be found below /tmp/ros2_logs/2026-06-25-21-32-57-133874-IT26000351-189712
[INFO] [launch]: Default logging verbosity is set to INFO
[INFO] [stereo_sync-1]: process started with pid [189715]
[INFO] [rtabmap-2]: process started with pid [189717]
[stereo_sync-1] [0m[INFO] [1782394377.514652778] [rtabmap.stereo_sync]: stereo_sync: approx_sync = true[0m
[stereo_sync-1] [0m[INFO] [1782394377.514811089] [rtabmap.stereo_sync]: stereo_sync: approx_sync_max_interval = 0.000000[0m
[stereo_sync-1] [0m[INFO] [1782394377.514827950] [rtabmap.stereo_sync]: stereo_sync: topic_queue_size  = 100[0m
[stereo_sync-1] [0m[INFO] [1782394377.514833577] [rtabmap.stereo_sync]: stereo_sync: sync_queue_size   = 100[0m
[stereo_sync-1] [0m[INFO] [1782394377.514838303] [rtabmap.stereo_sync]: stereo_sync: qos             = 1[0m
[stereo_sync-1] [0m[INFO] [1782394377.514844555] [rtabmap.stereo_sync]: stereo_sync: qos_camera_info = 1[0m
[stereo_sync-1] [0m[INFO] [1782394377.514849701] [rtabmap.stereo_sync]: stereo_sync: compressed_rate = 0.000000[0m
[stereo_sync-1] [0m[INFO] [1782394377.514855145] [rtabmap.stereo_sync]: stereo_sync: image_transport = raw[0m
[stereo_sync-1] [0m[INFO] [1782394377.526152789] [rtabmap.stereo_sync]: 
[stereo_sync-1] stereo_sync subscribed to (approx sync):
[stereo_sync-1]    /cam0/image_rect,
[stereo_sync-1]    /cam1/image_rect,
[stereo_sync-1]    /cam0/camera_info,
[stereo_sync-1]    /cam1/camera_info[0m
[rtabmap-2] [0m[INFO] [1782394377.586055882] [rtabmap.rtabmap]: rtabmap(maps): latch                      = true[0m
[rtabmap-2] [0m[INFO] [1782394377.586378226] [rtabmap.rtabmap]: rtabmap(maps): map_filter_radius          = 0.000000[0m
[rtabmap-2] [0m[INFO] [1782394377.586406738] [rtabmap.rtabmap]: rtabmap(maps): map_filter_angle           = 30.000000[0m
[rtabmap-2] [0m[INFO] [1782394377.586422244] [rtabmap.rtabmap]: rtabmap(maps): map_cleanup                = true[0m
[rtabmap-2] [0m[INFO] [1782394377.586434596] [rtabmap.rtabmap]: rtabmap(maps): map_always_update          = false[0m
[rtabmap-2] [0m[INFO] [1782394377.586446692] [rtabmap.rtabmap]: rtabmap(maps): map_empty_ray_tracing      = true[0m
[rtabmap-2] [0m[INFO] [1782394377.586457871] [rtabmap.rtabmap]: rtabmap(maps): map_cache_loaded_on_init   = true[0m
[rtabmap-2] [0m[INFO] [1782394377.586469191] [rtabmap.rtabmap]: rtabmap(maps): cloud_output_voxelized     = true[0m
[rtabmap-2] [0m[INFO] [1782394377.586480207] [rtabmap.rtabmap]: rtabmap(maps): cloud_subtract_filtering   = false[0m
[rtabmap-2] [0m[INFO] [1782394377.586491440] [rtabmap.rtabmap]: rtabmap(maps): cloud_subtract_filtering_min_neighbors = 2[0m
[rtabmap-2] [0m[INFO] [1782394377.586545231] [rtabmap.rtabmap]: rtabmap(maps): octomap_tree_depth         = 16[0m
[rtabmap-2] [0m[INFO] [1782394377.607651753] [rtabmap.rtabmap]: rtabmap: frame_id      = "base_link"[0m
[rtabmap-2] [0m[INFO] [1782394377.607692879] [rtabmap.rtabmap]: rtabmap: odom_frame_id = "odom"[0m
[rtabmap-2] [0m[INFO] [1782394377.607707512] [rtabmap.rtabmap]: rtabmap: ground_truth_frame_id = "" -> ground_truth_base_frame_id = "base_link"[0m
[rtabmap-2] [0m[INFO] [1782394377.607720227] [rtabmap.rtabmap]: rtabmap: map_frame_id  = "map"[0m
[rtabmap-2] [0m[INFO] [1782394377.607731714] [rtabmap.rtabmap]: rtabmap: log_to_rosout_level  = 4[0m
[rtabmap-2] [0m[INFO] [1782394377.607743202] [rtabmap.rtabmap]: rtabmap: initial_pose  = ""[0m
[rtabmap-2] [0m[INFO] [1782394377.607754146] [rtabmap.rtabmap]: rtabmap: use_action_for_goal  = false[0m
[rtabmap-2] [0m[INFO] [1782394377.607765032] [rtabmap.rtabmap]: rtabmap: tf_delay      = 0.050000[0m
[rtabmap-2] [0m[INFO] [1782394377.607780905] [rtabmap.rtabmap]: rtabmap: tf_tolerance  = 0.100000[0m
[rtabmap-2] [0m[INFO] [1782394377.607792927] [rtabmap.rtabmap]: rtabmap: odom_sensor_sync   = false[0m
[rtabmap-2] [0m[INFO] [1782394377.607808049] [rtabmap.rtabmap]: rtabmap: pub_loc_pose_only_when_localizing = false[0m
[rtabmap-2] [0m[INFO] [1782394377.607819608] [rtabmap.rtabmap]: rtabmap: wait_for_transform = 1.000000[0m
[rtabmap-2] [0m[INFO] [1782394377.607831609] [rtabmap.rtabmap]: rtabmap: staleness_factor = 0.000000[0m
[rtabmap-2] [0m[INFO] [1782394377.607845164] [rtabmap.rtabmap]: rtabmap: gen_scan  = false[0m
[rtabmap-2] [0m[INFO] [1782394377.607856404] [rtabmap.rtabmap]: rtabmap: gen_depth  = false[0m
[rtabmap-2] [0m[INFO] [1782394377.624763933] [rtabmap.rtabmap]: Setting RTAB-Map parameter "Kp/MaxFeatures"="800" (rosparam)[0m
[rtabmap-2] [0m[INFO] [1782394377.625276043] [rtabmap.rtabmap]: Setting RTAB-Map parameter "Mem/IncrementalMemory"="true" (rosparam)[0m
[rtabmap-2] [0m[INFO] [1782394377.625294450] [rtabmap.rtabmap]: Setting RTAB-Map parameter "Mem/InitWMWithAllNodes"="false" (rosparam)[0m
[rtabmap-2] [0m[INFO] [1782394377.626179759] [rtabmap.rtabmap]: Setting RTAB-Map parameter "RGBD/NeighborLinkRefining"="true" (rosparam)[0m
[rtabmap-2] [0m[INFO] [1782394377.626211274] [rtabmap.rtabmap]: Setting RTAB-Map parameter "RGBD/OptimizeFromGraphEnd"="true" (rosparam)[0m
[rtabmap-2] [0m[INFO] [1782394377.626473128] [rtabmap.rtabmap]: Setting RTAB-Map parameter "Reg/Force3DoF"="false" (rosparam)[0m
[rtabmap-2] [0m[INFO] [1782394377.628158896] [rtabmap.rtabmap]: Setting RTAB-Map parameter "Vis/MinInliers"="12" (rosparam)[0m
[rtabmap-2] [0m[INFO] [1782394377.628950106] [rtabmap.rtabmap]: RTAB-Map detection rate = 1.000000 Hz[0m
[rtabmap-2] [0m[INFO] [1782394377.629006125] [rtabmap.rtabmap]: rtabmap: Using database from "/home/sharpa/hno_vio_clean/src/hno_vio/results/run_20260625T211722/offline_results/rtabmap.db" (0 MB).[0m
[rtabmap-2] [0m[INFO] [1782394377.673420170] [rtabmap.rtabmap]: rtabmap: Database version = "0.23.7".[0m
[rtabmap-2] [0m[INFO] [1782394377.673464690] [rtabmap.rtabmap]: rtabmap: SLAM mode (Mem/IncrementalMemory=true)[0m
[rtabmap-2] [0m[INFO] [1782394377.686941606] [rtabmap.rtabmap]: Setup callbacks[0m
[rtabmap-2] [0m[INFO] [1782394377.687024405] [rtabmap.rtabmap]: rtabmap: subscribe_depth = false[0m
[rtabmap-2] [0m[INFO] [1782394377.687032903] [rtabmap.rtabmap]: rtabmap: subscribe_rgb = false[0m
[rtabmap-2] [0m[INFO] [1782394377.687038100] [rtabmap.rtabmap]: rtabmap: subscribe_stereo = false[0m
[rtabmap-2] [0m[INFO] [1782394377.687043380] [rtabmap.rtabmap]: rtabmap: subscribe_rgbd = true (rgbd_cameras=1)[0m
[rtabmap-2] [0m[INFO] [1782394377.687050050] [rtabmap.rtabmap]: rtabmap: subscribe_sensor_data = false[0m
[rtabmap-2] [0m[INFO] [1782394377.687075006] [rtabmap.rtabmap]: rtabmap: subscribe_odom = false ("odom_frame_id" is set)[0m
[rtabmap-2] [0m[INFO] [1782394377.687079727] [rtabmap.rtabmap]: rtabmap: subscribe_odom_info = false[0m
[rtabmap-2] [0m[INFO] [1782394377.687083553] [rtabmap.rtabmap]: rtabmap: subscribe_user_data = false[0m
[rtabmap-2] [0m[INFO] [1782394377.687087389] [rtabmap.rtabmap]: rtabmap: subscribe_scan = false[0m
[rtabmap-2] [0m[INFO] [1782394377.687091492] [rtabmap.rtabmap]: rtabmap: subscribe_scan_cloud = false[0m
[rtabmap-2] [0m[INFO] [1782394377.687095288] [rtabmap.rtabmap]: rtabmap: subscribe_scan_descriptor = false[0m
[rtabmap-2] [0m[INFO] [1782394377.687098987] [rtabmap.rtabmap]: rtabmap: topic_queue_size = 10[0m
[rtabmap-2] [0m[INFO] [1782394377.687103111] [rtabmap.rtabmap]: rtabmap: sync_queue_size  = 10[0m
[rtabmap-2] [0m[INFO] [1782394377.687106851] [rtabmap.rtabmap]: rtabmap: qos_image       = 0[0m
[rtabmap-2] [0m[INFO] [1782394377.687110862] [rtabmap.rtabmap]: rtabmap: qos_camera_info = 0[0m
[rtabmap-2] [0m[INFO] [1782394377.687114509] [rtabmap.rtabmap]: rtabmap: qos_scan        = 0[0m
[rtabmap-2] [0m[INFO] [1782394377.687118093] [rtabmap.rtabmap]: rtabmap: qos_odom        = 0[0m
[rtabmap-2] [0m[INFO] [1782394377.687121622] [rtabmap.rtabmap]: rtabmap: qos_user_data   = 0[0m
[rtabmap-2] [0m[INFO] [1782394377.687125209] [rtabmap.rtabmap]: rtabmap: approx_sync     = true[0m
[rtabmap-2] [0m[INFO] [1782394377.687129384] [rtabmap.rtabmap]: rtabmap: image_transport = raw[0m
[rtabmap-2] [0m[INFO] [1782394377.687133140] [rtabmap.rtabmap]: rtabmap: depth_transport = raw[0m
[rtabmap-2] [0m[INFO] [1782394377.687146949] [rtabmap.rtabmap]: Setup rgbd callback[0m
[rtabmap-2] [0m[INFO] [1782394377.691644690] [rtabmap.rtabmap]: 
[rtabmap-2] rtabmap subscribed to:
[rtabmap-2]    /rtabmap/rgbd_image[0m
[stereo_sync-1] [33m[WARN] [1782394382.528745903] [rtabmap.stereo_sync]: stereo_sync: Did not receive data since 5 seconds! Make sure the input topics are published ("$ rostopic hz my_topic") and the timestamps in their header are set. Ajusting topic_queue_size (100) and sync_queue_size (100) can also help for better synchronization if framerates and/or delays are different.
[stereo_sync-1] stereo_sync subscribed to (approx sync):
[stereo_sync-1]    /cam0/image_rect,
[stereo_sync-1]    /cam1/image_rect,
[stereo_sync-1]    /cam0/camera_info,
[stereo_sync-1]    /cam1/camera_info[0m
[rtabmap-2] [33m[WARN] [1782394382.694793453] [rtabmap.rtabmap]: rtabmap: Did not receive data since 5 seconds! Make sure the input topics are published ("$ ros2 topic hz my_topic") and the timestamps in their header are set. If topics are coming from different computers, make sure the clocks of the computers are synchronized ("ntpdate"). Ajusting topic_queue_size (10) and sync_queue_size (10) can also help for better synchronization if framerates and/or delays are different. If topics are not published at the same rate, you could increase "sync_queue_size" and/or "topic_queue_size" parameters (current=10 and 10 respectively).
[rtabmap-2] rtabmap subscribed to:
[rtabmap-2]    /rtabmap/rgbd_image[0m
[stereo_sync-1] [33m[WARN] [1782394387.528726105] [rtabmap.stereo_sync]: stereo_sync: Did not receive data since 5 seconds! Make sure the input topics are published ("$ rostopic hz my_topic") and the timestamps in their header are set. Ajusting topic_queue_size (100) and sync_queue_size (100) can also help for better synchronization if framerates and/or delays are different.
[stereo_sync-1] stereo_sync subscribed to (approx sync):
[stereo_sync-1]    /cam0/image_rect,
[stereo_sync-1]    /cam1/image_rect,
[stereo_sync-1]    /cam0/camera_info,
[stereo_sync-1]    /cam1/camera_info[0m
[rtabmap-2] [33m[WARN] [1782394387.694697042] [rtabmap.rtabmap]: rtabmap: Did not receive data since 5 seconds! Make sure the input topics are published ("$ ros2 topic hz my_topic") and the timestamps in their header are set. If topics are coming from different computers, make sure the clocks of the computers are synchronized ("ntpdate"). Ajusting topic_queue_size (10) and sync_queue_size (10) can also help for better synchronization if framerates and/or delays are different. If topics are not published at the same rate, you could increase "sync_queue_size" and/or "topic_queue_size" parameters (current=10 and 10 respectively).
[rtabmap-2] rtabmap subscribed to:
[rtabmap-2]    /rtabmap/rgbd_image[0m
[rtabmap-2] [33m[WARN] [1782394390.986069363] [rclcpp]: Failed to get parameters: publish_tf_map[0m
[stereo_sync-1] [33m[WARN] [1782394392.528945370] [rtabmap.stereo_sync]: stereo_sync: Did not receive data since 5 seconds! Make sure the input topics are published ("$ rostopic hz my_topic") and the timestamps in their header are set. Ajusting topic_queue_size (100) and sync_queue_size (100) can also help for better synchronization if framerates and/or delays are different.
[stereo_sync-1] stereo_sync subscribed to (approx sync):
[stereo_sync-1]    /cam0/image_rect,
[stereo_sync-1]    /cam1/image_rect,
[stereo_sync-1]    /cam0/camera_info,
[stereo_sync-1]    /cam1/camera_info[0m
[rtabmap-2] [33m[WARN] [1782394392.695058162] [rtabmap.rtabmap]: rtabmap: Did not receive data since 5 seconds! Make sure the input topics are published ("$ ros2 topic hz my_topic") and the timestamps in their header are set. If topics are coming from different computers, make sure the clocks of the computers are synchronized ("ntpdate"). Ajusting topic_queue_size (10) and sync_queue_size (10) can also help for better synchronization if framerates and/or delays are different. If topics are not published at the same rate, you could increase "sync_queue_size" and/or "topic_queue_size" parameters (current=10 and 10 respectively).
[rtabmap-2] rtabmap subscribed to:
[rtabmap-2]    /rtabmap/rgbd_image[0m
[stereo_sync-1] [33m[WARN] [1782394397.528966712] [rtabmap.stereo_sync]: stereo_sync: Did not receive data since 5 seconds! Make sure the input topics are published ("$ rostopic hz my_topic") and the timestamps in their header are set. Ajusting topic_queue_size (100) and sync_queue_size (100) can also help for better synchronization if framerates and/or delays are different.
[stereo_sync-1] stereo_sync subscribed to (approx sync):
[stereo_sync-1]    /cam0/image_rect,
[stereo_sync-1]    /cam1/image_rect,
[stereo_sync-1]    /cam0/camera_info,
[stereo_sync-1]    /cam1/camera_info[0m
[rtabmap-2] [33m[WARN] [1782394397.694976333] [rtabmap.rtabmap]: rtabmap: Did not receive data since 5 seconds! Make sure the input topics are published ("$ ros2 topic hz my_topic") and the timestamps in their header are set. If topics are coming from different computers, make sure the clocks of the computers are synchronized ("ntpdate"). Ajusting topic_queue_size (10) and sync_queue_size (10) can also help for better synchronization if framerates and/or delays are different. If topics are not published at the same rate, you could increase "sync_queue_size" and/or "topic_queue_size" parameters (current=10 and 10 respectively).
[rtabmap-2] rtabmap subscribed to:
[rtabmap-2]    /rtabmap/rgbd_image[0m
[stereo_sync-1] [33m[WARN] [1782394402.529093034] [rtabmap.stereo_sync]: stereo_sync: Did not receive data since 5 seconds! Make sure the input topics are published ("$ rostopic hz my_topic") and the timestamps in their header are set. Ajusting topic_queue_size (100) and sync_queue_size (100) can also help for better synchronization if framerates and/or delays are different.
[stereo_sync-1] stereo_sync subscribed to (approx sync):
[stereo_sync-1]    /cam0/image_rect,
[stereo_sync-1]    /cam1/image_rect,
[stereo_sync-1]    /cam0/camera_info,
[stereo_sync-1]    /cam1/camera_info[0m
[rtabmap-2] [33m[WARN] [1782394402.695130537] [rtabmap.rtabmap]: rtabmap: Did not receive data since 5 seconds! Make sure the input topics are published ("$ ros2 topic hz my_topic") and the timestamps in their header are set. If topics are coming from different computers, make sure the clocks of the computers are synchronized ("ntpdate"). Ajusting topic_queue_size (10) and sync_queue_size (10) can also help for better synchronization if framerates and/or delays are different. If topics are not published at the same rate, you could increase "sync_queue_size" and/or "topic_queue_size" parameters (current=10 and 10 respectively).
[rtabmap-2] rtabmap subscribed to:
[rtabmap-2]    /rtabmap/rgbd_image[0m
[stereo_sync-1] [33m[WARN] [1782394407.529184760] [rtabmap.stereo_sync]: stereo_sync: Did not receive data since 5 seconds! Make sure the input topics are published ("$ rostopic hz my_topic") and the timestamps in their header are set. Ajusting topic_queue_size (100) and sync_queue_size (100) can also help for better synchronization if framerates and/or delays are different.
[stereo_sync-1] stereo_sync subscribed to (approx sync):
[stereo_sync-1]    /cam0/image_rect,
[stereo_sync-1]    /cam1/image_rect,
[stereo_sync-1]    /cam0/camera_info,
[stereo_sync-1]    /cam1/camera_info[0m
[rtabmap-2] [33m[WARN] [1782394407.695177764] [rtabmap.rtabmap]: rtabmap: Did not receive data since 5 seconds! Make sure the input topics are published ("$ ros2 topic hz my_topic") and the timestamps in their header are set. If topics are coming from different computers, make sure the clocks of the computers are synchronized ("ntpdate"). Ajusting topic_queue_size (10) and sync_queue_size (10) can also help for better synchronization if framerates and/or delays are different. If topics are not published at the same rate, you could increase "sync_queue_size" and/or "topic_queue_size" parameters (current=10 and 10 respectively).
[rtabmap-2] rtabmap subscribed to:
[rtabmap-2]    /rtabmap/rgbd_image[0m
[rtabmap-2] [33m[ WARN] (2026-06-25 21:33:32.372) Features2d.cpp:999::generateKeypoints3D() A large number (567/902) of stereo correspondences are rejected! Optical flow may have failed because images are not calibrated, the background is too far (no disparity between the images), maximum disparity may be too small (128.000000) or that exposure between left and right images is too different.[0m
[rtabmap-2] [0m[INFO] [1782394412.437985713] [rtabmap.rtabmap]: rtabmap (1): Rate=1.00s, Limit=0.000s, Conversion=0.0018s, RTAB-Map=0.0903s, Maps update=0.0001s pub=0.0027s delay=378679136.3258s (local map=1, WM=1)[0m
[stereo_sync-1] [33m[WARN] [1782394412.529357626] [rtabmap.stereo_sync]: stereo_sync: Did not receive data since 5 seconds! Make sure the input topics are published ("$ rostopic hz my_topic") and the timestamps in their header are set. Ajusting topic_queue_size (100) and sync_queue_size (100) can also help for better synchronization if framerates and/or delays are different.
[stereo_sync-1] stereo_sync subscribed to (approx sync):
[stereo_sync-1]    /cam0/image_rect,
[stereo_sync-1]    /cam1/image_rect,
[stereo_sync-1]    /cam0/camera_info,
[stereo_sync-1]    /cam1/camera_info[0m
[rtabmap-2] [33m[WARN] [1782394412.695371266] [rtabmap.rtabmap]: rtabmap: Did not receive data since 5 seconds! Make sure the input topics are published ("$ ros2 topic hz my_topic") and the timestamps in their header are set. If topics are coming from different computers, make sure the clocks of the computers are synchronized ("ntpdate"). Ajusting topic_queue_size (10) and sync_queue_size (10) can also help for better synchronization if framerates and/or delays are different. If topics are not published at the same rate, you could increase "sync_queue_size" and/or "topic_queue_size" parameters (current=10 and 10 respectively).
[rtabmap-2] rtabmap subscribed to:
[rtabmap-2]    /rtabmap/rgbd_image[0m
[rtabmap-2] [33m[ WARN] (2026-06-25 21:33:33.411) Features2d.cpp:999::generateKeypoints3D() A large number (562/901) of stereo correspondences are rejected! Optical flow may have failed because images are not calibrated, the background is too far (no disparity between the images), maximum disparity may be too small (128.000000) or that exposure between left and right images is too different.[0m
[rtabmap-2] [0m[INFO] [1782394413.451914820] [rtabmap.rtabmap]: rtabmap (2): Rate=1.00s, Limit=0.000s, Conversion=0.0009s, RTAB-Map=0.0586s, Maps update=0.0001s pub=0.0012s delay=378679136.2898s (local map=1, WM=1)[0m
[rtabmap-2] [33m[ WARN] (2026-06-25 21:33:35.371) Features2d.cpp:999::generateKeypoints3D() A large number (778/883) of stereo correspondences are rejected! Optical flow may have failed because images are not calibrated, the background is too far (no disparity between the images), maximum disparity may be too small (128.000000) or that exposure between left and right images is too different.[0m
[rtabmap-2] [0m[INFO] [1782394415.436785547] [rtabmap.rtabmap]: rtabmap (3): Rate=1.00s, Limit=0.000s, Conversion=0.0013s, RTAB-Map=0.0870s, Maps update=0.0000s pub=0.0012s delay=378679136.3246s (local map=2, WM=2)[0m
[rtabmap-2] [0m[INFO] [1782394417.239671408] [rtabmap.rtabmap]: rtabmap (4): Rate=1.00s, Limit=0.000s, Conversion=0.0009s, RTAB-Map=0.0958s, Maps update=0.0000s pub=0.0013s delay=378679136.3275s (local map=3, WM=3)[0m
[stereo_sync-1] [33m[WARN] [1782394417.529467136] [rtabmap.stereo_sync]: stereo_sync: Did not receive data since 5 seconds! Make sure the input topics are published ("$ rostopic hz my_topic") and the timestamps in their header are set. Ajusting topic_queue_size (100) and sync_queue_size (100) can also help for better synchronization if framerates and/or delays are different.
[stereo_sync-1] stereo_sync subscribed to (approx sync):
[stereo_sync-1]    /cam0/image_rect,
[stereo_sync-1]    /cam1/image_rect,
[stereo_sync-1]    /cam0/camera_info,
[stereo_sync-1]    /cam1/camera_info[0m
[rtabmap-2] [33m[WARN] [1782394417.695432393] [rtabmap.rtabmap]: rtabmap: Did not receive data since 5 seconds! Make sure the input topics are published ("$ ros2 topic hz my_topic") and the timestamps in their header are set. If topics are coming from different computers, make sure the clocks of the computers are synchronized ("ntpdate"). Ajusting topic_queue_size (10) and sync_queue_size (10) can also help for better synchronization if framerates and/or delays are different. If topics are not published at the same rate, you could increase "sync_queue_size" and/or "topic_queue_size" parameters (current=10 and 10 respectively).
[rtabmap-2] rtabmap subscribed to:
[rtabmap-2]    /rtabmap/rgbd_image[0m
[rtabmap-2] [0m[INFO] [1782394418.227495326] [rtabmap.rtabmap]: rtabmap (5): Rate=1.00s, Limit=0.000s, Conversion=0.0005s, RTAB-Map=0.0817s, Maps update=0.0000s pub=0.0012s delay=378679136.3154s (local map=4, WM=4)[0m
[rtabmap-2] [0m[INFO] [1782394419.351307140] [rtabmap.rtabmap]: rtabmap (6): Rate=1.00s, Limit=0.000s, Conversion=0.0009s, RTAB-Map=0.1080s, Maps update=0.0000s pub=0.0012s delay=378679136.3392s (local map=5, WM=5)[0m
[rtabmap-2] [0m[INFO] [1782394420.387604675] [rtabmap.rtabmap]: rtabmap (7): Rate=1.00s, Limit=0.000s, Conversion=0.0008s, RTAB-Map=0.0968s, Maps update=0.0000s pub=0.0013s delay=378679136.3255s (local map=6, WM=6)[0m
[rtabmap-2] [0m[INFO] [1782394421.380179318] [rtabmap.rtabmap]: rtabmap (8): Rate=1.00s, Limit=0.000s, Conversion=0.0005s, RTAB-Map=0.0899s, Maps update=0.0000s pub=0.0012s delay=378679136.3180s (local map=7, WM=7)[0m
[stereo_sync-1] [33m[WARN] [1782394422.529617456] [rtabmap.stereo_sync]: stereo_sync: Did not receive data since 5 seconds! Make sure the input topics are published ("$ rostopic hz my_topic") and the timestamps in their header are set. Ajusting topic_queue_size (100) and sync_queue_size (100) can also help for better synchronization if framerates and/or delays are different.
[stereo_sync-1] stereo_sync subscribed to (approx sync):
[stereo_sync-1]    /cam0/image_rect,
[stereo_sync-1]    /cam1/image_rect,
[stereo_sync-1]    /cam0/camera_info,
[stereo_sync-1]    /cam1/camera_info[0m
[rtabmap-2] [33m[WARN] [1782394422.695597339] [rtabmap.rtabmap]: rtabmap: Did not receive data since 5 seconds! Make sure the input topics are published ("$ ros2 topic hz my_topic") and the timestamps in their header are set. If topics are coming from different computers, make sure the clocks of the computers are synchronized ("ntpdate"). Ajusting topic_queue_size (10) and sync_queue_size (10) can also help for better synchronization if framerates and/or delays are different. If topics are not published at the same rate, you could increase "sync_queue_size" and/or "topic_queue_size" parameters (current=10 and 10 respectively).
[rtabmap-2] rtabmap subscribed to:
[rtabmap-2]    /rtabmap/rgbd_image[0m
[rtabmap-2] [0m[INFO] [1782394423.195007888] [rtabmap.rtabmap]: rtabmap (9): Rate=1.00s, Limit=0.000s, Conversion=0.0008s, RTAB-Map=0.0970s, Maps update=0.0001s pub=0.0012s delay=378679136.3329s (local map=8, WM=8)[0m
[rtabmap-2] [0m[INFO] [1782394425.744293148] [rtabmap.rtabmap]: rtabmap (10): Rate=1.00s, Limit=0.000s, Conversion=0.0009s, RTAB-Map=0.1014s, Maps update=0.0000s pub=0.0011s delay=378679136.3321s (local map=9, WM=9)[0m
[rtabmap-2] [0m[INFO] [1782394426.759073052] [rtabmap.rtabmap]: rtabmap (11): Rate=1.00s, Limit=0.000s, Conversion=0.0004s, RTAB-Map=0.1070s, Maps update=0.0001s pub=0.0024s delay=378679136.3469s (local map=10, WM=10)[0m
[stereo_sync-1] [33m[WARN] [1782394427.529650137] [rtabmap.stereo_sync]: stereo_sync: Did not receive data since 5 seconds! Make sure the input topics are published ("$ rostopic hz my_topic") and the timestamps in their header are set. Ajusting topic_queue_size (100) and sync_queue_size (100) can also help for better synchronization if framerates and/or delays are different.
[stereo_sync-1] stereo_sync subscribed to (approx sync):
[stereo_sync-1]    /cam0/image_rect,
[stereo_sync-1]    /cam1/image_rect,
[stereo_sync-1]    /cam0/camera_info,
[stereo_sync-1]    /cam1/camera_info[0m
[rtabmap-2] [33m[WARN] [1782394427.695651669] [rtabmap.rtabmap]: rtabmap: Did not receive data since 5 seconds! Make sure the input topics are published ("$ ros2 topic hz my_topic") and the timestamps in their header are set. If topics are coming from different computers, make sure the clocks of the computers are synchronized ("ntpdate"). Ajusting topic_queue_size (10) and sync_queue_size (10) can also help for better synchronization if framerates and/or delays are different. If topics are not published at the same rate, you could increase "sync_queue_size" and/or "topic_queue_size" parameters (current=10 and 10 respectively).
[rtabmap-2] rtabmap subscribed to:
[rtabmap-2]    /rtabmap/rgbd_image[0m
[rtabmap-2] [0m[INFO] [1782394427.746450414] [rtabmap.rtabmap]: rtabmap (12): Rate=1.00s, Limit=0.000s, Conversion=0.0004s, RTAB-Map=0.1000s, Maps update=0.0001s pub=0.0012s delay=378679136.3343s (local map=11, WM=11)[0m
[rtabmap-2] [0m[INFO] [1782394428.731664328] [rtabmap.rtabmap]: rtabmap (13): Rate=1.00s, Limit=0.000s, Conversion=0.0008s, RTAB-Map=0.0877s, Maps update=0.0000s pub=0.0013s delay=378679136.3195s (local map=12, WM=12)[0m
[rtabmap-2] [0m[INFO] [1782394429.738588230] [rtabmap.rtabmap]: rtabmap (14): Rate=1.00s, Limit=0.000s, Conversion=0.0002s, RTAB-Map=0.0870s, Maps update=0.0000s pub=0.0012s delay=378679136.3264s (local map=13, WM=13)[0m
[rtabmap-2] [0m[INFO] [1782394430.843448192] [rtabmap.rtabmap]: rtabmap (15): Rate=1.00s, Limit=0.000s, Conversion=0.0005s, RTAB-Map=0.1016s, Maps update=0.0000s pub=0.0012s delay=378679136.3313s (local map=14, WM=14)[0m
[rtabmap-2] [0m[INFO] [1782394431.925231163] [rtabmap.rtabmap]: rtabmap (16): Rate=1.00s, Limit=0.000s, Conversion=0.0003s, RTAB-Map=0.0803s, Maps update=0.0000s pub=0.0011s delay=378679136.3131s (local map=15, WM=15)[0m
[stereo_sync-1] [33m[WARN] [1782394432.529880215] [rtabmap.stereo_sync]: stereo_sync: Did not receive data since 5 seconds! Make sure the input topics are published ("$ rostopic hz my_topic") and the timestamps in their header are set. Ajusting topic_queue_size (100) and sync_queue_size (100) can also help for better synchronization if framerates and/or delays are different.
[stereo_sync-1] stereo_sync subscribed to (approx sync):
[stereo_sync-1]    /cam0/image_rect,
[stereo_sync-1]    /cam1/image_rect,
[stereo_sync-1]    /cam0/camera_info,
[stereo_sync-1]    /cam1/camera_info[0m
[rtabmap-2] [33m[WARN] [1782394432.695878441] [rtabmap.rtabmap]: rtabmap: Did not receive data since 5 seconds! Make sure the input topics are published ("$ ros2 topic hz my_topic") and the timestamps in their header are set. If topics are coming from different computers, make sure the clocks of the computers are synchronized ("ntpdate"). Ajusting topic_queue_size (10) and sync_queue_size (10) can also help for better synchronization if framerates and/or delays are different. If topics are not published at the same rate, you could increase "sync_queue_size" and/or "topic_queue_size" parameters (current=10 and 10 respectively).
[rtabmap-2] rtabmap subscribed to:
[rtabmap-2]    /rtabmap/rgbd_image[0m
[rtabmap-2] [0m[INFO] [1782394433.428629806] [rtabmap.rtabmap]: rtabmap (17): Rate=1.00s, Limit=0.000s, Conversion=0.0006s, RTAB-Map=0.0921s, Maps update=0.0000s pub=0.0013s delay=378679136.3165s (local map=16, WM=16)[0m
[rtabmap-2] [0m[INFO] [1782394434.477990088] [rtabmap.rtabmap]: rtabmap (18): Rate=1.00s, Limit=0.000s, Conversion=0.0005s, RTAB-Map=0.0814s, Maps update=0.0000s pub=0.0012s delay=378679136.3158s (local map=17, WM=17)[0m
[rtabmap-2] [0m[INFO] [1782394435.521096113] [rtabmap.rtabmap]: rtabmap (19): Rate=1.00s, Limit=0.000s, Conversion=0.0004s, RTAB-Map=0.1279s, Maps update=0.0000s pub=0.0013s delay=378679136.3590s (local map=18, WM=18)[0m
[rtabmap-2] [0m[INFO] [1782394436.532397801] [rtabmap.rtabmap]: rtabmap (20): Rate=1.00s, Limit=0.000s, Conversion=0.0006s, RTAB-Map=0.0905s, Maps update=0.0001s pub=0.0012s delay=378679136.3203s (local map=19, WM=19)[0m
[stereo_sync-1] [33m[WARN] [1782394437.529886634] [rtabmap.stereo_sync]: stereo_sync: Did not receive data since 5 seconds! Make sure the input topics are published ("$ rostopic hz my_topic") and the timestamps in their header are set. Ajusting topic_queue_size (100) and sync_queue_size (100) can also help for better synchronization if framerates and/or delays are different.
[stereo_sync-1] stereo_sync subscribed to (approx sync):
[stereo_sync-1]    /cam0/image_rect,
[stereo_sync-1]    /cam1/image_rect,
[stereo_sync-1]    /cam0/camera_info,
[stereo_sync-1]    /cam1/camera_info[0m
[rtabmap-2] [33m[WARN] [1782394437.695952025] [rtabmap.rtabmap]: rtabmap: Did not receive data since 5 seconds! Make sure the input topics are published ("$ ros2 topic hz my_topic") and the timestamps in their header are set. If topics are coming from different computers, make sure the clocks of the computers are synchronized ("ntpdate"). Ajusting topic_queue_size (10) and sync_queue_size (10) can also help for better synchronization if framerates and/or delays are different. If topics are not published at the same rate, you could increase "sync_queue_size" and/or "topic_queue_size" parameters (current=10 and 10 respectively).
[rtabmap-2] rtabmap subscribed to:
[rtabmap-2]    /rtabmap/rgbd_image[0m
[rtabmap-2] [0m[INFO] [1782394437.934239939] [rtabmap.rtabmap]: rtabmap (21): Rate=1.00s, Limit=0.000s, Conversion=0.0003s, RTAB-Map=0.0841s, Maps update=0.0000s pub=0.0012s delay=378679136.3221s (local map=20, WM=20)[0m
[rtabmap-2] [0m[INFO] [1782394438.937158972] [rtabmap.rtabmap]: rtabmap (22): Rate=1.00s, Limit=0.000s, Conversion=0.0004s, RTAB-Map=0.0948s, Maps update=0.0000s pub=0.0013s delay=378679136.3250s (local map=21, WM=21)[0m
[rtabmap-2] [0m[INFO] [1782394439.941242050] [rtabmap.rtabmap]: rtabmap (23): Rate=1.00s, Limit=0.000s, Conversion=0.0011s, RTAB-Map=0.0936s, Maps update=0.0001s pub=0.0013s delay=378679136.3291s (local map=22, WM=22)[0m
[rtabmap-2] [0m[INFO] [1782394440.921100590] [rtabmap.rtabmap]: rtabmap (24): Rate=1.00s, Limit=0.000s, Conversion=0.0003s, RTAB-Map=0.0798s, Maps update=0.0001s pub=0.0014s delay=378679136.3090s (local map=23, WM=23)[0m
[rtabmap-2] [0m[INFO] [1782394441.928610236] [rtabmap.rtabmap]: rtabmap (25): Rate=1.00s, Limit=0.000s, Conversion=0.0004s, RTAB-Map=0.0818s, Maps update=0.0001s pub=0.0014s delay=378679136.3165s (local map=24, WM=24)[0m
[stereo_sync-1] [33m[WARN] [1782394442.530111342] [rtabmap.stereo_sync]: stereo_sync: Did not receive data since 5 seconds! Make sure the input topics are published ("$ rostopic hz my_topic") and the timestamps in their header are set. Ajusting topic_queue_size (100) and sync_queue_size (100) can also help for better synchronization if framerates and/or delays are different.
[stereo_sync-1] stereo_sync subscribed to (approx sync):
[stereo_sync-1]    /cam0/image_rect,
[stereo_sync-1]    /cam1/image_rect,
[stereo_sync-1]    /cam0/camera_info,
[stereo_sync-1]    /cam1/camera_info[0m
[rtabmap-2] [33m[WARN] [1782394442.696045709] [rtabmap.rtabmap]: rtabmap: Did not receive data since 5 seconds! Make sure the input topics are published ("$ ros2 topic hz my_topic") and the timestamps in their header are set. If topics are coming from different computers, make sure the clocks of the computers are synchronized ("ntpdate"). Ajusting topic_queue_size (10) and sync_queue_size (10) can also help for better synchronization if framerates and/or delays are different. If topics are not published at the same rate, you could increase "sync_queue_size" and/or "topic_queue_size" parameters (current=10 and 10 respectively).
[rtabmap-2] rtabmap subscribed to:
[rtabmap-2]    /rtabmap/rgbd_image[0m
[rtabmap-2] [0m[INFO] [1782394442.938461390] [rtabmap.rtabmap]: rtabmap (26): Rate=1.00s, Limit=0.000s, Conversion=0.0004s, RTAB-Map=0.0918s, Maps update=0.0001s pub=0.0013s delay=378679136.3263s (local map=25, WM=25)[0m
[rtabmap-2] [0m[INFO] [1782394444.087665124] [rtabmap.rtabmap]: rtabmap (27): Rate=1.00s, Limit=0.000s, Conversion=0.0004s, RTAB-Map=0.0917s, Maps update=0.0001s pub=0.0013s delay=378679136.3255s (local map=26, WM=26)[0m
[rtabmap-2] [0m[INFO] [1782394445.146296144] [rtabmap.rtabmap]: rtabmap (28): Rate=1.00s, Limit=0.000s, Conversion=0.0005s, RTAB-Map=0.1496s, Maps update=0.0001s pub=0.0015s delay=378679136.3842s (local map=27, WM=27)[0m
[rtabmap-2] [0m[INFO] [1782394446.488213649] [rtabmap.rtabmap]: rtabmap (29): Rate=1.00s, Limit=0.000s, Conversion=0.0004s, RTAB-Map=0.1349s, Maps update=0.0001s pub=0.0014s delay=378679136.3761s (local map=28, WM=28)[0m
[stereo_sync-1] [33m[WARN] [1782394447.530054940] [rtabmap.stereo_sync]: stereo_sync: Did not receive data since 5 seconds! Make sure the input topics are published ("$ rostopic hz my_topic") and the timestamps in their header are set. Ajusting topic_queue_size (100) and sync_queue_size (100) can also help for better synchronization if framerates and/or delays are different.
[stereo_sync-1] stereo_sync subscribed to (approx sync):
[stereo_sync-1]    /cam0/image_rect,
[stereo_sync-1]    /cam1/image_rect,
[stereo_sync-1]    /cam0/camera_info,
[stereo_sync-1]    /cam1/camera_info[0m
[rtabmap-2] [33m[WARN] [1782394447.696059919] [rtabmap.rtabmap]: rtabmap: Did not receive data since 5 seconds! Make sure the input topics are published ("$ ros2 topic hz my_topic") and the timestamps in their header are set. If topics are coming from different computers, make sure the clocks of the computers are synchronized ("ntpdate"). Ajusting topic_queue_size (10) and sync_queue_size (10) can also help for better synchronization if framerates and/or delays are different. If topics are not published at the same rate, you could increase "sync_queue_size" and/or "topic_queue_size" parameters (current=10 and 10 respectively).
[rtabmap-2] rtabmap subscribed to:
[rtabmap-2]    /rtabmap/rgbd_image[0m
[rtabmap-2] [0m[INFO] [1782394447.722724072] [rtabmap.rtabmap]: rtabmap (30): Rate=1.00s, Limit=0.000s, Conversion=0.0005s, RTAB-Map=0.1307s, Maps update=0.0000s pub=0.0013s delay=378679136.3606s (local map=29, WM=29)[0m
[rtabmap-2] [33m[ WARN] (2026-06-25 21:34:09.191) Rtabmap.cpp:3143::process() Rejected loop closure 16 -> 31: Not enough inliers 0/12 (matches=30) between 16 and 31[0m
[rtabmap-2] [0m[INFO] [1782394449.194073870] [rtabmap.rtabmap]: rtabmap (31): Rate=1.00s, Limit=0.000s, Conversion=0.0007s, RTAB-Map=0.1041s, Maps update=0.0001s pub=0.0013s delay=378679136.3319s (local map=30, WM=30)[0m
[rtabmap-2] [0m[INFO] [1782394451.177484742] [rtabmap.rtabmap]: rtabmap (32): Rate=1.00s, Limit=0.000s, Conversion=0.0003s, RTAB-Map=0.0830s, Maps update=0.0001s pub=0.0016s delay=378679136.3153s (local map=31, WM=31)[0m
[stereo_sync-1] [33m[WARN] [1782394452.530225445] [rtabmap.stereo_sync]: stereo_sync: Did not receive data since 5 seconds! Make sure the input topics are published ("$ rostopic hz my_topic") and the timestamps in their header are set. Ajusting topic_queue_size (100) and sync_queue_size (100) can also help for better synchronization if framerates and/or delays are different.
[stereo_sync-1] stereo_sync subscribed to (approx sync):
[stereo_sync-1]    /cam0/image_rect,
[stereo_sync-1]    /cam1/image_rect,
[stereo_sync-1]    /cam0/camera_info,
[stereo_sync-1]    /cam1/camera_info[0m
[rtabmap-2] [33m[WARN] [1782394452.696279892] [rtabmap.rtabmap]: rtabmap: Did not receive data since 5 seconds! Make sure the input topics are published ("$ ros2 topic hz my_topic") and the timestamps in their header are set. If topics are coming from different computers, make sure the clocks of the computers are synchronized ("ntpdate"). Ajusting topic_queue_size (10) and sync_queue_size (10) can also help for better synchronization if framerates and/or delays are different. If topics are not published at the same rate, you could increase "sync_queue_size" and/or "topic_queue_size" parameters (current=10 and 10 respectively).
[rtabmap-2] rtabmap subscribed to:
[rtabmap-2]    /rtabmap/rgbd_image[0m
[rtabmap-2] [0m[INFO] [1782394452.880745650] [rtabmap.rtabmap]: rtabmap (33): Rate=1.00s, Limit=0.000s, Conversion=0.0004s, RTAB-Map=0.0899s, Maps update=0.0001s pub=0.0014s delay=378679136.3186s (local map=32, WM=32)[0m
[rtabmap-2] [0m[INFO] [1782394453.880721406] [rtabmap.rtabmap]: rtabmap (34): Rate=1.00s, Limit=0.000s, Conversion=0.0005s, RTAB-Map=0.0903s, Maps update=0.0001s pub=0.0015s delay=378679136.3186s (local map=33, WM=33)[0m
[rtabmap-2] [0m[INFO] [1782394455.129669618] [rtabmap.rtabmap]: rtabmap (35): Rate=1.00s, Limit=0.000s, Conversion=0.0004s, RTAB-Map=0.0893s, Maps update=0.0001s pub=0.0014s delay=378679136.3175s (local map=34, WM=34)[0m
[rtabmap-2] [0m[INFO] [1782394456.267902969] [rtabmap.rtabmap]: rtabmap (36): Rate=1.00s, Limit=0.000s, Conversion=0.0002s, RTAB-Map=0.1697s, Maps update=0.0001s pub=0.0014s delay=378679136.4058s (local map=35, WM=35)[0m
[rtabmap-2] [0m[INFO] [1782394457.178730306] [rtabmap.rtabmap]: rtabmap (37): Rate=1.00s, Limit=0.000s, Conversion=0.0004s, RTAB-Map=0.0939s, Maps update=0.0001s pub=0.0013s delay=378679136.3166s (local map=36, WM=36)[0m
[stereo_sync-1] [33m[WARN] [1782394457.530262684] [rtabmap.stereo_sync]: stereo_sync: Did not receive data since 5 seconds! Make sure the input topics are published ("$ rostopic hz my_topic") and the timestamps in their header are set. Ajusting topic_queue_size (100) and sync_queue_size (100) can also help for better synchronization if framerates and/or delays are different.
[stereo_sync-1] stereo_sync subscribed to (approx sync):
[stereo_sync-1]    /cam0/image_rect,
[stereo_sync-1]    /cam1/image_rect,
[stereo_sync-1]    /cam0/camera_info,
[stereo_sync-1]    /cam1/camera_info[0m
[rtabmap-2] [33m[WARN] [1782394457.696296139] [rtabmap.rtabmap]: rtabmap: Did not receive data since 5 seconds! Make sure the input topics are published ("$ ros2 topic hz my_topic") and the timestamps in their header are set. If topics are coming from different computers, make sure the clocks of the computers are synchronized ("ntpdate"). Ajusting topic_queue_size (10) and sync_queue_size (10) can also help for better synchronization if framerates and/or delays are different. If topics are not published at the same rate, you could increase "sync_queue_size" and/or "topic_queue_size" parameters (current=10 and 10 respectively).
[rtabmap-2] rtabmap subscribed to:
[rtabmap-2]    /rtabmap/rgbd_image[0m
[rtabmap-2] [0m[INFO] [1782394458.202598596] [rtabmap.rtabmap]: rtabmap (38): Rate=1.00s, Limit=0.000s, Conversion=0.0005s, RTAB-Map=0.0881s, Maps update=0.0002s pub=0.0020s delay=378679136.3405s (local map=36, WM=36)[0m
[rtabmap-2] [0m[INFO] [1782394459.181156829] [rtabmap.rtabmap]: rtabmap (39): Rate=1.00s, Limit=0.000s, Conversion=0.0005s, RTAB-Map=0.0892s, Maps update=0.0001s pub=0.0013s delay=378679136.3190s (local map=37, WM=37)[0m
[rtabmap-2] [33m[ WARN] (2026-06-25 21:34:20.107) Features2d.cpp:999::generateKeypoints3D() A large number (702/899) of stereo correspondences are rejected! Optical flow may have failed because images are not calibrated, the background is too far (no disparity between the images), maximum disparity may be too small (128.000000) or that exposure between left and right images is too different.[0m
[rtabmap-2] [0m[INFO] [1782394460.187913311] [rtabmap.rtabmap]: rtabmap (40): Rate=1.00s, Limit=0.000s, Conversion=0.0002s, RTAB-Map=0.0992s, Maps update=0.0001s pub=0.0013s delay=378679136.3258s (local map=38, WM=38)[0m
[rtabmap-2] [0m[INFO] [1782394461.194672272] [rtabmap.rtabmap]: rtabmap (41): Rate=1.00s, Limit=0.000s, Conversion=0.0009s, RTAB-Map=0.0909s, Maps update=0.0001s pub=0.0014s delay=378679136.3325s (local map=39, WM=39)[0m
[rtabmap-2] [0m[INFO] [1782394462.229327602] [rtabmap.rtabmap]: rtabmap (42): Rate=1.00s, Limit=0.000s, Conversion=0.0004s, RTAB-Map=0.0870s, Maps update=0.0001s pub=0.0013s delay=378679136.3172s (local map=40, WM=40)[0m
[stereo_sync-1] [33m[WARN] [1782394462.530387302] [rtabmap.stereo_sync]: stereo_sync: Did not receive data since 5 seconds! Make sure the input topics are published ("$ rostopic hz my_topic") and the timestamps in their header are set. Ajusting topic_queue_size (100) and sync_queue_size (100) can also help for better synchronization if framerates and/or delays are different.
[stereo_sync-1] stereo_sync subscribed to (approx sync):
[stereo_sync-1]    /cam0/image_rect,
[stereo_sync-1]    /cam1/image_rect,
[stereo_sync-1]    /cam0/camera_info,
[stereo_sync-1]    /cam1/camera_info[0m
[rtabmap-2] [33m[WARN] [1782394462.696391911] [rtabmap.rtabmap]: rtabmap: Did not receive data since 5 seconds! Make sure the input topics are published ("$ ros2 topic hz my_topic") and the timestamps in their header are set. If topics are coming from different computers, make sure the clocks of the computers are synchronized ("ntpdate"). Ajusting topic_queue_size (10) and sync_queue_size (10) can also help for better synchronization if framerates and/or delays are different. If topics are not published at the same rate, you could increase "sync_queue_size" and/or "topic_queue_size" parameters (current=10 and 10 respectively).
[rtabmap-2] rtabmap subscribed to:
[rtabmap-2]    /rtabmap/rgbd_image[0m
[rtabmap-2] [0m[INFO] [1782394463.336291868] [rtabmap.rtabmap]: rtabmap (43): Rate=1.00s, Limit=0.000s, Conversion=0.0005s, RTAB-Map=0.0996s, Maps update=0.0001s pub=0.0013s delay=378679136.3241s (local map=41, WM=41)[0m
[rtabmap-2] [0m[INFO] [1782394464.386621426] [rtabmap.rtabmap]: rtabmap (44): Rate=1.00s, Limit=0.000s, Conversion=0.0004s, RTAB-Map=0.0985s, Maps update=0.0001s pub=0.0015s delay=378679136.3245s (local map=42, WM=42)[0m
[rtabmap-2] [0m[INFO] [1782394465.511757154] [rtabmap.rtabmap]: rtabmap (45): Rate=1.00s, Limit=0.000s, Conversion=0.0004s, RTAB-Map=0.1192s, Maps update=0.0001s pub=0.0013s delay=378679136.3496s (local map=43, WM=43)[0m
[rtabmap-2] [0m[INFO] [1782394466.541809934] [rtabmap.rtabmap]: rtabmap (46): Rate=1.00s, Limit=0.000s, Conversion=0.0007s, RTAB-Map=0.1493s, Maps update=0.0001s pub=0.0014s delay=378679136.3797s (local map=44, WM=44)[0m
[rtabmap-2] [0m[INFO] [1782394467.526528369] [rtabmap.rtabmap]: rtabmap (47): Rate=1.00s, Limit=0.000s, Conversion=0.0004s, RTAB-Map=0.1361s, Maps update=0.0002s pub=0.0014s delay=378679136.3644s (local map=45, WM=45)[0m
[stereo_sync-1] [33m[WARN] [1782394467.530500454] [rtabmap.stereo_sync]: stereo_sync: Did not receive data since 5 seconds! Make sure the input topics are published ("$ rostopic hz my_topic") and the timestamps in their header are set. Ajusting topic_queue_size (100) and sync_queue_size (100) can also help for better synchronization if framerates and/or delays are different.
[stereo_sync-1] stereo_sync subscribed to (approx sync):
[stereo_sync-1]    /cam0/image_rect,
[stereo_sync-1]    /cam1/image_rect,
[stereo_sync-1]    /cam0/camera_info,
[stereo_sync-1]    /cam1/camera_info[0m
[rtabmap-2] [33m[WARN] [1782394467.696562433] [rtabmap.rtabmap]: rtabmap: Did not receive data since 5 seconds! Make sure the input topics are published ("$ ros2 topic hz my_topic") and the timestamps in their header are set. If topics are coming from different computers, make sure the clocks of the computers are synchronized ("ntpdate"). Ajusting topic_queue_size (10) and sync_queue_size (10) can also help for better synchronization if framerates and/or delays are different. If topics are not published at the same rate, you could increase "sync_queue_size" and/or "topic_queue_size" parameters (current=10 and 10 respectively).
[rtabmap-2] rtabmap subscribed to:
[rtabmap-2]    /rtabmap/rgbd_image[0m
[rtabmap-2] [0m[INFO] [1782394468.595348689] [rtabmap.rtabmap]: rtabmap (48): Rate=1.00s, Limit=0.000s, Conversion=0.0005s, RTAB-Map=0.1510s, Maps update=0.0001s pub=0.0021s delay=378679136.3832s (local map=46, WM=46)[0m
[rtabmap-2] [0m[INFO] [1782394469.625952119] [rtabmap.rtabmap]: rtabmap (49): Rate=1.00s, Limit=0.000s, Conversion=0.0003s, RTAB-Map=0.1399s, Maps update=0.0001s pub=0.0021s delay=378679136.3638s (local map=47, WM=47)[0m
[rtabmap-2] [0m[INFO] [1782394470.645599983] [rtabmap.rtabmap]: rtabmap (50): Rate=1.00s, Limit=0.000s, Conversion=0.0006s, RTAB-Map=0.1436s, Maps update=0.0001s pub=0.0014s delay=378679136.3835s (local map=48, WM=48)[0m
[rtabmap-2] [0m[INFO] [1782394471.831563312] [rtabmap.rtabmap]: rtabmap (51): Rate=1.00s, Limit=0.000s, Conversion=0.0005s, RTAB-Map=0.1394s, Maps update=0.0001s pub=0.0015s delay=378679136.3694s (local map=49, WM=49)[0m
[stereo_sync-1] [33m[WARN] [1782394472.530676596] [rtabmap.stereo_sync]: stereo_sync: Did not receive data since 5 seconds! Make sure the input topics are published ("$ rostopic hz my_topic") and the timestamps in their header are set. Ajusting topic_queue_size (100) and sync_queue_size (100) can also help for better synchronization if framerates and/or delays are different.
[stereo_sync-1] stereo_sync subscribed to (approx sync):
[stereo_sync-1]    /cam0/image_rect,
[stereo_sync-1]    /cam1/image_rect,
[stereo_sync-1]    /cam0/camera_info,
[stereo_sync-1]    /cam1/camera_info[0m
[rtabmap-2] [33m[WARN] [1782394472.696595707] [rtabmap.rtabmap]: rtabmap: Did not receive data since 5 seconds! Make sure the input topics are published ("$ ros2 topic hz my_topic") and the timestamps in their header are set. If topics are coming from different computers, make sure the clocks of the computers are synchronized ("ntpdate"). Ajusting topic_queue_size (10) and sync_queue_size (10) can also help for better synchronization if framerates and/or delays are different. If topics are not published at the same rate, you could increase "sync_queue_size" and/or "topic_queue_size" parameters (current=10 and 10 respectively).
[rtabmap-2] rtabmap subscribed to:
[rtabmap-2]    /rtabmap/rgbd_image[0m
[rtabmap-2] [33m[ WARN] (2026-06-25 21:34:34.159) Rtabmap.cpp:3143::process() Rejected loop closure 13 -> 52: Not enough inliers 0/12 (matches=67) between 13 and 52[0m
[rtabmap-2] [0m[INFO] [1782394474.161695979] [rtabmap.rtabmap]: rtabmap (52): Rate=1.00s, Limit=0.000s, Conversion=0.0004s, RTAB-Map=0.1192s, Maps update=0.0001s pub=0.0014s delay=378679136.3496s (local map=50, WM=50)[0m
[rtabmap-2] [33m[ WARN] (2026-06-25 21:34:35.156) Rtabmap.cpp:3143::process() Rejected loop closure 13 -> 53: Not enough inliers 0/12 (matches=77) between 13 and 53[0m
[rtabmap-2] [0m[INFO] [1782394475.159113268] [rtabmap.rtabmap]: rtabmap (53): Rate=1.00s, Limit=0.000s, Conversion=0.0005s, RTAB-Map=0.1135s, Maps update=0.0001s pub=0.0015s delay=378679136.3470s (local map=51, WM=51)[0m
[rtabmap-2] [0m[INFO] [1782394476.231211068] [rtabmap.rtabmap]: rtabmap (54): Rate=1.00s, Limit=0.000s, Conversion=0.0004s, RTAB-Map=0.0893s, Maps update=0.0001s pub=0.0014s delay=378679136.3191s (local map=52, WM=52)[0m
[rtabmap-2] [0m[INFO] [1782394477.427161698] [rtabmap.rtabmap]: rtabmap (55): Rate=1.00s, Limit=0.000s, Conversion=0.0004s, RTAB-Map=0.0857s, Maps update=0.0001s pub=0.0014s delay=378679136.3150s (local map=53, WM=53)[0m
[stereo_sync-1] [33m[WARN] [1782394477.530673513] [rtabmap.stereo_sync]: stereo_sync: Did not receive data since 5 seconds! Make sure the input topics are published ("$ rostopic hz my_topic") and the timestamps in their header are set. Ajusting topic_queue_size (100) and sync_queue_size (100) can also help for better synchronization if framerates and/or delays are different.
[stereo_sync-1] stereo_sync subscribed to (approx sync):
[stereo_sync-1]    /cam0/image_rect,
[stereo_sync-1]    /cam1/image_rect,
[stereo_sync-1]    /cam0/camera_info,
[stereo_sync-1]    /cam1/camera_info[0m
[rtabmap-2] [33m[WARN] [1782394477.696784034] [rtabmap.rtabmap]: rtabmap: Did not receive data since 5 seconds! Make sure the input topics are published ("$ ros2 topic hz my_topic") and the timestamps in their header are set. If topics are coming from different computers, make sure the clocks of the computers are synchronized ("ntpdate"). Ajusting topic_queue_size (10) and sync_queue_size (10) can also help for better synchronization if framerates and/or delays are different. If topics are not published at the same rate, you could increase "sync_queue_size" and/or "topic_queue_size" parameters (current=10 and 10 respectively).
[rtabmap-2] rtabmap subscribed to:
[rtabmap-2]    /rtabmap/rgbd_image[0m
[rtabmap-2] [0m[INFO] [1782394478.426863151] [rtabmap.rtabmap]: rtabmap (56): Rate=1.00s, Limit=0.000s, Conversion=0.0002s, RTAB-Map=0.0927s, Maps update=0.0001s pub=0.0014s delay=378679136.3147s (local map=54, WM=54)[0m
[rtabmap-2] [0m[INFO] [1782394479.557836364] [rtabmap.rtabmap]: rtabmap (57): Rate=1.00s, Limit=0.000s, Conversion=0.0004s, RTAB-Map=0.1050s, Maps update=0.0001s pub=0.0014s delay=378679136.3457s (local map=55, WM=55)[0m
[rtabmap-2] [0m[INFO] [1782394480.898328847] [rtabmap.rtabmap]: rtabmap (58): Rate=1.00s, Limit=0.000s, Conversion=0.0005s, RTAB-Map=0.1064s, Maps update=0.0001s pub=0.0013s delay=378679136.3362s (local map=56, WM=56)[0m
[rtabmap-2] [33m[ WARN] (2026-06-25 21:34:42.002) Rtabmap.cpp:3143::process() Rejected loop closure 32 -> 59: Not enough inliers 0/12 (matches=58) between 32 and 59[0m
[rtabmap-2] [0m[INFO] [1782394482.004606229] [rtabmap.rtabmap]: rtabmap (59): Rate=1.00s, Limit=0.000s, Conversion=0.0004s, RTAB-Map=0.1135s, Maps update=0.0001s pub=0.0013s delay=378679136.3425s (local map=57, WM=57)[0m
[stereo_sync-1] [33m[WARN] [1782394482.530874474] [rtabmap.stereo_sync]: stereo_sync: Did not receive data since 5 seconds! Make sure the input topics are published ("$ rostopic hz my_topic") and the timestamps in their header are set. Ajusting topic_queue_size (100) and sync_queue_size (100) can also help for better synchronization if framerates and/or delays are different.
[stereo_sync-1] stereo_sync subscribed to (approx sync):
[stereo_sync-1]    /cam0/image_rect,
[stereo_sync-1]    /cam1/image_rect,
[stereo_sync-1]    /cam0/camera_info,
[stereo_sync-1]    /cam1/camera_info[0m
[rtabmap-2] [33m[WARN] [1782394482.696859221] [rtabmap.rtabmap]: rtabmap: Did not receive data since 5 seconds! Make sure the input topics are published ("$ ros2 topic hz my_topic") and the timestamps in their header are set. If topics are coming from different computers, make sure the clocks of the computers are synchronized ("ntpdate"). Ajusting topic_queue_size (10) and sync_queue_size (10) can also help for better synchronization if framerates and/or delays are different. If topics are not published at the same rate, you could increase "sync_queue_size" and/or "topic_queue_size" parameters (current=10 and 10 respectively).
[rtabmap-2] rtabmap subscribed to:
[rtabmap-2]    /rtabmap/rgbd_image[0m
[rtabmap-2] [0m[INFO] [1782394483.010116249] [rtabmap.rtabmap]: rtabmap (60): Rate=1.00s, Limit=0.000s, Conversion=0.0004s, RTAB-Map=0.1184s, Maps update=0.0001s pub=0.0016s delay=378679136.3480s (local map=58, WM=58)[0m
[rtabmap-2] [0m[INFO] [1782394484.125279118] [rtabmap.rtabmap]: rtabmap (61): Rate=1.00s, Limit=0.000s, Conversion=0.0004s, RTAB-Map=0.1341s, Maps update=0.0001s pub=0.0014s delay=378679136.3631s (local map=59, WM=59)[0m
[rtabmap-2] [0m[INFO] [1782394485.366315902] [rtabmap.rtabmap]: rtabmap (62): Rate=1.00s, Limit=0.000s, Conversion=0.0005s, RTAB-Map=0.1737s, Maps update=0.0001s pub=0.0015s delay=378679136.4042s (local map=60, WM=60)[0m
[rtabmap-2] [0m[INFO] [1782394486.329651423] [rtabmap.rtabmap]: rtabmap (63): Rate=1.00s, Limit=0.000s, Conversion=0.0010s, RTAB-Map=0.1270s, Maps update=0.0001s pub=0.0015s delay=378679136.3675s (local map=61, WM=61)[0m
[stereo_sync-1] [33m[WARN] [1782394487.530984333] [rtabmap.stereo_sync]: stereo_sync: Did not receive data since 5 seconds! Make sure the input topics are published ("$ rostopic hz my_topic") and the timestamps in their header are set. Ajusting topic_queue_size (100) and sync_queue_size (100) can also help for better synchronization if framerates and/or delays are different.
[stereo_sync-1] stereo_sync subscribed to (approx sync):
[stereo_sync-1]    /cam0/image_rect,
[stereo_sync-1]    /cam1/image_rect,
[stereo_sync-1]    /cam0/camera_info,
[stereo_sync-1]    /cam1/camera_info[0m
[rtabmap-2] [33m[WARN] [1782394487.696802918] [rtabmap.rtabmap]: rtabmap: Did not receive data since 5 seconds! Make sure the input topics are published ("$ ros2 topic hz my_topic") and the timestamps in their header are set. If topics are coming from different computers, make sure the clocks of the computers are synchronized ("ntpdate"). Ajusting topic_queue_size (10) and sync_queue_size (10) can also help for better synchronization if framerates and/or delays are different. If topics are not published at the same rate, you could increase "sync_queue_size" and/or "topic_queue_size" parameters (current=10 and 10 respectively).
[rtabmap-2] rtabmap subscribed to:
[rtabmap-2]    /rtabmap/rgbd_image[0m
[rtabmap-2] [0m[INFO] [1782394487.761155178] [rtabmap.rtabmap]: rtabmap (64): Rate=1.00s, Limit=0.000s, Conversion=0.0003s, RTAB-Map=0.1260s, Maps update=0.0001s pub=0.0014s delay=378679136.3490s (local map=62, WM=62)[0m
[rtabmap-2] [33m[ WARN] (2026-06-25 21:34:48.917) Rtabmap.cpp:3143::process() Rejected loop closure 3 -> 65: Not enough inliers 0/12 (matches=25) between 3 and 65[0m
[rtabmap-2] [0m[INFO] [1782394488.920699565] [rtabmap.rtabmap]: rtabmap (65): Rate=1.00s, Limit=0.000s, Conversion=0.0009s, RTAB-Map=0.1291s, Maps update=0.0001s pub=0.0014s delay=378679136.3586s (local map=63, WM=63)[0m
[rtabmap-2] [33m[ WARN] (2026-06-25 21:34:50.357) Rtabmap.cpp:3143::process() Rejected loop closure 4 -> 66: Not enough inliers 0/12 (matches=37) between 4 and 66[0m
[rtabmap-2] [0m[INFO] [1782394490.360236120] [rtabmap.rtabmap]: rtabmap (66): Rate=1.00s, Limit=0.000s, Conversion=0.0005s, RTAB-Map=0.1243s, Maps update=0.0001s pub=0.0014s delay=378679136.3481s (local map=64, WM=64)[0m
[rtabmap-2] [33m[ WARN] (2026-06-25 21:34:51.353) Rtabmap.cpp:3143::process() Rejected loop closure 3 -> 67: Not enough inliers 0/12 (matches=21) between 3 and 67[0m
[rtabmap-2] [0m[INFO] [1782394491.355899436] [rtabmap.rtabmap]: rtabmap (67): Rate=1.00s, Limit=0.000s, Conversion=0.0004s, RTAB-Map=0.1161s, Maps update=0.0001s pub=0.0014s delay=378679136.3438s (local map=65, WM=65)[0m
[rtabmap-2] [33m[ WARN] (2026-06-25 21:34:52.452) Rtabmap.cpp:3143::process() Rejected loop closure 1 -> 68: Not enough inliers 0/12 (matches=22) between 1 and 68[0m
[rtabmap-2] [0m[INFO] [1782394492.455741091] [rtabmap.rtabmap]: rtabmap (68): Rate=1.00s, Limit=0.000s, Conversion=0.0005s, RTAB-Map=0.1144s, Maps update=0.0001s pub=0.0015s delay=378679136.3436s (local map=66, WM=66)[0m
[stereo_sync-1] [33m[WARN] [1782394492.531067946] [rtabmap.stereo_sync]: stereo_sync: Did not receive data since 5 seconds! Make sure the input topics are published ("$ rostopic hz my_topic") and the timestamps in their header are set. Ajusting topic_queue_size (100) and sync_queue_size (100) can also help for better synchronization if framerates and/or delays are different.
[stereo_sync-1] stereo_sync subscribed to (approx sync):
[stereo_sync-1]    /cam0/image_rect,
[stereo_sync-1]    /cam1/image_rect,
[stereo_sync-1]    /cam0/camera_info,
[stereo_sync-1]    /cam1/camera_info[0m
[rtabmap-2] [33m[WARN] [1782394492.697029672] [rtabmap.rtabmap]: rtabmap: Did not receive data since 5 seconds! Make sure the input topics are published ("$ ros2 topic hz my_topic") and the timestamps in their header are set. If topics are coming from different computers, make sure the clocks of the computers are synchronized ("ntpdate"). Ajusting topic_queue_size (10) and sync_queue_size (10) can also help for better synchronization if framerates and/or delays are different. If topics are not published at the same rate, you could increase "sync_queue_size" and/or "topic_queue_size" parameters (current=10 and 10 respectively).
[rtabmap-2] rtabmap subscribed to:
[rtabmap-2]    /rtabmap/rgbd_image[0m
[rtabmap-2] [33m[ WARN] (2026-06-25 21:34:54.108) Rtabmap.cpp:3143::process() Rejected loop closure 5 -> 69: Not enough inliers 0/12 (matches=55) between 5 and 69[0m
[rtabmap-2] [0m[INFO] [1782394494.110866456] [rtabmap.rtabmap]: rtabmap (69): Rate=1.00s, Limit=0.000s, Conversion=0.0002s, RTAB-Map=0.1218s, Maps update=0.0001s pub=0.0016s delay=378679136.3487s (local map=67, WM=67)[0m
[rtabmap-2] [33m[ WARN] (2026-06-25 21:34:55.394) Rtabmap.cpp:3143::process() Rejected loop closure 32 -> 70: Not enough inliers 0/12 (matches=43) between 32 and 70[0m
[rtabmap-2] [0m[INFO] [1782394495.397397828] [rtabmap.rtabmap]: rtabmap (70): Rate=1.00s, Limit=0.000s, Conversion=0.0003s, RTAB-Map=0.3068s, Maps update=0.0001s pub=0.0016s delay=378679136.5353s (local map=68, WM=68)[0m
[rtabmap-2] [33m[ WARN] (2026-06-25 21:34:56.515) Rtabmap.cpp:3143::process() Rejected loop closure 32 -> 71: Not enough inliers 0/12 (matches=44) between 32 and 71[0m
[rtabmap-2] [0m[INFO] [1782394496.518015724] [rtabmap.rtabmap]: rtabmap (71): Rate=1.00s, Limit=0.000s, Conversion=0.0005s, RTAB-Map=0.1255s, Maps update=0.0001s pub=0.0016s delay=378679136.3559s (local map=69, WM=69)[0m
[rtabmap-2] [33m[ WARN] (2026-06-25 21:34:57.514) Rtabmap.cpp:3143::process() Rejected loop closure 31 -> 72: Not enough inliers 0/12 (matches=38) between 31 and 72[0m
[rtabmap-2] [0m[INFO] [1782394497.516990008] [rtabmap.rtabmap]: rtabmap (72): Rate=1.00s, Limit=0.000s, Conversion=0.0005s, RTAB-Map=0.1266s, Maps update=0.0001s pub=0.0017s delay=378679136.3548s (local map=70, WM=70)[0m
[stereo_sync-1] [33m[WARN] [1782394497.531044808] [rtabmap.stereo_sync]: stereo_sync: Did not receive data since 5 seconds! Make sure the input topics are published ("$ rostopic hz my_topic") and the timestamps in their header are set. Ajusting topic_queue_size (100) and sync_queue_size (100) can also help for better synchronization if framerates and/or delays are different.
[stereo_sync-1] stereo_sync subscribed to (approx sync):
[stereo_sync-1]    /cam0/image_rect,
[stereo_sync-1]    /cam1/image_rect,
[stereo_sync-1]    /cam0/camera_info,
[stereo_sync-1]    /cam1/camera_info[0m
[rtabmap-2] [33m[WARN] [1782394497.697048160] [rtabmap.rtabmap]: rtabmap: Did not receive data since 5 seconds! Make sure the input topics are published ("$ ros2 topic hz my_topic") and the timestamps in their header are set. If topics are coming from different computers, make sure the clocks of the computers are synchronized ("ntpdate"). Ajusting topic_queue_size (10) and sync_queue_size (10) can also help for better synchronization if framerates and/or delays are different. If topics are not published at the same rate, you could increase "sync_queue_size" and/or "topic_queue_size" parameters (current=10 and 10 respectively).
[rtabmap-2] rtabmap subscribed to:
[rtabmap-2]    /rtabmap/rgbd_image[0m
[rtabmap-2] [33m[ WARN] (2026-06-25 21:34:58.624) Rtabmap.cpp:3143::process() Rejected loop closure 31 -> 73: Not enough inliers 0/12 (matches=39) between 31 and 73[0m
[rtabmap-2] [0m[INFO] [1782394498.627448198] [rtabmap.rtabmap]: rtabmap (73): Rate=1.00s, Limit=0.000s, Conversion=0.0004s, RTAB-Map=0.1369s, Maps update=0.0001s pub=0.0016s delay=378679136.3653s (local map=71, WM=71)[0m
[rtabmap-2] [0m[INFO] [1782394499.743257526] [rtabmap.rtabmap]: rtabmap (74): Rate=1.00s, Limit=0.000s, Conversion=0.0004s, RTAB-Map=0.1580s, Maps update=0.0001s pub=0.0014s delay=378679136.3811s (local map=72, WM=72)[0m
[rtabmap-2] [33m[ WARN] (2026-06-25 21:35:00.705) Rtabmap.cpp:3143::process() Rejected loop closure 32 -> 75: Not enough inliers 0/12 (matches=45) between 32 and 75[0m
[rtabmap-2] [0m[INFO] [1782394500.708291144] [rtabmap.rtabmap]: rtabmap (75): Rate=1.00s, Limit=0.000s, Conversion=0.0004s, RTAB-Map=0.1165s, Maps update=0.0001s pub=0.0015s delay=378679136.3461s (local map=73, WM=73)[0m
[rtabmap-2] [0m[INFO] [1782394501.792761330] [rtabmap.rtabmap]: rtabmap (76): Rate=1.00s, Limit=0.000s, Conversion=0.0003s, RTAB-Map=0.1485s, Maps update=0.0001s pub=0.0015s delay=378679136.3806s (local map=74, WM=74)[0m
[stereo_sync-1] [33m[WARN] [1782394502.531141220] [rtabmap.stereo_sync]: stereo_sync: Did not receive data since 5 seconds! Make sure the input topics are published ("$ rostopic hz my_topic") and the timestamps in their header are set. Ajusting topic_queue_size (100) and sync_queue_size (100) can also help for better synchronization if framerates and/or delays are different.
[stereo_sync-1] stereo_sync subscribed to (approx sync):
[stereo_sync-1]    /cam0/image_rect,
[stereo_sync-1]    /cam1/image_rect,
[stereo_sync-1]    /cam0/camera_info,
[stereo_sync-1]    /cam1/camera_info[0m
[rtabmap-2] [33m[WARN] [1782394502.697180255] [rtabmap.rtabmap]: rtabmap: Did not receive data since 5 seconds! Make sure the input topics are published ("$ ros2 topic hz my_topic") and the timestamps in their header are set. If topics are coming from different computers, make sure the clocks of the computers are synchronized ("ntpdate"). Ajusting topic_queue_size (10) and sync_queue_size (10) can also help for better synchronization if framerates and/or delays are different. If topics are not published at the same rate, you could increase "sync_queue_size" and/or "topic_queue_size" parameters (current=10 and 10 respectively).
[rtabmap-2] rtabmap subscribed to:
[rtabmap-2]    /rtabmap/rgbd_image[0m
[rtabmap-2] [0m[INFO] [1782394503.293386036] [rtabmap.rtabmap]: rtabmap (77): Rate=1.00s, Limit=0.000s, Conversion=0.0004s, RTAB-Map=0.1508s, Maps update=0.0001s pub=0.0015s delay=378679136.3812s (local map=75, WM=75)[0m
[rtabmap-2] [0m[INFO] [1782394504.436336332] [rtabmap.rtabmap]: rtabmap (78): Rate=1.00s, Limit=0.000s, Conversion=0.0004s, RTAB-Map=0.1451s, Maps update=0.0001s pub=0.0015s delay=378679136.3742s (local map=76, WM=76)[0m
[rtabmap-2] [33m[ WARN] (2026-06-25 21:35:05.692) Rtabmap.cpp:3989::process() Rejecting all added loop closures (1, first is 79 <-> 8) in this iteration because a wrong loop closure has been detected after graph optimization, resulting in a maximum graph error ratio of 12.422767 (edge 8->79, type=1, abs error=1.876924 m, stddev=0.151087). The maximum error ratio parameter "RGBD/OptimizeMaxError" is 3.000000 of std deviation.[0m
[rtabmap-2] [33m[ WARN] (2026-06-25 21:35:05.692) Rtabmap.cpp:4033::process() Rejecting all added loop closures (1, first is 79 <-> 8) in this iteration because a wrong loop closure has been detected after graph optimization, resulting in a maximum graph error ratio of 3.831711 (edge 8->79, type=1, abs error=15.835842 deg, stddev=0.072132). The maximum error ratio parameter "RGBD/OptimizeMaxError" is 3.000000 of std deviation.[0m
[rtabmap-2] [33m[ WARN] (2026-06-25 21:35:05.692) Rtabmap.cpp:4071::process() Loop closure 79->8 rejected![0m
[rtabmap-2] [0m[INFO] [1782394505.695422259] [rtabmap.rtabmap]: rtabmap (79): Rate=1.00s, Limit=0.000s, Conversion=0.0005s, RTAB-Map=0.1583s, Maps update=0.0001s pub=0.0014s delay=378679136.3833s (local map=77, WM=77)[0m
[rtabmap-2] [33m[ WARN] (2026-06-25 21:35:06.974) Rtabmap.cpp:3143::process() Rejected loop closure 9 -> 80: Not enough inliers 11/12 (matches=87) between 9 and 80[0m
[rtabmap-2] [0m[INFO] [1782394506.976950885] [rtabmap.rtabmap]: rtabmap (80): Rate=1.00s, Limit=0.000s, Conversion=0.0004s, RTAB-Map=0.1339s, Maps update=0.0001s pub=0.0014s delay=378679136.3648s (local map=78, WM=78)[0m
[stereo_sync-1] [33m[WARN] [1782394507.531262671] [rtabmap.stereo_sync]: stereo_sync: Did not receive data since 5 seconds! Make sure the input topics are published ("$ rostopic hz my_topic") and the timestamps in their header are set. Ajusting topic_queue_size (100) and sync_queue_size (100) can also help for better synchronization if framerates and/or delays are different.
[stereo_sync-1] stereo_sync subscribed to (approx sync):
[stereo_sync-1]    /cam0/image_rect,
[stereo_sync-1]    /cam1/image_rect,
[stereo_sync-1]    /cam0/camera_info,
[stereo_sync-1]    /cam1/camera_info[0m
[rtabmap-2] [33m[WARN] [1782394507.697230566] [rtabmap.rtabmap]: rtabmap: Did not receive data since 5 seconds! Make sure the input topics are published ("$ ros2 topic hz my_topic") and the timestamps in their header are set. If topics are coming from different computers, make sure the clocks of the computers are synchronized ("ntpdate"). Ajusting topic_queue_size (10) and sync_queue_size (10) can also help for better synchronization if framerates and/or delays are different. If topics are not published at the same rate, you could increase "sync_queue_size" and/or "topic_queue_size" parameters (current=10 and 10 respectively).
[rtabmap-2] rtabmap subscribed to:
[rtabmap-2]    /rtabmap/rgbd_image[0m
[rtabmap-2] [0m[INFO] [1782394507.986326132] [rtabmap.rtabmap]: rtabmap (81): Rate=1.00s, Limit=0.000s, Conversion=0.0004s, RTAB-Map=0.1426s, Maps update=0.0001s pub=0.0015s delay=378679136.3742s (local map=79, WM=79)[0m
[rtabmap-2] [0m[INFO] [1782394509.181243306] [rtabmap.rtabmap]: rtabmap (82): Rate=1.00s, Limit=0.000s, Conversion=0.0004s, RTAB-Map=0.1386s, Maps update=0.0001s pub=0.0015s delay=378679136.3691s (local map=80, WM=80)[0m
[rtabmap-2] [0m[INFO] [1782394510.292447228] [rtabmap.rtabmap]: rtabmap (83): Rate=1.00s, Limit=0.000s, Conversion=0.0005s, RTAB-Map=0.1399s, Maps update=0.0001s pub=0.0014s delay=378679136.3803s (local map=81, WM=81)[0m
[rtabmap-2] [0m[INFO] [1782394511.712889509] [rtabmap.rtabmap]: rtabmap (84): Rate=1.00s, Limit=0.000s, Conversion=0.0005s, RTAB-Map=0.1274s, Maps update=0.0001s pub=0.0014s delay=378679136.3507s (local map=82, WM=82)[0m
[stereo_sync-1] [33m[WARN] [1782394512.531305508] [rtabmap.stereo_sync]: stereo_sync: Did not receive data since 5 seconds! Make sure the input topics are published ("$ rostopic hz my_topic") and the timestamps in their header are set. Ajusting topic_queue_size (100) and sync_queue_size (100) can also help for better synchronization if framerates and/or delays are different.
[stereo_sync-1] stereo_sync subscribed to (approx sync):
[stereo_sync-1]    /cam0/image_rect,
[stereo_sync-1]    /cam1/image_rect,
[stereo_sync-1]    /cam0/camera_info,
[stereo_sync-1]    /cam1/camera_info[0m
[rtabmap-2] [33m[WARN] [1782394512.697289406] [rtabmap.rtabmap]: rtabmap: Did not receive data since 5 seconds! Make sure the input topics are published ("$ ros2 topic hz my_topic") and the timestamps in their header are set. If topics are coming from different computers, make sure the clocks of the computers are synchronized ("ntpdate"). Ajusting topic_queue_size (10) and sync_queue_size (10) can also help for better synchronization if framerates and/or delays are different. If topics are not published at the same rate, you could increase "sync_queue_size" and/or "topic_queue_size" parameters (current=10 and 10 respectively).
[rtabmap-2] rtabmap subscribed to:
[rtabmap-2]    /rtabmap/rgbd_image[0m
[rtabmap-2] [0m[INFO] [1782394512.735158943] [rtabmap.rtabmap]: rtabmap (85): Rate=1.00s, Limit=0.000s, Conversion=0.0004s, RTAB-Map=0.1449s, Maps update=0.0001s pub=0.0017s delay=378679136.3730s (local map=83, WM=83)[0m
[rtabmap-2] [33m[ WARN] (2026-06-25 21:35:13.737) Rtabmap.cpp:3143::process() Rejected loop closure 32 -> 86: Not enough inliers 9/12 (matches=83) between 32 and 86[0m
[rtabmap-2] [0m[INFO] [1782394513.740259700] [rtabmap.rtabmap]: rtabmap (86): Rate=1.00s, Limit=0.000s, Conversion=0.0004s, RTAB-Map=0.1490s, Maps update=0.0001s pub=0.0017s delay=378679136.3781s (local map=84, WM=84)[0m
[rtabmap-2] [0m[INFO] [1782394515.177647782] [rtabmap.rtabmap]: rtabmap (87): Rate=1.00s, Limit=0.000s, Conversion=0.0006s, RTAB-Map=0.1249s, Maps update=0.0001s pub=0.0014s delay=378679136.3655s (local map=85, WM=85)[0m
[rtabmap-2] [0m[INFO] [1782394516.471476753] [rtabmap.rtabmap]: rtabmap (88): Rate=1.00s, Limit=0.000s, Conversion=0.0005s, RTAB-Map=0.1284s, Maps update=0.0001s pub=0.0015s delay=378679136.3593s (local map=86, WM=86)[0m
[stereo_sync-1] [33m[WARN] [1782394517.531415799] [rtabmap.stereo_sync]: stereo_sync: Did not receive data since 5 seconds! Make sure the input topics are published ("$ rostopic hz my_topic") and the timestamps in their header are set. Ajusting topic_queue_size (100) and sync_queue_size (100) can also help for better synchronization if framerates and/or delays are different.
[stereo_sync-1] stereo_sync subscribed to (approx sync):
[stereo_sync-1]    /cam0/image_rect,
[stereo_sync-1]    /cam1/image_rect,
[stereo_sync-1]    /cam0/camera_info,
[stereo_sync-1]    /cam1/camera_info[0m
[rtabmap-2] [33m[ WARN] (2026-06-25 21:35:17.604) Rtabmap.cpp:3989::process() Rejecting all added loop closures (1, first is 89 <-> 61) in this iteration because a wrong loop closure has been detected after graph optimization, resulting in a maximum graph error ratio of 3.251679 (edge 61->89, type=1, abs error=0.227397 m, stddev=0.069932). The maximum error ratio parameter "RGBD/OptimizeMaxError" is 3.000000 of std deviation.[0m
[rtabmap-2] [33m[ WARN] (2026-06-25 21:35:17.604) Rtabmap.cpp:4071::process() Loop closure 89->61 rejected![0m
[rtabmap-2] [0m[INFO] [1782394517.607272614] [rtabmap.rtabmap]: rtabmap (89): Rate=1.00s, Limit=0.000s, Conversion=0.0004s, RTAB-Map=0.1606s, Maps update=0.0001s pub=0.0015s delay=378679136.3951s (local map=87, WM=87)[0m
[rtabmap-2] [33m[WARN] [1782394517.697433565] [rtabmap.rtabmap]: rtabmap: Did not receive data since 5 seconds! Make sure the input topics are published ("$ ros2 topic hz my_topic") and the timestamps in their header are set. If topics are coming from different computers, make sure the clocks of the computers are synchronized ("ntpdate"). Ajusting topic_queue_size (10) and sync_queue_size (10) can also help for better synchronization if framerates and/or delays are different. If topics are not published at the same rate, you could increase "sync_queue_size" and/or "topic_queue_size" parameters (current=10 and 10 respectively).
[rtabmap-2] rtabmap subscribed to:
[rtabmap-2]    /rtabmap/rgbd_image[0m
[rtabmap-2] [0m[INFO] [1782394519.398722908] [rtabmap.rtabmap]: rtabmap (90): Rate=1.00s, Limit=0.000s, Conversion=0.0004s, RTAB-Map=0.1562s, Maps update=0.0001s pub=0.0015s delay=378679136.3866s (local map=88, WM=88)[0m
[rtabmap-2] [0m[INFO] [1782394520.557116709] [rtabmap.rtabmap]: rtabmap (91): Rate=1.00s, Limit=0.000s, Conversion=0.0005s, RTAB-Map=0.1541s, Maps update=0.0001s pub=0.0015s delay=378679136.3950s (local map=89, WM=89)[0m
[rtabmap-2] [0m[INFO] [1782394521.721296749] [rtabmap.rtabmap]: rtabmap (92): Rate=1.00s, Limit=0.000s, Conversion=0.0003s, RTAB-Map=0.1312s, Maps update=0.0001s pub=0.0015s delay=378679136.3592s (local map=90, WM=90)[0m
[stereo_sync-1] [33m[WARN] [1782394522.531555817] [rtabmap.stereo_sync]: stereo_sync: Did not receive data since 5 seconds! Make sure the input topics are published ("$ rostopic hz my_topic") and the timestamps in their header are set. Ajusting topic_queue_size (100) and sync_queue_size (100) can also help for better synchronization if framerates and/or delays are different.
[stereo_sync-1] stereo_sync subscribed to (approx sync):
[stereo_sync-1]    /cam0/image_rect,
[stereo_sync-1]    /cam1/image_rect,
[stereo_sync-1]    /cam0/camera_info,
[stereo_sync-1]    /cam1/camera_info[0m
[rtabmap-2] [33m[WARN] [1782394522.697513982] [rtabmap.rtabmap]: rtabmap: Did not receive data since 5 seconds! Make sure the input topics are published ("$ ros2 topic hz my_topic") and the timestamps in their header are set. If topics are coming from different computers, make sure the clocks of the computers are synchronized ("ntpdate"). Ajusting topic_queue_size (10) and sync_queue_size (10) can also help for better synchronization if framerates and/or delays are different. If topics are not published at the same rate, you could increase "sync_queue_size" and/or "topic_queue_size" parameters (current=10 and 10 respectively).
[rtabmap-2] rtabmap subscribed to:
[rtabmap-2]    /rtabmap/rgbd_image[0m
[rtabmap-2] [0m[INFO] [1782394523.033885812] [rtabmap.rtabmap]: rtabmap (93): Rate=1.00s, Limit=0.000s, Conversion=0.0004s, RTAB-Map=0.1363s, Maps update=0.0001s pub=0.0015s delay=378679136.3717s (local map=91, WM=91)[0m
[rtabmap-2] [0m[INFO] [1782394524.090722673] [rtabmap.rtabmap]: rtabmap (94): Rate=1.00s, Limit=0.000s, Conversion=0.0004s, RTAB-Map=0.1486s, Maps update=0.0001s pub=0.0015s delay=378679136.3786s (local map=92, WM=92)[0m
[rtabmap-2] [0m[INFO] [1782394525.742524386] [rtabmap.rtabmap]: rtabmap (95): Rate=1.00s, Limit=0.000s, Conversion=0.0004s, RTAB-Map=0.1499s, Maps update=0.0001s pub=0.0015s delay=378679136.3804s (local map=93, WM=93)[0m
[rtabmap-2] [0m[INFO] [1782394527.286461710] [rtabmap.rtabmap]: rtabmap (96): Rate=1.00s, Limit=0.000s, Conversion=0.0003s, RTAB-Map=0.1452s, Maps update=0.0001s pub=0.0016s delay=378679136.3743s (local map=94, WM=94)[0m
[stereo_sync-1] [33m[WARN] [1782394527.531554596] [rtabmap.stereo_sync]: stereo_sync: Did not receive data since 5 seconds! Make sure the input topics are published ("$ rostopic hz my_topic") and the timestamps in their header are set. Ajusting topic_queue_size (100) and sync_queue_size (100) can also help for better synchronization if framerates and/or delays are different.
[stereo_sync-1] stereo_sync subscribed to (approx sync):
[stereo_sync-1]    /cam0/image_rect,
[stereo_sync-1]    /cam1/image_rect,
[stereo_sync-1]    /cam0/camera_info,
[stereo_sync-1]    /cam1/camera_info[0m
[rtabmap-2] [33m[WARN] [1782394527.697529436] [rtabmap.rtabmap]: rtabmap: Did not receive data since 5 seconds! Make sure the input topics are published ("$ ros2 topic hz my_topic") and the timestamps in their header are set. If topics are coming from different computers, make sure the clocks of the computers are synchronized ("ntpdate"). Ajusting topic_queue_size (10) and sync_queue_size (10) can also help for better synchronization if framerates and/or delays are different. If topics are not published at the same rate, you could increase "sync_queue_size" and/or "topic_queue_size" parameters (current=10 and 10 respectively).
[rtabmap-2] rtabmap subscribed to:
[rtabmap-2]    /rtabmap/rgbd_image[0m
[rtabmap-2] [0m[INFO] [1782394528.766564302] [rtabmap.rtabmap]: rtabmap (97): Rate=1.00s, Limit=0.000s, Conversion=0.0005s, RTAB-Map=0.1630s, Maps update=0.0001s pub=0.0015s delay=378679136.4044s (local map=95, WM=95)[0m
[rtabmap-2] [0m[INFO] [1782394530.600263356] [rtabmap.rtabmap]: rtabmap (98): Rate=1.00s, Limit=0.000s, Conversion=0.0004s, RTAB-Map=0.1588s, Maps update=0.0001s pub=0.0015s delay=378679136.3881s (local map=96, WM=96)[0m
[rtabmap-2] [33m[ WARN] (2026-06-25 21:35:32.161) Rtabmap.cpp:3143::process() Rejected loop closure 84 -> 99: Not enough inliers 0/12 (matches=51) between 84 and 99[0m
[rtabmap-2] [0m[INFO] [1782394532.164177553] [rtabmap.rtabmap]: rtabmap (99): Rate=1.00s, Limit=0.000s, Conversion=0.0005s, RTAB-Map=0.1163s, Maps update=0.0001s pub=0.0015s delay=378679136.3520s (local map=97, WM=97)[0m
[stereo_sync-1] [33m[WARN] [1782394532.531734310] [rtabmap.stereo_sync]: stereo_sync: Did not receive data since 5 seconds! Make sure the input topics are published ("$ rostopic hz my_topic") and the timestamps in their header are set. Ajusting topic_queue_size (100) and sync_queue_size (100) can also help for better synchronization if framerates and/or delays are different.
[stereo_sync-1] stereo_sync subscribed to (approx sync):
[stereo_sync-1]    /cam0/image_rect,
[stereo_sync-1]    /cam1/image_rect,
[stereo_sync-1]    /cam0/camera_info,
[stereo_sync-1]    /cam1/camera_info[0m
[rtabmap-2] [33m[WARN] [1782394532.697558050] [rtabmap.rtabmap]: rtabmap: Did not receive data since 5 seconds! Make sure the input topics are published ("$ ros2 topic hz my_topic") and the timestamps in their header are set. If topics are coming from different computers, make sure the clocks of the computers are synchronized ("ntpdate"). Ajusting topic_queue_size (10) and sync_queue_size (10) can also help for better synchronization if framerates and/or delays are different. If topics are not published at the same rate, you could increase "sync_queue_size" and/or "topic_queue_size" parameters (current=10 and 10 respectively).
[rtabmap-2] rtabmap subscribed to:
[rtabmap-2]    /rtabmap/rgbd_image[0m
[rtabmap-2] [0m[INFO] [1782394533.233142492] [rtabmap.rtabmap]: rtabmap (100): Rate=1.00s, Limit=0.000s, Conversion=0.0005s, RTAB-Map=0.1414s, Maps update=0.0001s pub=0.0016s delay=378679136.3710s (local map=98, WM=98)[0m
[rtabmap-2] [0m[INFO] [1782394534.310282273] [rtabmap.rtabmap]: rtabmap (101): Rate=1.00s, Limit=0.000s, Conversion=0.0005s, RTAB-Map=0.1670s, Maps update=0.0001s pub=0.0016s delay=378679136.3981s (local map=99, WM=99)[0m
[rtabmap-2] [0m[INFO] [1782394535.308762187] [rtabmap.rtabmap]: rtabmap (102): Rate=1.00s, Limit=0.000s, Conversion=0.0006s, RTAB-Map=0.1607s, Maps update=0.0001s pub=0.0016s delay=378679136.3966s (local map=100, WM=100)[0m
[rtabmap-2] [0m[INFO] [1782394536.313360343] [rtabmap.rtabmap]: rtabmap (103): Rate=1.00s, Limit=0.000s, Conversion=0.0004s, RTAB-Map=0.1597s, Maps update=0.0001s pub=0.0016s delay=378679136.4012s (local map=101, WM=101)[0m
[rtabmap-2] [0m[INFO] [1782394537.302516657] [rtabmap.rtabmap]: rtabmap (104): Rate=1.00s, Limit=0.000s, Conversion=0.0004s, RTAB-Map=0.1495s, Maps update=0.0001s pub=0.0016s delay=378679136.3904s (local map=102, WM=102)[0m
[stereo_sync-1] [33m[WARN] [1782394537.531794279] [rtabmap.stereo_sync]: stereo_sync: Did not receive data since 5 seconds! Make sure the input topics are published ("$ rostopic hz my_topic") and the timestamps in their header are set. Ajusting topic_queue_size (100) and sync_queue_size (100) can also help for better synchronization if framerates and/or delays are different.
[stereo_sync-1] stereo_sync subscribed to (approx sync):
[stereo_sync-1]    /cam0/image_rect,
[stereo_sync-1]    /cam1/image_rect,
[stereo_sync-1]    /cam0/camera_info,
[stereo_sync-1]    /cam1/camera_info[0m
[rtabmap-2] [33m[WARN] [1782394537.697870614] [rtabmap.rtabmap]: rtabmap: Did not receive data since 5 seconds! Make sure the input topics are published ("$ ros2 topic hz my_topic") and the timestamps in their header are set. If topics are coming from different computers, make sure the clocks of the computers are synchronized ("ntpdate"). Ajusting topic_queue_size (10) and sync_queue_size (10) can also help for better synchronization if framerates and/or delays are different. If topics are not published at the same rate, you could increase "sync_queue_size" and/or "topic_queue_size" parameters (current=10 and 10 respectively).
[rtabmap-2] rtabmap subscribed to:
[rtabmap-2]    /rtabmap/rgbd_image[0m
[rtabmap-2] [0m[INFO] [1782394538.296696262] [rtabmap.rtabmap]: rtabmap (105): Rate=1.00s, Limit=0.000s, Conversion=0.0005s, RTAB-Map=0.1537s, Maps update=0.0001s pub=0.0015s delay=378679136.3846s (local map=103, WM=103)[0m
[rtabmap-2] [33m[ WARN] (2026-06-25 21:35:39.261) Rtabmap.cpp:3143::process() Rejected loop closure 24 -> 106: Not enough inliers 0/12 (matches=58) between 24 and 106[0m
[rtabmap-2] [0m[INFO] [1782394539.264125158] [rtabmap.rtabmap]: rtabmap (106): Rate=1.00s, Limit=0.000s, Conversion=0.0006s, RTAB-Map=0.1228s, Maps update=0.0001s pub=0.0016s delay=378679136.3520s (local map=104, WM=104)[0m
[rtabmap-2] [33m[ WARN] (2026-06-25 21:35:40.258) Rtabmap.cpp:3143::process() Rejected loop closure 26 -> 107: Not enough inliers 8/12 (matches=54) between 26 and 107[0m
[rtabmap-2] [0m[INFO] [1782394540.261792349] [rtabmap.rtabmap]: rtabmap (107): Rate=1.00s, Limit=0.000s, Conversion=0.0004s, RTAB-Map=0.1254s, Maps update=0.0001s pub=0.0018s delay=378679136.3496s (local map=105, WM=105)[0m
[rtabmap-2] [0m[INFO] [1782394541.408310783] [rtabmap.rtabmap]: rtabmap (108): Rate=1.00s, Limit=0.000s, Conversion=0.0002s, RTAB-Map=0.1250s, Maps update=0.0001s pub=0.0016s delay=378679136.3462s (local map=106, WM=106)[0m
[stereo_sync-1] [33m[WARN] [1782394542.531891995] [rtabmap.stereo_sync]: stereo_sync: Did not receive data since 5 seconds! Make sure the input topics are published ("$ rostopic hz my_topic") and the timestamps in their header are set. Ajusting topic_queue_size (100) and sync_queue_size (100) can also help for better synchronization if framerates and/or delays are different.
[stereo_sync-1] stereo_sync subscribed to (approx sync):
[stereo_sync-1]    /cam0/image_rect,
[stereo_sync-1]    /cam1/image_rect,
[stereo_sync-1]    /cam0/camera_info,
[stereo_sync-1]    /cam1/camera_info[0m
[rtabmap-2] [33m[WARN] [1782394542.698022812] [rtabmap.rtabmap]: rtabmap: Did not receive data since 5 seconds! Make sure the input topics are published ("$ ros2 topic hz my_topic") and the timestamps in their header are set. If topics are coming from different computers, make sure the clocks of the computers are synchronized ("ntpdate"). Ajusting topic_queue_size (10) and sync_queue_size (10) can also help for better synchronization if framerates and/or delays are different. If topics are not published at the same rate, you could increase "sync_queue_size" and/or "topic_queue_size" parameters (current=10 and 10 respectively).
[rtabmap-2] rtabmap subscribed to:
[rtabmap-2]    /rtabmap/rgbd_image[0m
[rtabmap-2] [0m[INFO] [1782394542.948894564] [rtabmap.rtabmap]: rtabmap (109): Rate=1.00s, Limit=0.000s, Conversion=0.0005s, RTAB-Map=0.1579s, Maps update=0.0001s pub=0.0017s delay=378679136.3868s (local map=107, WM=107)[0m
[rtabmap-2] [0m[INFO] [1782394543.937648424] [rtabmap.rtabmap]: rtabmap (110): Rate=1.00s, Limit=0.000s, Conversion=0.0006s, RTAB-Map=0.1350s, Maps update=0.0001s pub=0.0018s delay=378679136.3755s (local map=108, WM=108)[0m
[rtabmap-2] [0m[INFO] [1782394544.943821944] [rtabmap.rtabmap]: rtabmap (111): Rate=1.00s, Limit=0.000s, Conversion=0.0006s, RTAB-Map=0.1400s, Maps update=0.0001s pub=0.0016s delay=378679136.3817s (local map=109, WM=109)[0m
[rtabmap-2] [0m[INFO] [1782394545.993563073] [rtabmap.rtabmap]: rtabmap (112): Rate=1.00s, Limit=0.000s, Conversion=0.0006s, RTAB-Map=0.1511s, Maps update=0.0001s pub=0.0015s delay=378679136.3814s (local map=110, WM=110)[0m
[stereo_sync-1] [33m[WARN] [1782394547.531891763] [rtabmap.stereo_sync]: stereo_sync: Did not receive data since 5 seconds! Make sure the input topics are published ("$ rostopic hz my_topic") and the timestamps in their header are set. Ajusting topic_queue_size (100) and sync_queue_size (100) can also help for better synchronization if framerates and/or delays are different.
[stereo_sync-1] stereo_sync subscribed to (approx sync):
[stereo_sync-1]    /cam0/image_rect,
[stereo_sync-1]    /cam1/image_rect,
[stereo_sync-1]    /cam0/camera_info,
[stereo_sync-1]    /cam1/camera_info[0m
[rtabmap-2] [0m[INFO] [1782394547.581272377] [rtabmap.rtabmap]: rtabmap (113): Rate=1.00s, Limit=0.000s, Conversion=0.0004s, RTAB-Map=0.1337s, Maps update=0.0001s pub=0.0016s delay=378679136.3691s (local map=111, WM=111)[0m
[rtabmap-2] [33m[WARN] [1782394547.698051762] [rtabmap.rtabmap]: rtabmap: Did not receive data since 5 seconds! Make sure the input topics are published ("$ ros2 topic hz my_topic") and the timestamps in their header are set. If topics are coming from different computers, make sure the clocks of the computers are synchronized ("ntpdate"). Ajusting topic_queue_size (10) and sync_queue_size (10) can also help for better synchronization if framerates and/or delays are different. If topics are not published at the same rate, you could increase "sync_queue_size" and/or "topic_queue_size" parameters (current=10 and 10 respectively).
[rtabmap-2] rtabmap subscribed to:
[rtabmap-2]    /rtabmap/rgbd_image[0m
[rtabmap-2] [0m[INFO] [1782394548.532236212] [rtabmap.rtabmap]: rtabmap (114): Rate=1.00s, Limit=0.000s, Conversion=0.0004s, RTAB-Map=0.0899s, Maps update=0.0001s pub=0.0015s delay=378679136.3201s (local map=111, WM=111)[0m
[rtabmap-2] [0m[INFO] [1782394549.530590578] [rtabmap.rtabmap]: rtabmap (115): Rate=1.00s, Limit=0.000s, Conversion=0.0004s, RTAB-Map=0.0871s, Maps update=0.0001s pub=0.0016s delay=378679136.3184s (local map=111, WM=111)[0m
[rtabmap-2] [33m[ WARN] (2026-06-25 21:35:50.462) Features2d.cpp:999::generateKeypoints3D() A large number (535/904) of stereo correspondences are rejected! Optical flow may have failed because images are not calibrated, the background is too far (no disparity between the images), maximum disparity may be too small (128.000000) or that exposure between left and right images is too different.[0m
[rtabmap-2] [0m[INFO] [1782394550.617890890] [rtabmap.rtabmap]: rtabmap (116): Rate=1.00s, Limit=0.000s, Conversion=0.0006s, RTAB-Map=0.1745s, Maps update=0.0001s pub=0.0015s delay=378679136.4057s (local map=112, WM=112)[0m
[rtabmap-2] [33m[ WARN] (2026-06-25 21:35:51.502) Features2d.cpp:999::generateKeypoints3D() A large number (629/935) of stereo correspondences are rejected! Optical flow may have failed because images are not calibrated, the background is too far (no disparity between the images), maximum disparity may be too small (128.000000) or that exposure between left and right images is too different.[0m
[rtabmap-2] [0m[INFO] [1782394551.592977741] [rtabmap.rtabmap]: rtabmap (117): Rate=1.00s, Limit=0.000s, Conversion=0.0003s, RTAB-Map=0.1031s, Maps update=0.0001s pub=0.0016s delay=378679136.3308s (local map=113, WM=113)[0m
[stereo_sync-1] [33m[WARN] [1782394552.532039380] [rtabmap.stereo_sync]: stereo_sync: Did not receive data since 5 seconds! Make sure the input topics are published ("$ rostopic hz my_topic") and the timestamps in their header are set. Ajusting topic_queue_size (100) and sync_queue_size (100) can also help for better synchronization if framerates and/or delays are different.
[stereo_sync-1] stereo_sync subscribed to (approx sync):
[stereo_sync-1]    /cam0/image_rect,
[stereo_sync-1]    /cam1/image_rect,
[stereo_sync-1]    /cam0/camera_info,
[stereo_sync-1]    /cam1/camera_info[0m
[rtabmap-2] [33m[ WARN] (2026-06-25 21:35:52.564) Features2d.cpp:999::generateKeypoints3D() A large number (762/975) of stereo correspondences are rejected! Optical flow may have failed because images are not calibrated, the background is too far (no disparity between the images), maximum disparity may be too small (128.000000) or that exposure between left and right images is too different.[0m
[rtabmap-2] [0m[INFO] [1782394552.642391838] [rtabmap.rtabmap]: rtabmap (118): Rate=1.00s, Limit=0.000s, Conversion=0.0003s, RTAB-Map=0.0918s, Maps update=0.0001s pub=0.0016s delay=378679136.3302s (local map=114, WM=114)[0m
[rtabmap-2] [33m[WARN] [1782394552.698014584] [rtabmap.rtabmap]: rtabmap: Did not receive data since 5 seconds! Make sure the input topics are published ("$ ros2 topic hz my_topic") and the timestamps in their header are set. If topics are coming from different computers, make sure the clocks of the computers are synchronized ("ntpdate"). Ajusting topic_queue_size (10) and sync_queue_size (10) can also help for better synchronization if framerates and/or delays are different. If topics are not published at the same rate, you could increase "sync_queue_size" and/or "topic_queue_size" parameters (current=10 and 10 respectively).
[rtabmap-2] rtabmap subscribed to:
[rtabmap-2]    /rtabmap/rgbd_image[0m
[rtabmap-2] [33m[ WARN] (2026-06-25 21:35:54.357) Features2d.cpp:999::generateKeypoints3D() A large number (671/972) of stereo correspondences are rejected! Optical flow may have failed because images are not calibrated, the background is too far (no disparity between the images), maximum disparity may be too small (128.000000) or that exposure between left and right images is too different.[0m
[rtabmap-2] [0m[INFO] [1782394554.414815528] [rtabmap.rtabmap]: rtabmap (119): Rate=1.00s, Limit=0.000s, Conversion=0.0002s, RTAB-Map=0.0745s, Maps update=0.0002s pub=0.0015s delay=378679136.3027s (local map=114, WM=114)[0m
[stereo_sync-1] [33m[WARN] [1782394557.532017573] [rtabmap.stereo_sync]: stereo_sync: Did not receive data since 5 seconds! Make sure the input topics are published ("$ rostopic hz my_topic") and the timestamps in their header are set. Ajusting topic_queue_size (100) and sync_queue_size (100) can also help for better synchronization if framerates and/or delays are different.
[stereo_sync-1] stereo_sync subscribed to (approx sync):
[stereo_sync-1]    /cam0/image_rect,
[stereo_sync-1]    /cam1/image_rect,
[stereo_sync-1]    /cam0/camera_info,
[stereo_sync-1]    /cam1/camera_info[0m
[rtabmap-2] [33m[WARN] [1782394557.698212249] [rtabmap.rtabmap]: rtabmap: Did not receive data since 5 seconds! Make sure the input topics are published ("$ ros2 topic hz my_topic") and the timestamps in their header are set. If topics are coming from different computers, make sure the clocks of the computers are synchronized ("ntpdate"). Ajusting topic_queue_size (10) and sync_queue_size (10) can also help for better synchronization if framerates and/or delays are different. If topics are not published at the same rate, you could increase "sync_queue_size" and/or "topic_queue_size" parameters (current=10 and 10 respectively).
[rtabmap-2] rtabmap subscribed to:
[rtabmap-2]    /rtabmap/rgbd_image[0m
[stereo_sync-1] [33m[WARN] [1782394562.532204018] [rtabmap.stereo_sync]: stereo_sync: Did not receive data since 5 seconds! Make sure the input topics are published ("$ rostopic hz my_topic") and the timestamps in their header are set. Ajusting topic_queue_size (100) and sync_queue_size (100) can also help for better synchronization if framerates and/or delays are different.
[stereo_sync-1] stereo_sync subscribed to (approx sync):
[stereo_sync-1]    /cam0/image_rect,
[stereo_sync-1]    /cam1/image_rect,
[stereo_sync-1]    /cam0/camera_info,
[stereo_sync-1]    /cam1/camera_info[0m
[rtabmap-2] [33m[WARN] [1782394562.698182149] [rtabmap.rtabmap]: rtabmap: Did not receive data since 5 seconds! Make sure the input topics are published ("$ ros2 topic hz my_topic") and the timestamps in their header are set. If topics are coming from different computers, make sure the clocks of the computers are synchronized ("ntpdate"). Ajusting topic_queue_size (10) and sync_queue_size (10) can also help for better synchronization if framerates and/or delays are different. If topics are not published at the same rate, you could increase "sync_queue_size" and/or "topic_queue_size" parameters (current=10 and 10 respectively).
[rtabmap-2] rtabmap subscribed to:
[rtabmap-2]    /rtabmap/rgbd_image[0m
[stereo_sync-1] [33m[WARN] [1782394567.532185718] [rtabmap.stereo_sync]: stereo_sync: Did not receive data since 5 seconds! Make sure the input topics are published ("$ rostopic hz my_topic") and the timestamps in their header are set. Ajusting topic_queue_size (100) and sync_queue_size (100) can also help for better synchronization if framerates and/or delays are different.
[stereo_sync-1] stereo_sync subscribed to (approx sync):
[stereo_sync-1]    /cam0/image_rect,
[stereo_sync-1]    /cam1/image_rect,
[stereo_sync-1]    /cam0/camera_info,
[stereo_sync-1]    /cam1/camera_info[0m
[rtabmap-2] [33m[WARN] [1782394567.698244331] [rtabmap.rtabmap]: rtabmap: Did not receive data since 5 seconds! Make sure the input topics are published ("$ ros2 topic hz my_topic") and the timestamps in their header are set. If topics are coming from different computers, make sure the clocks of the computers are synchronized ("ntpdate"). Ajusting topic_queue_size (10) and sync_queue_size (10) can also help for better synchronization if framerates and/or delays are different. If topics are not published at the same rate, you could increase "sync_queue_size" and/or "topic_queue_size" parameters (current=10 and 10 respectively).
[rtabmap-2] rtabmap subscribed to:
[rtabmap-2]    /rtabmap/rgbd_image[0m
[stereo_sync-1] [0m[INFO] [1782394568.530590426] [rclcpp]: signal_handler(SIGINT/SIGTERM)[0m
