run_rtabmap start: 2026-06-25T19:40:27+08:00
HNO_PKG=/home/sharpa/hno_vio_clean/src/hno_vio
RUN_RTABMAP_DIR=/home/sharpa/hno_vio_clean/src/hno_vio/tools/run_rtabmap
ROS2_WS=/home/sharpa/hno_vio_clean/src/hno_vio/tools/run_rtabmap/ros2_ws
RTABMAP_WS=/home/sharpa/ros2_ws/install
RUN_DIR=/home/sharpa/hno_vio_clean/src/hno_vio/results/run_20260625T092005
VIO_RESULTS_DIR=/home/sharpa/hno_vio_clean/src/hno_vio/results/run_20260625T092005/vio_results
RUN_CONTEXT_JSON=/home/sharpa/hno_vio_clean/src/hno_vio/results/run_20260625T092005/run_context.json
EUROC_MAV0=/home/sharpa/datasets/euroc/ASL/V1_01_easy/mav0
GROUND_TRUTH_TUM=/home/sharpa/hno_vio_clean/src/hno_vio/ground_truth/euroc_mav/V1_01_easy.txt
ODOM_FRAME=odom
BASE_FRAME=base_link
OUT_DIR=/home/sharpa/hno_vio_clean/src/hno_vio/results/run_20260625T092005/offline_results
LOG_DIR=/home/sharpa/hno_vio_clean/src/hno_vio/results/run_20260625T092005/offline_results/logs
INPUT_ODOM_CSV=/home/sharpa/hno_vio_clean/src/hno_vio/results/run_20260625T092005/vio_results/odom_raw.csv
INPUT_ODOM_TXT=/home/sharpa/hno_vio_clean/src/hno_vio/results/run_20260625T092005/vio_results/odom_raw.txt
INPUT_BAG=/home/sharpa/hno_vio_clean/src/hno_vio/results/run_20260625T092005/offline_results/rtabmap_input.bag
OUTPUT_BAG=/home/sharpa/hno_vio_clean/src/hno_vio/results/run_20260625T092005/offline_results/rtabmap_output.bag
RTABMAP_DB=/home/sharpa/hno_vio_clean/src/hno_vio/results/run_20260625T092005/offline_results/rtabmap.db

HNO_PKG=/home/sharpa/hno_vio_clean/src/hno_vio
RUN_RTABMAP_DIR=/home/sharpa/hno_vio_clean/src/hno_vio/tools/run_rtabmap
ROS2_WS=/home/sharpa/hno_vio_clean/src/hno_vio/tools/run_rtabmap/ros2_ws
RTABMAP_WS=/home/sharpa/ros2_ws/install
RUN_DIR=/home/sharpa/hno_vio_clean/src/hno_vio/results/run_20260625T092005
VIO_RESULTS_DIR=/home/sharpa/hno_vio_clean/src/hno_vio/results/run_20260625T092005/vio_results
RUN_CONTEXT_JSON=/home/sharpa/hno_vio_clean/src/hno_vio/results/run_20260625T092005/run_context.json
EUROC_MAV0=/home/sharpa/datasets/euroc/ASL/V1_01_easy/mav0
GROUND_TRUTH_TUM=/home/sharpa/hno_vio_clean/src/hno_vio/ground_truth/euroc_mav/V1_01_easy.txt
ODOM_FRAME=odom
BASE_FRAME=base_link
OUT_DIR=/home/sharpa/hno_vio_clean/src/hno_vio/results/run_20260625T092005/offline_results
LOG_DIR=/home/sharpa/hno_vio_clean/src/hno_vio/results/run_20260625T092005/offline_results/logs
INPUT_ODOM_CSV=/home/sharpa/hno_vio_clean/src/hno_vio/results/run_20260625T092005/vio_results/odom_raw.csv
INPUT_ODOM_TXT=/home/sharpa/hno_vio_clean/src/hno_vio/results/run_20260625T092005/vio_results/odom_raw.txt
INPUT_BAG=/home/sharpa/hno_vio_clean/src/hno_vio/results/run_20260625T092005/offline_results/rtabmap_input.bag
OUTPUT_BAG=/home/sharpa/hno_vio_clean/src/hno_vio/results/run_20260625T092005/offline_results/rtabmap_output.bag
RTABMAP_DB=/home/sharpa/hno_vio_clean/src/hno_vio/results/run_20260625T092005/offline_results/rtabmap.db

checks:
run_context.json: ok
odom_raw.csv/txt: ok
EuRoC ASL images/calibration: ok
ground truth TUM: ok
ROS2/RTAB-Map paths: ok
/home/sharpa/.local/bin/evo_ape
/home/sharpa/.local/bin/evo_rpe
/home/sharpa/.local/bin/evo_traj
/usr/bin/colcon
host commands: ok
not found: "/home/sharpa/hno_slam_ws/devel/local_setup.bash"
/home/sharpa/ros2_ws/install/rtabmap_slam
/home/sharpa/ros2_ws/install/rtabmap_sync
python imports: ok
/home/sharpa/hno_vio_clean/src/hno_vio/results/run_20260625T092005/offline_results/logs/odom_check.txt
not found: "/home/sharpa/hno_slam_ws/devel/local_setup.bash"
Starting >>> hno_rtabmap_replay
Finished <<< hno_rtabmap_replay [0.67s]

Summary: 1 package finished [0.86s]
/home/sharpa/hno_vio_clean/src/hno_vio/tools/run_rtabmap/ros2_ws/install/hno_rtabmap_replay
not found: "/home/sharpa/hno_slam_ws/devel/local_setup.bash"
[INFO] [launch]: All log files can be found below /tmp/ros2_logs/2026-06-25-19-40-32-531143-IT26000351-137671
[INFO] [launch]: Default logging verbosity is set to INFO
[INFO] [hno_replay_node-1]: process started with pid [137673]
[hno_replay_node-1] [INFO] [1782387633.046994716] [hno_rtabmap_replay]: T_base_cam0_rect:
[hno_replay_node-1] [[ 0.01632106 -0.99980559  0.01106332 -0.02164015]
[hno_replay_node-1]  [ 0.99971009  0.0165134   0.01752279 -0.06467699]
[hno_replay_node-1]  [-0.01770207  0.01077413  0.99978525  0.00981073]
[hno_replay_node-1]  [ 0.          0.          0.          1.        ]]
[hno_replay_node-1] [INFO] [1782387633.047596016] [hno_rtabmap_replay]: T_base_cam1_rect:
[hno_replay_node-1] [[ 0.01632106 -0.99980559  0.01106332 -0.01984356]
[hno_replay_node-1]  [ 0.99971009  0.0165134   0.01752279  0.04536894]
[hno_replay_node-1]  [-0.01770207  0.01077413  0.99978525  0.00786212]
[hno_replay_node-1]  [ 0.          0.          0.          1.        ]]
[hno_replay_node-1] [INFO] [1782387633.047947690] [hno_rtabmap_replay]: baseline_tf 0.110078 baseline_from_P 0.110078
[hno_replay_node-1] [INFO] [1782387633.048513994] [hno_rtabmap_replay]: Replay ready: 2912 stereo frames, 2290 odom poses
[hno_replay_node-1] [WARN] [1782387633.099437821] [hno_rtabmap_replay]: skip frame 1403715273262142976: nearest odom diff ns=2700000000
[hno_replay_node-1] [WARN] [1782387633.149717485] [hno_rtabmap_replay]: skip frame 1403715273312143104: nearest odom diff ns=2649999872
[hno_replay_node-1] [WARN] [1782387633.199449130] [hno_rtabmap_replay]: skip frame 1403715273362142976: nearest odom diff ns=2600000000
[hno_replay_node-1] [WARN] [1782387633.249670181] [hno_rtabmap_replay]: skip frame 1403715273412143104: nearest odom diff ns=2549999872
[hno_replay_node-1] [WARN] [1782387633.299387857] [hno_rtabmap_replay]: skip frame 1403715273462142976: nearest odom diff ns=2500000000
[hno_replay_node-1] [WARN] [1782387649.349375738] [hno_rtabmap_replay]: skip frame 1403715289512143104: nearest odom diff ns=49999872
[hno_replay_node-1] [WARN] [1782387678.049289746] [hno_rtabmap_replay]: skip frame 1403715318212143104: nearest odom diff ns=49999872
[hno_replay_node-1] [WARN] [1782387697.149817962] [hno_rtabmap_replay]: skip frame 1403715337312143104: nearest odom diff ns=49999872
[hno_replay_node-1] [WARN] [1782387722.899434571] [hno_rtabmap_replay]: skip frame 1403715363062142976: nearest odom diff ns=50000128
[hno_replay_node-1] [WARN] [1782387745.654539991] [hno_rtabmap_replay]: skip frame 1403715385812143104: nearest odom diff ns=49999872
[hno_replay_node-1] [WARN] [1782387770.149674327] [hno_rtabmap_replay]: skip frame 1403715410312143104: nearest odom diff ns=100000000
[hno_replay_node-1] [INFO] [1782387778.698797639] [hno_rtabmap_replay]: Replay finished: published=2290 skipped=622
[INFO] [hno_replay_node-1]: process has finished cleanly [pid 137673]

Files:             rtabmap_input.bag_0.db3
Bag size:          1.5 GiB
Storage id:        sqlite3
Duration:          144.563169905s
Start:             Jun 25 2026 19:40:34.096061233 (1782387634.096061233)
End:               Jun 25 2026 19:42:58.659231138 (1782387778.659231138)
Messages:          16031
Topic information: Topic: /tf_static | Type: tf2_msgs/msg/TFMessage | Count: 1 | Serialization Format: cdr
                   Topic: /tf | Type: tf2_msgs/msg/TFMessage | Count: 2290 | Serialization Format: cdr
                   Topic: /hno_vio/odom | Type: nav_msgs/msg/Odometry | Count: 2290 | Serialization Format: cdr
                   Topic: /clock | Type: rosgraph_msgs/msg/Clock | Count: 2290 | Serialization Format: cdr
                   Topic: /cam1/image_rect | Type: sensor_msgs/msg/Image | Count: 2290 | Serialization Format: cdr
                   Topic: /cam1/camera_info | Type: sensor_msgs/msg/CameraInfo | Count: 2290 | Serialization Format: cdr
                   Topic: /cam0/image_rect | Type: sensor_msgs/msg/Image | Count: 2290 | Serialization Format: cdr
                   Topic: /cam0/camera_info | Type: sensor_msgs/msg/CameraInfo | Count: 2290 | Serialization Format: cdr

not found: "/home/sharpa/hno_slam_ws/devel/local_setup.bash"
stdin is not a terminal device. Keyboard handling disabled.[INFO] [1782387815.607048190] [rosbag2_storage]: Opened database '/home/sharpa/hno_vio_clean/src/hno_vio/results/run_20260625T092005/offline_results/rtabmap_input.bag/rtabmap_input.bag_0.db3' for READ_ONLY.
[INFO] [1782387815.607136099] [rosbag2_player]: Set rate to 1
[INFO] [1782387815.618153799] [rosbag2_player]: Adding keyboard callbacks.
[INFO] [1782387815.618185093] [rosbag2_player]: Press SPACE for Pause/Resume
[INFO] [1782387815.618193964] [rosbag2_player]: Press CURSOR_RIGHT for Play Next Message
[INFO] [1782387815.618201712] [rosbag2_player]: Press CURSOR_UP for Increase Rate 10%
[INFO] [1782387815.618208926] [rosbag2_player]: Press CURSOR_DOWN for Decrease Rate 10%
[INFO] [1782387815.618730718] [rosbag2_storage]: Opened database '/home/sharpa/hno_vio_clean/src/hno_vio/results/run_20260625T092005/offline_results/rtabmap_input.bag/rtabmap_input.bag_0.db3' for READ_ONLY.

Files:             rtabmap_output.bag_0.db3
Bag size:          1.6 GiB
Storage id:        sqlite3
Duration:          154.650018000s
Start:             Jun 25 2026 19:43:33.653155586 (1782387813.653155586)
End:               Jun 25 2026 19:46:08.303173586 (1782387968.303173586)
Messages:          10189
Topic information: Topic: /tf_static | Type: tf2_msgs/msg/TFMessage | Count: 1 | Serialization Format: cdr
                   Topic: /hno_vio/odom | Type: nav_msgs/msg/Odometry | Count: 2290 | Serialization Format: cdr
                   Topic: /tf | Type: tf2_msgs/msg/TFMessage | Count: 5384 | Serialization Format: cdr
                   Topic: /rtabmap/mapData | Type: rtabmap_msgs/msg/MapData | Count: 112 | Serialization Format: cdr
                   Topic: /rtabmap/local_path | Type: nav_msgs/msg/Path | Count: 0 | Serialization Format: cdr
                   Topic: /rtabmap/info | Type: rtabmap_msgs/msg/Info | Count: 112 | Serialization Format: cdr
                   Topic: /rtabmap/global_path | Type: nav_msgs/msg/Path | Count: 0 | Serialization Format: cdr
                   Topic: /rtabmap/rgbd_image | Type: rtabmap_msgs/msg/RGBDImage | Count: 2290 | Serialization Format: cdr

not found: "/home/sharpa/hno_slam_ws/devel/local_setup.bash"
[INFO] [1782388168.815687058] [rosbag2_storage]: Opened database '/home/sharpa/hno_vio_clean/src/hno_vio/results/run_20260625T092005/offline_results/rtabmap_output.bag/rtabmap_output.bag_0.db3' for READ_ONLY.
optimized_tum: /home/sharpa/hno_vio_clean/src/hno_vio/results/run_20260625T092005/offline_results/odom_optimized.txt
report: /home/sharpa/hno_vio_clean/src/hno_vio/results/run_20260625T092005/offline_results/logs/export_report.txt
[INFO] [1782388174.522714573] [rosbag2_storage]: Opened database '/home/sharpa/hno_vio_clean/src/hno_vio/results/run_20260625T092005/offline_results/rtabmap_output.bag/rtabmap_output.bag_0.db3' for READ_ONLY.
[INFO] [1782388178.234053802] [rosbag2_storage]: Opened database '/home/sharpa/hno_vio_clean/src/hno_vio/results/run_20260625T092005/offline_results/rtabmap_output.bag/rtabmap_output.bag_0.db3' for READ_ONLY.
[INFO] [1782388180.569339961] [rosbag2_storage]: Opened database '/home/sharpa/hno_vio_clean/src/hno_vio/results/run_20260625T092005/offline_results/rtabmap_input.bag/rtabmap_input.bag_0.db3' for READ_ONLY.
[INFO] [1782388183.196664487] [rosbag2_storage]: Opened database '/home/sharpa/hno_vio_clean/src/hno_vio/results/run_20260625T092005/offline_results/rtabmap_output.bag/rtabmap_output.bag_0.db3' for READ_ONLY.
/home/sharpa/hno_vio_clean/src/hno_vio/results/run_20260625T092005/offline_results/logs/map_odom_stats.txt
/home/sharpa/hno_vio_clean/src/hno_vio/results/run_20260625T092005/offline_results/logs/rtabmap_graph_stats.txt
/home/sharpa/hno_vio_clean/src/hno_vio/results/run_20260625T092005/offline_results/logs/topic_hz_stats.txt
/home/sharpa/hno_vio_clean/src/hno_vio/results/run_20260625T092005/offline_results/summary.md

completed:
offline results: /home/sharpa/hno_vio_clean/src/hno_vio/results/run_20260625T092005/offline_results
input bag: /home/sharpa/hno_vio_clean/src/hno_vio/results/run_20260625T092005/offline_results/rtabmap_input.bag
output bag: /home/sharpa/hno_vio_clean/src/hno_vio/results/run_20260625T092005/offline_results/rtabmap_output.bag
rtabmap db: /home/sharpa/hno_vio_clean/src/hno_vio/results/run_20260625T092005/offline_results/rtabmap.db
optimized odom: /home/sharpa/hno_vio_clean/src/hno_vio/results/run_20260625T092005/offline_results/odom_optimized.txt
summary: /home/sharpa/hno_vio_clean/src/hno_vio/results/run_20260625T092005/offline_results/summary.md
# RTAB-Map Offline Evaluation

Raw odometry: `/home/sharpa/hno_vio_clean/src/hno_vio/results/run_20260625T092005/vio_results/odom_raw.txt`.
Optimized odometry: `/home/sharpa/hno_vio_clean/src/hno_vio/results/run_20260625T092005/offline_results/odom_optimized.txt`.
Ground truth: `/home/sharpa/hno_vio_clean/src/hno_vio/ground_truth/euroc_mav/V1_01_easy.txt`.

| metric | raw | optimized |
| --- | ---: | ---: |
| ATE RMSE [m] | 0.646145 | 0.402959 |
| ATE mean [m] | 0.575495 | 0.250151 |
| ATE median [m] | 0.535357 | 0.112172 |
| RPE trans RMSE @20 frames (~1s) [m] | 0.134655 | 0.711987 |
| RPE rot RMSE @20 frames (~1s) [deg] | 1.568192 | 12.009329 |
| path length [m] | 61.488284 | 53.199574 |
| optimized/raw path length ratio | 1.000000 | 0.865199 |
| pose count | 2290 | 108 |
| duration [s] | 142.850000 | 142.850000 |
| final raw-vs-optimized position delta [m] | 0.024829 | 0.024829 |
| raw-vs-optimized mean position delta [m] | 3.313446749 | 3.313446749 |
| raw-vs-optimized max position delta [m] | 5.698921907 | 5.698921907 |
| optimized graph pose count | 108 | 108 |

Notes:
- Evaluation uses `evo_ape/evo_rpe --align --correct_scale` for shape comparison.
- `odom_optimized.txt` is exported from `/rtabmap/mapData.graph.poses`.
- The primary RTAB-Map odometry input is TF `odom -> base_link`; `/hno_vio/odom` is recorded for export/debugging.
- RPY plot and CSV apply +-180 degree unwrap correction before visualization.
